Log file open, 01/24/21 17:54:41
LogInit: Display: Running engine for game: DroneShooting
LogPlatformFile: Not using cached read wrapper
LogTaskGraph: Started task graph with 5 named threads and 35 total threads with 3 sets of task threads.
LogStats: Stats thread started at 0.259833
LogD3D11RHI: Loaded GFSDK_Aftermath_Lib.x64.dll
LogICUInternationalization: ICU TimeZone Detection - Raw Offset: -5:00, Platform Override: ''
LogPluginManager: Mounting plugin Paper2D
LogPluginManager: Mounting plugin AISupport
LogPluginManager: Mounting plugin LightPropagationVolume
LogPluginManager: Mounting plugin CameraShakePreviewer
LogPluginManager: Mounting plugin ActorLayerUtilities
LogPluginManager: Mounting plugin AnimationSharing
LogPluginManager: Mounting plugin CLionSourceCodeAccess
LogPluginManager: Mounting plugin CodeLiteSourceCodeAccess
LogPluginManager: Mounting plugin GitSourceControl
LogPluginManager: Mounting plugin KDevelopSourceCodeAccess
LogPluginManager: Mounting plugin NullSourceCodeAccess
LogPluginManager: Mounting plugin PerforceSourceControl
LogPluginManager: Mounting plugin PlasticSourceControl
LogPluginManager: Mounting plugin RiderSourceCodeAccess
LogPluginManager: Mounting plugin SubversionSourceControl
LogPluginManager: Mounting plugin UObjectPlugin
LogPluginManager: Mounting plugin VisualStudioCodeSourceCodeAccess
LogPluginManager: Mounting plugin VisualStudioSourceCodeAccess
LogPluginManager: Mounting plugin XCodeSourceCodeAccess
LogPluginManager: Mounting plugin AssetManagerEditor
LogPluginManager: Mounting plugin CryptoKeys
LogPluginManager: Mounting plugin CurveEditorTools
LogPluginManager: Mounting plugin DataValidation
LogPluginManager: Mounting plugin EditorScriptingUtilities
LogPluginManager: Mounting plugin FacialAnimation
LogPluginManager: Mounting plugin GameplayTagsEditor
LogPluginManager: Mounting plugin GeometryMode
LogPluginManager: Mounting plugin MacGraphicsSwitching
LogPluginManager: Mounting plugin MaterialAnalyzer
LogPluginManager: Mounting plugin MobileLauncherProfileWizard
LogPluginManager: Mounting plugin PluginBrowser
LogPluginManager: Mounting plugin SpeedTreeImporter
LogPluginManager: Mounting plugin DatasmithContent
LogPluginManager: Mounting plugin VariantManagerContent
LogPluginManager: Mounting plugin AlembicImporter
LogPluginManager: Mounting plugin AutomationUtils
LogPluginManager: Mounting plugin BackChannel
LogPluginManager: Mounting plugin ChaosCloth
LogPluginManager: Mounting plugin ChaosClothEditor
LogPluginManager: Mounting plugin ChaosEditor
LogPluginManager: Mounting plugin ChaosNiagara
LogPluginManager: Mounting plugin ChaosSolverPlugin
LogPluginManager: Mounting plugin CharacterAI
LogPluginManager: Mounting plugin GeometryCache
LogPluginManager: Mounting plugin GeometryCollectionPlugin
LogPluginManager: Mounting plugin GeometryProcessing
LogPluginManager: Mounting plugin PlanarCut
LogPluginManager: Mounting plugin PlatformCrypto
LogPluginManager: Mounting plugin ProxyLODPlugin
LogPluginManager: Mounting plugin SkeletalReduction
LogPluginManager: Mounting plugin Niagara
LogPluginManager: Mounting plugin MagicLeap
LogPluginManager: Mounting plugin MagicLeapLightEstimation
LogPluginManager: Mounting plugin MagicLeapMedia
LogPluginManager: Mounting plugin MagicLeapPassableWorld
LogPluginManager: Mounting plugin MLSDK
LogPluginManager: Mounting plugin BlockoutToolsPlugin
LogPluginManager: Mounting plugin AndroidMedia
LogPluginManager: Mounting plugin AvfMedia
LogPluginManager: Mounting plugin ImgMedia
LogPluginManager: Mounting plugin MediaCompositing
LogPluginManager: Mounting plugin MediaPlayerEditor
LogPluginManager: Mounting plugin WebMMedia
LogPluginManager: Mounting plugin WmfMedia
LogPluginManager: Mounting plugin MeshPainting
LogPluginManager: Mounting plugin TcpMessaging
LogPluginManager: Mounting plugin UdpMessaging
LogPluginManager: Mounting plugin ActorSequence
LogPluginManager: Mounting plugin LevelSequenceEditor
LogPluginManager: Mounting plugin MatineeToLevelSequence
LogPluginManager: Mounting plugin MovieRenderPipeline
LogPluginManager: Mounting plugin TemplateSequence
LogPluginManager: Mounting plugin NetcodeUnitTest
LogPluginManager: Mounting plugin NUTUnrealEngine4
LogPluginManager: Mounting plugin OnlineSubsystemGooglePlay
LogPluginManager: Mounting plugin OnlineSubsystemIOS
LogPluginManager: Mounting plugin OnlineSubsystem
LogPluginManager: Mounting plugin OnlineSubsystemNull
LogPluginManager: Mounting plugin OnlineSubsystemUtils
LogPluginManager: Mounting plugin LauncherChunkInstaller
LogPluginManager: Mounting plugin AndroidDeviceProfileSelector
LogPluginManager: Mounting plugin AndroidMoviePlayer
LogPluginManager: Mounting plugin AndroidPermission
LogPluginManager: Mounting plugin AppleImageUtils
LogPluginManager: Mounting plugin AppleMoviePlayer
LogPluginManager: Mounting plugin ArchVisCharacter
LogPluginManager: Mounting plugin AssetTags
LogPluginManager: Mounting plugin AudioCapture
LogPluginManager: Mounting plugin CableComponent
LogPluginManager: Mounting plugin CustomMeshComponent
LogPluginManager: Mounting plugin EditableMesh
LogPluginManager: Mounting plugin ExampleDeviceProfileSelector
LogPluginManager: Mounting plugin GoogleCloudMessaging
LogPluginManager: Mounting plugin GooglePAD
LogPluginManager: Mounting plugin IOSDeviceProfileSelector
LogPluginManager: Mounting plugin LinuxDeviceProfileSelector
LogPluginManager: Mounting plugin LocationServicesBPLibrary
LogPluginManager: Mounting plugin MobilePatchingUtils
LogPluginManager: Mounting plugin OculusVR
LogPluginManager: Mounting plugin PhysXVehicles
LogPluginManager: Mounting plugin PostSplashScreen
LogPluginManager: Mounting plugin ProceduralMeshComponent
LogPluginManager: Mounting plugin RuntimePhysXCooking
LogPluginManager: Mounting plugin SignificanceManager
LogPluginManager: Mounting plugin SoundFields
LogPluginManager: Mounting plugin SteamVR
LogPluginManager: Mounting plugin Synthesis
LogPluginManager: Mounting plugin WebMMoviePlayer
LogPluginManager: Mounting plugin WindowsMoviePlayer
LogPluginManager: Mounting plugin ScreenshotTools
LogInit: Using libcurl 7.55.1-DEV
LogInit:  - built for x86_64-pc-win32
LogInit:  - supports SSL with OpenSSL/1.1.1
LogInit:  - supports HTTP deflate (compression) using libz 1.2.8
LogInit:  - other features:
LogInit:      CURL_VERSION_SSL
LogInit:      CURL_VERSION_LIBZ
LogInit:      CURL_VERSION_IPV6
LogInit:      CURL_VERSION_ASYNCHDNS
LogInit:      CURL_VERSION_LARGEFILE
LogInit:      CURL_VERSION_IDN
LogInit:  CurlRequestOptions (configurable via config and command line):
LogInit:  - bVerifyPeer = true  - Libcurl will verify peer certificate
LogInit:  - bUseHttpProxy = false  - Libcurl will NOT use HTTP proxy
LogInit:  - bDontReuseConnections = false  - Libcurl will reuse connections
LogInit:  - MaxHostConnections = 16  - Libcurl will limit the number of connections to a host
LogInit:  - LocalHostAddr = Default
LogInit:  - BufferSize = 65536
LogOnline: OSS: Creating online subsystem instance for: NULL
LogInit: WinSock: version 1.1 (2.2), MaxSocks=32767, MaxUdp=65467
LogOnline: OSS: TryLoadSubsystemAndSetDefault: Loaded subsystem for module [NULL]
LogInit: Build: ++UE4+Release-4.25-CL-14469661
LogInit: Engine Version: 4.25.4-14469661+++UE4+Release-4.25
LogInit: Compatible Engine Version: 4.25.0-13144385+++UE4+Release-4.25
LogInit: Net CL: 13144385
LogInit: OS: Windows 10 (Release 2009) (), CPU: Intel(R) Core(TM) i7-8750H CPU @ 2.20GHz, GPU: Intel(R) UHD Graphics 630
LogInit: Compiled (64-bit): Oct 11 2020 08:10:49
LogInit: Compiled with Visual C++: 19.24.28315.00
LogInit: Build Configuration: Development
LogInit: Branch Name: ++UE4+Release-4.25
LogInit: Command Line: 
LogInit: Base Directory: D:/Documents/UE_4.25/Engine/Binaries/Win64/
LogInit: Allocator: TBB
LogInit: Installed Engine Build: 1
LogDevObjectVersion: Number of dev versions registered: 26
LogDevObjectVersion:   Dev-Blueprints (B0D832E4-1F89-4F0D-ACCF-7EB736FD4AA2): 10
LogDevObjectVersion:   Dev-Build (E1C64328-A22C-4D53-A36C-8E866417BD8C): 0
LogDevObjectVersion:   Dev-Core (375EC13C-06E4-48FB-B500-84F0262A717E): 4
LogDevObjectVersion:   Dev-Editor (E4B068ED-F494-42E9-A231-DA0B2E46BB41): 38
LogDevObjectVersion:   Dev-Framework (CFFC743F-43B0-4480-9391-14DF171D2073): 37
LogDevObjectVersion:   Dev-Mobile (B02B49B5-BB20-44E9-A304-32B752E40360): 2
LogDevObjectVersion:   Dev-Networking (A4E4105C-59A1-49B5-A7C5-40C4547EDFEE): 0
LogDevObjectVersion:   Dev-Online (39C831C9-5AE6-47DC-9A44-9C173E1C8E7C): 0
LogDevObjectVersion:   Dev-Physics (78F01B33-EBEA-4F98-B9B4-84EACCB95AA2): 4
LogDevObjectVersion:   Dev-Platform (6631380F-2D4D-43E0-8009-CF276956A95A): 0
LogDevObjectVersion:   Dev-Rendering (12F88B9F-8875-4AFC-A67C-D90C383ABD29): 43
LogDevObjectVersion:   Dev-Sequencer (7B5AE74C-D270-4C10-A958-57980B212A5A): 12
LogDevObjectVersion:   Dev-VR (D7296918-1DD6-4BDD-9DE2-64A83CC13884): 3
LogDevObjectVersion:   Dev-LoadTimes (C2A15278-BFE7-4AFE-6C17-90FF531DF755): 1
LogDevObjectVersion:   Private-Geometry (6EACA3D4-40EC-4CC1-B786-8BED09428FC5): 3
LogDevObjectVersion:   Dev-AnimPhys (29E575DD-E0A3-4627-9D10-D276232CDCEA): 17
LogDevObjectVersion:   Dev-Anim (AF43A65D-7FD3-4947-9873-3E8ED9C1BB05): 7
LogDevObjectVersion:   Dev-ReflectionCapture (6B266CEC-1EC7-4B8F-A30B-E4D90942FC07): 1
LogDevObjectVersion:   Dev-Automation (0DF73D61-A23F-47EA-B727-89E90C41499A): 1
LogDevObjectVersion:   FortniteMain (601D1886-AC64-4F84-AA16-D3DE0DEAC7D6): 31
LogDevObjectVersion:   Dev-Enterprise (9DFFBCD6-494F-0158-E221-12823C92A888): 10
LogDevObjectVersion:   Dev-Niagara (F2AED0AC-9AFE-416F-8664-AA7FFA26D6FC): 1
LogDevObjectVersion:   Dev-Destruction (174F1F0B-B4C6-45A5-B13F-2EE8D0FB917D): 10
LogDevObjectVersion:   Dev-Physics-Ext (35F94A83-E258-406C-A318-09F59610247C): 37
LogDevObjectVersion:   Dev-PhysicsMaterial-Chaos (B68FC16E-8B1B-42E2-B453-215C058844FE): 1
LogDevObjectVersion:   Dev-CineCamera (B2E18506-4273-CFC2-A54E-F4BB758BBA07): 1
LogInit: Presizing for max 25165824 objects, including 0 objects not considered by GC, pre-allocating 0 bytes for permanent pool.
LogConfig: Applying CVar settings from Section [/Script/Engine.StreamingSettings] File [D:/Documents/GameDesign/ue4-ml.drone.shooting/DroneShooting/Saved/Config/Windows/Engine.ini]
LogConfig: Setting CVar [[s.MinBulkDataSizeForAsyncLoading:131072]]
LogConfig: Setting CVar [[s.AsyncLoadingThreadEnabled:0]]
LogConfig: Setting CVar [[s.EventDrivenLoaderEnabled:1]]
LogConfig: Setting CVar [[s.WarnIfTimeLimitExceeded:0]]
LogConfig: Setting CVar [[s.TimeLimitExceededMultiplier:1.5]]
LogConfig: Setting CVar [[s.TimeLimitExceededMinTime:0.005]]
LogConfig: Setting CVar [[s.UseBackgroundLevelStreaming:1]]
LogConfig: Setting CVar [[s.PriorityAsyncLoadingExtraTime:15.0]]
LogConfig: Setting CVar [[s.LevelStreamingActorsUpdateTimeLimit:5.0]]
LogConfig: Setting CVar [[s.PriorityLevelStreamingActorsUpdateExtraTime:5.0]]
LogConfig: Setting CVar [[s.LevelStreamingComponentsRegistrationGranularity:10]]
LogConfig: Setting CVar [[s.UnregisterComponentsTimeLimit:1.0]]
LogConfig: Setting CVar [[s.LevelStreamingComponentsUnregistrationGranularity:5]]
LogConfig: Setting CVar [[s.FlushStreamingOnExit:1]]
LogInit: Object subsystem initialized
LogConfig: Setting CVar [[con.DebugEarlyDefault:1]]
LogConfig: Setting CVar [[r.setres:1280x720]]
[2021.01.24-22.54.41:870][  0]LogConfig: Setting CVar [[r.VSync:0]]
[2021.01.24-22.54.41:870][  0]LogConfig: Setting CVar [[r.RHICmdBypass:0]]
[2021.01.24-22.54.41:870][  0]LogConfig: Applying CVar settings from Section [/Script/Engine.RendererSettings] File [D:/Documents/GameDesign/ue4-ml.drone.shooting/DroneShooting/Saved/Config/Windows/Engine.ini]
[2021.01.24-22.54.41:870][  0]LogConfig: Setting CVar [[r.GPUCrashDebugging:0]]
[2021.01.24-22.54.41:870][  0]LogConfig: Applying CVar settings from Section [/Script/Engine.RendererOverrideSettings] File [D:/Documents/GameDesign/ue4-ml.drone.shooting/DroneShooting/Saved/Config/Windows/Engine.ini]
[2021.01.24-22.54.41:870][  0]LogConfig: Applying CVar settings from Section [/Script/Engine.StreamingSettings] File [D:/Documents/GameDesign/ue4-ml.drone.shooting/DroneShooting/Saved/Config/Windows/Engine.ini]
[2021.01.24-22.54.41:870][  0]LogConfig: Setting CVar [[s.MinBulkDataSizeForAsyncLoading:131072]]
[2021.01.24-22.54.41:870][  0]LogConfig: Setting CVar [[s.AsyncLoadingThreadEnabled:0]]
[2021.01.24-22.54.41:870][  0]LogConfig: Setting CVar [[s.EventDrivenLoaderEnabled:1]]
[2021.01.24-22.54.41:870][  0]LogConfig: Setting CVar [[s.WarnIfTimeLimitExceeded:0]]
[2021.01.24-22.54.41:870][  0]LogConfig: Setting CVar [[s.TimeLimitExceededMultiplier:1.5]]
[2021.01.24-22.54.41:870][  0]LogConfig: Setting CVar [[s.TimeLimitExceededMinTime:0.005]]
[2021.01.24-22.54.41:870][  0]LogConfig: Setting CVar [[s.UseBackgroundLevelStreaming:1]]
[2021.01.24-22.54.41:870][  0]LogConfig: Setting CVar [[s.PriorityAsyncLoadingExtraTime:15.0]]
[2021.01.24-22.54.41:870][  0]LogConfig: Setting CVar [[s.LevelStreamingActorsUpdateTimeLimit:5.0]]
[2021.01.24-22.54.41:870][  0]LogConfig: Setting CVar [[s.PriorityLevelStreamingActorsUpdateExtraTime:5.0]]
[2021.01.24-22.54.41:870][  0]LogConfig: Setting CVar [[s.LevelStreamingComponentsRegistrationGranularity:10]]
[2021.01.24-22.54.41:870][  0]LogConfig: Setting CVar [[s.UnregisterComponentsTimeLimit:1.0]]
[2021.01.24-22.54.41:870][  0]LogConfig: Setting CVar [[s.LevelStreamingComponentsUnregistrationGranularity:5]]
[2021.01.24-22.54.41:870][  0]LogConfig: Setting CVar [[s.FlushStreamingOnExit:1]]
[2021.01.24-22.54.41:870][  0]LogConfig: Applying CVar settings from Section [/Script/Engine.GarbageCollectionSettings] File [D:/Documents/GameDesign/ue4-ml.drone.shooting/DroneShooting/Saved/Config/Windows/Engine.ini]
[2021.01.24-22.54.41:870][  0]LogConfig: Setting CVar [[gc.MaxObjectsNotConsideredByGC:1]]
[2021.01.24-22.54.41:870][  0]LogConfig: Setting CVar [[gc.SizeOfPermanentObjectPool:0]]
[2021.01.24-22.54.41:870][  0]LogConfig: Setting CVar [[gc.FlushStreamingOnGC:0]]
[2021.01.24-22.54.41:870][  0]LogConfig: Setting CVar [[gc.NumRetriesBeforeForcingGC:10]]
[2021.01.24-22.54.41:870][  0]LogConfig: Setting CVar [[gc.AllowParallelGC:1]]
[2021.01.24-22.54.41:870][  0]LogConfig: Setting CVar [[gc.TimeBetweenPurgingPendingKillObjects:61.1]]
[2021.01.24-22.54.41:870][  0]LogConfig: Setting CVar [[gc.MaxObjectsInEditor:25165824]]
[2021.01.24-22.54.41:870][  0]LogConfig: Setting CVar [[gc.IncrementalBeginDestroyEnabled:1]]
[2021.01.24-22.54.41:870][  0]LogConfig: Setting CVar [[gc.CreateGCClusters:1]]
[2021.01.24-22.54.41:870][  0]LogConfig: Setting CVar [[gc.MinGCClusterSize:5]]
[2021.01.24-22.54.41:870][  0]LogConfig: Setting CVar [[gc.ActorClusteringEnabled:0]]
[2021.01.24-22.54.41:870][  0]LogConfig: Setting CVar [[gc.BlueprintClusteringEnabled:0]]
[2021.01.24-22.54.41:870][  0]LogConfig: Setting CVar [[gc.UseDisregardForGCOnDedicatedServers:0]]
[2021.01.24-22.54.41:871][  0]LogConfig: Applying CVar settings from Section [/Script/Engine.NetworkSettings] File [D:/Documents/GameDesign/ue4-ml.drone.shooting/DroneShooting/Saved/Config/Windows/Engine.ini]
[2021.01.24-22.54.41:871][  0]LogConfig: Applying CVar settings from Section [/Script/UnrealEd.CookerSettings] File [D:/Documents/GameDesign/ue4-ml.drone.shooting/DroneShooting/Saved/Config/Windows/Engine.ini]
[2021.01.24-22.54.41:880][  0]LogConfig: Applying CVar settings from Section [ViewDistanceQuality@3] File [D:/Documents/GameDesign/ue4-ml.drone.shooting/DroneShooting/Saved/Config/Windows/Scalability.ini]
[2021.01.24-22.54.41:880][  0]LogConfig: Setting CVar [[r.SkeletalMeshLODBias:0]]
[2021.01.24-22.54.41:880][  0]LogConfig: Setting CVar [[r.ViewDistanceScale:1.0]]
[2021.01.24-22.54.41:880][  0]LogConfig: Applying CVar settings from Section [AntiAliasingQuality@3] File [D:/Documents/GameDesign/ue4-ml.drone.shooting/DroneShooting/Saved/Config/Windows/Scalability.ini]
[2021.01.24-22.54.41:880][  0]LogConfig: Setting CVar [[r.PostProcessAAQuality:4]]
[2021.01.24-22.54.41:880][  0]LogConfig: Applying CVar settings from Section [ShadowQuality@3] File [D:/Documents/GameDesign/ue4-ml.drone.shooting/DroneShooting/Saved/Config/Windows/Scalability.ini]
[2021.01.24-22.54.41:880][  0]LogConfig: Setting CVar [[r.LightFunctionQuality:1]]
[2021.01.24-22.54.41:880][  0]LogConfig: Setting CVar [[r.ShadowQuality:5]]
[2021.01.24-22.54.41:880][  0]LogConfig: Setting CVar [[r.Shadow.CSM.MaxCascades:10]]
[2021.01.24-22.54.41:880][  0]LogConfig: Setting CVar [[r.Shadow.MaxResolution:2048]]
[2021.01.24-22.54.41:880][  0]LogConfig: Setting CVar [[r.Shadow.MaxCSMResolution:2048]]
[2021.01.24-22.54.41:880][  0]LogConfig: Setting CVar [[r.Shadow.RadiusThreshold:0.01]]
[2021.01.24-22.54.41:880][  0]LogConfig: Setting CVar [[r.Shadow.DistanceScale:1.0]]
[2021.01.24-22.54.41:880][  0]LogConfig: Setting CVar [[r.Shadow.CSM.TransitionScale:1.0]]
[2021.01.24-22.54.41:880][  0]LogConfig: Setting CVar [[r.Shadow.PreShadowResolutionFactor:1.0]]
[2021.01.24-22.54.41:880][  0]LogConfig: Setting CVar [[r.DistanceFieldShadowing:1]]
[2021.01.24-22.54.41:880][  0]LogConfig: Setting CVar [[r.DistanceFieldAO:1]]
[2021.01.24-22.54.41:880][  0]LogConfig: Setting CVar [[r.AOQuality:2]]
[2021.01.24-22.54.41:880][  0]LogConfig: Setting CVar [[r.VolumetricFog:1]]
[2021.01.24-22.54.41:880][  0]LogConfig: Setting CVar [[r.VolumetricFog.GridPixelSize:8]]
[2021.01.24-22.54.41:880][  0]LogConfig: Setting CVar [[r.VolumetricFog.GridSizeZ:128]]
[2021.01.24-22.54.41:880][  0]LogConfig: Setting CVar [[r.VolumetricFog.HistoryMissSupersampleCount:4]]
[2021.01.24-22.54.41:880][  0]LogConfig: Setting CVar [[r.LightMaxDrawDistanceScale:1]]
[2021.01.24-22.54.41:880][  0]LogConfig: Setting CVar [[r.CapsuleShadows:1]]
[2021.01.24-22.54.41:880][  0]LogConfig: Applying CVar settings from Section [PostProcessQuality@3] File [D:/Documents/GameDesign/ue4-ml.drone.shooting/DroneShooting/Saved/Config/Windows/Scalability.ini]
[2021.01.24-22.54.41:880][  0]LogConfig: Setting CVar [[r.MotionBlurQuality:4]]
[2021.01.24-22.54.41:880][  0]LogConfig: Setting CVar [[r.AmbientOcclusionMipLevelFactor:0.4]]
[2021.01.24-22.54.41:880][  0]LogConfig: Setting CVar [[r.AmbientOcclusionMaxQuality:100]]
[2021.01.24-22.54.41:880][  0]LogConfig: Setting CVar [[r.AmbientOcclusionLevels:-1]]
[2021.01.24-22.54.41:880][  0]LogConfig: Setting CVar [[r.AmbientOcclusionRadiusScale:1.0]]
[2021.01.24-22.54.41:880][  0]LogConfig: Setting CVar [[r.DepthOfFieldQuality:2]]
[2021.01.24-22.54.41:880][  0]LogConfig: Setting CVar [[r.RenderTargetPoolMin:400]]
[2021.01.24-22.54.41:880][  0]LogConfig: Setting CVar [[r.LensFlareQuality:2]]
[2021.01.24-22.54.41:880][  0]LogConfig: Setting CVar [[r.SceneColorFringeQuality:1]]
[2021.01.24-22.54.41:880][  0]LogConfig: Setting CVar [[r.EyeAdaptationQuality:2]]
[2021.01.24-22.54.41:880][  0]LogConfig: Setting CVar [[r.BloomQuality:5]]
[2021.01.24-22.54.41:880][  0]LogConfig: Setting CVar [[r.FastBlurThreshold:100]]
[2021.01.24-22.54.41:880][  0]LogConfig: Setting CVar [[r.Upscale.Quality:3]]
[2021.01.24-22.54.41:880][  0]LogConfig: Setting CVar [[r.Tonemapper.GrainQuantization:1]]
[2021.01.24-22.54.41:880][  0]LogConfig: Setting CVar [[r.LightShaftQuality:1]]
[2021.01.24-22.54.41:880][  0]LogConfig: Setting CVar [[r.Filter.SizeScale:1]]
[2021.01.24-22.54.41:880][  0]LogConfig: Setting CVar [[r.Tonemapper.Quality:5]]
[2021.01.24-22.54.41:880][  0]LogConfig: Setting CVar [[r.DOF.Gather.AccumulatorQuality:1        ; higher gathering accumulator quality]]
[2021.01.24-22.54.41:880][  0]LogConfig: Setting CVar [[r.DOF.Gather.PostfilterMethod:1          ; Median3x3 postfilering method]]
[2021.01.24-22.54.41:880][  0]LogConfig: Setting CVar [[r.DOF.Gather.EnableBokehSettings:0       ; no bokeh simulation when gathering]]
[2021.01.24-22.54.41:880][  0]LogConfig: Setting CVar [[r.DOF.Gather.RingCount:4                 ; medium number of samples when gathering]]
[2021.01.24-22.54.41:880][  0]LogConfig: Setting CVar [[r.DOF.Scatter.ForegroundCompositing:1    ; additive foreground scattering]]
[2021.01.24-22.54.41:880][  0]LogConfig: Setting CVar [[r.DOF.Scatter.BackgroundCompositing:2    ; additive background scattering]]
[2021.01.24-22.54.41:880][  0]LogConfig: Setting CVar [[r.DOF.Scatter.EnableBokehSettings:1      ; bokeh simulation when scattering]]
[2021.01.24-22.54.41:880][  0]LogConfig: Setting CVar [[r.DOF.Scatter.MaxSpriteRatio:0.1         ; only a maximum of 10% of scattered bokeh]]
[2021.01.24-22.54.41:880][  0]LogConfig: Setting CVar [[r.DOF.Recombine.Quality:1                ; cheap slight out of focus]]
[2021.01.24-22.54.41:880][  0]LogConfig: Setting CVar [[r.DOF.Recombine.EnableBokehSettings:0    ; no bokeh simulation on slight out of focus]]
[2021.01.24-22.54.41:880][  0]LogConfig: Setting CVar [[r.DOF.TemporalAAQuality:1                ; more stable temporal accumulation]]
[2021.01.24-22.54.41:880][  0]LogConfig: Setting CVar [[r.DOF.Kernel.MaxForegroundRadius:0.025]]
[2021.01.24-22.54.41:880][  0]LogConfig: Setting CVar [[r.DOF.Kernel.MaxBackgroundRadius:0.025]]
[2021.01.24-22.54.41:881][  0]LogConfig: Applying CVar settings from Section [TextureQuality@3] File [D:/Documents/GameDesign/ue4-ml.drone.shooting/DroneShooting/Saved/Config/Windows/Scalability.ini]
[2021.01.24-22.54.41:881][  0]LogConfig: Setting CVar [[r.Streaming.MipBias:0]]
[2021.01.24-22.54.41:881][  0]LogConfig: Setting CVar [[r.Streaming.AmortizeCPUToGPUCopy:0]]
[2021.01.24-22.54.41:881][  0]LogConfig: Setting CVar [[r.Streaming.MaxNumTexturesToStreamPerFrame:0]]
[2021.01.24-22.54.41:881][  0]LogConfig: Setting CVar [[r.Streaming.Boost:1]]
[2021.01.24-22.54.41:881][  0]LogConfig: Setting CVar [[r.MaxAnisotropy:8]]
[2021.01.24-22.54.41:881][  0]LogConfig: Setting CVar [[r.VT.MaxAnisotropy:8]]
[2021.01.24-22.54.41:881][  0]LogConfig: Setting CVar [[r.Streaming.LimitPoolSizeToVRAM:0]]
[2021.01.24-22.54.41:881][  0]LogConfig: Setting CVar [[r.Streaming.PoolSize:1000]]
[2021.01.24-22.54.41:881][  0]LogConfig: Setting CVar [[r.Streaming.MaxEffectiveScreenSize:0]]
[2021.01.24-22.54.41:881][  0]LogConfig: Applying CVar settings from Section [EffectsQuality@3] File [D:/Documents/GameDesign/ue4-ml.drone.shooting/DroneShooting/Saved/Config/Windows/Scalability.ini]
[2021.01.24-22.54.41:881][  0]LogConfig: Setting CVar [[r.TranslucencyLightingVolumeDim:64]]
[2021.01.24-22.54.41:881][  0]LogConfig: Setting CVar [[r.RefractionQuality:2]]
[2021.01.24-22.54.41:881][  0]LogConfig: Setting CVar [[r.SSR.Quality:3]]
[2021.01.24-22.54.41:881][  0]LogConfig: Setting CVar [[r.SSR.HalfResSceneColor:0]]
[2021.01.24-22.54.41:881][  0]LogConfig: Setting CVar [[r.SceneColorFormat:4]]
[2021.01.24-22.54.41:881][  0]LogConfig: Setting CVar [[r.DetailMode:2]]
[2021.01.24-22.54.41:881][  0]LogConfig: Setting CVar [[r.TranslucencyVolumeBlur:1]]
[2021.01.24-22.54.41:881][  0]LogConfig: Setting CVar [[r.MaterialQualityLevel:1 ; High quality]]
[2021.01.24-22.54.41:881][  0]LogConfig: Setting CVar [[r.SSS.Scale:1]]
[2021.01.24-22.54.41:881][  0]LogConfig: Setting CVar [[r.SSS.SampleSet:2]]
[2021.01.24-22.54.41:881][  0]LogConfig: Setting CVar [[r.SSS.Quality:1]]
[2021.01.24-22.54.41:881][  0]LogConfig: Setting CVar [[r.SSS.HalfRes:0]]
[2021.01.24-22.54.41:881][  0]LogConfig: Setting CVar [[r.SSGI.Quality:3]]
[2021.01.24-22.54.41:881][  0]LogConfig: Setting CVar [[r.EmitterSpawnRateScale:1.0]]
[2021.01.24-22.54.41:881][  0]LogConfig: Setting CVar [[r.ParticleLightQuality:2]]
[2021.01.24-22.54.41:881][  0]LogConfig: Setting CVar [[r.SkyAtmosphere.AerialPerspectiveLUT.FastApplyOnOpaque:1 ; Always have FastSkyLUT 1 in this case to avoid wrong sky]]
[2021.01.24-22.54.41:881][  0]LogConfig: Setting CVar [[r.SkyAtmosphere.AerialPerspectiveLUT.SampleCountPerSlice:1]]
[2021.01.24-22.54.41:881][  0]LogConfig: Setting CVar [[r.SkyAtmosphere.AerialPerspectiveLUT.DepthResolution:16.0]]
[2021.01.24-22.54.41:881][  0]LogConfig: Setting CVar [[r.SkyAtmosphere.FastSkyLUT:1]]
[2021.01.24-22.54.41:881][  0]LogConfig: Setting CVar [[r.SkyAtmosphere.FastSkyLUT.SampleCountMin:4.0]]
[2021.01.24-22.54.41:881][  0]LogConfig: Setting CVar [[r.SkyAtmosphere.FastSkyLUT.SampleCountMax:32.0]]
[2021.01.24-22.54.41:881][  0]LogConfig: Setting CVar [[r.SkyAtmosphere.SampleCountMin:4.0]]
[2021.01.24-22.54.41:881][  0]LogConfig: Setting CVar [[r.SkyAtmosphere.SampleCountMax:32.0]]
[2021.01.24-22.54.41:881][  0]LogConfig: Setting CVar [[r.SkyAtmosphere.TransmittanceLUT.UseSmallFormat:0]]
[2021.01.24-22.54.41:881][  0]LogConfig: Setting CVar [[r.SkyAtmosphere.TransmittanceLUT.SampleCount:10.0]]
[2021.01.24-22.54.41:881][  0]LogConfig: Setting CVar [[r.SkyAtmosphere.MultiScatteringLUT.SampleCount:15.0]]
[2021.01.24-22.54.41:881][  0]LogConfig: Applying CVar settings from Section [FoliageQuality@3] File [D:/Documents/GameDesign/ue4-ml.drone.shooting/DroneShooting/Saved/Config/Windows/Scalability.ini]
[2021.01.24-22.54.41:881][  0]LogConfig: Setting CVar [[foliage.DensityScale:1.0]]
[2021.01.24-22.54.41:881][  0]LogConfig: Setting CVar [[grass.DensityScale:1.0]]
[2021.01.24-22.54.41:881][  0]LogConfig: Applying CVar settings from Section [ShadingQuality@3] File [D:/Documents/GameDesign/ue4-ml.drone.shooting/DroneShooting/Saved/Config/Windows/Scalability.ini]
[2021.01.24-22.54.41:881][  0]LogConfig: Setting CVar [[r.HairStrands.SkyLighting.SampleCount:16]]
[2021.01.24-22.54.41:881][  0]LogConfig: Setting CVar [[r.HairStrands.SkyLighting.JitterIntegration:0]]
[2021.01.24-22.54.41:881][  0]LogConfig: Setting CVar [[r.HairStrands.SkyAO.SampleCount:16]]
[2021.01.24-22.54.41:881][  0]LogConfig: Setting CVar [[r.HairStrands.DeepShadow.SuperSampling:0]]
[2021.01.24-22.54.41:881][  0]LogConfig: Setting CVar [[r.HairStrands.VisibilityPPLL:0]]
[2021.01.24-22.54.41:881][  0]LogConfig: Setting CVar [[r.HairStrands.RasterizationScale:0.5]]
[2021.01.24-22.54.41:881][  0]LogConfig: Setting CVar [[r.HairStrands.VelocityRasterizationScale:1]]
[2021.01.24-22.54.41:881][  0]LogInit: Selected Device Profile: [Windows]
[2021.01.24-22.54.41:881][  0]LogInit: Applying CVar settings loaded from the selected device profile: [Windows]
[2021.01.24-22.54.41:881][  0]LogHAL: Display: Platform has ~ 16 GB [17023823872 / 17179869184 / 16], which maps to Larger [LargestMinGB=32, LargerMinGB=12, DefaultMinGB=8, SmallerMinGB=6, SmallestMinGB=0)
[2021.01.24-22.54.41:881][  0]LogInit: Going up to parent DeviceProfile []
[2021.01.24-22.54.41:881][  0]LogConfig: Applying CVar settings from Section [ViewDistanceQuality@3] File [D:/Documents/GameDesign/ue4-ml.drone.shooting/DroneShooting/Saved/Config/Windows/Scalability.ini]
[2021.01.24-22.54.41:882][  0]LogConfig: Setting CVar [[r.SkeletalMeshLODBias:0]]
[2021.01.24-22.54.41:882][  0]LogConfig: Setting CVar [[r.ViewDistanceScale:1.0]]
[2021.01.24-22.54.41:882][  0]LogConfig: Applying CVar settings from Section [AntiAliasingQuality@3] File [D:/Documents/GameDesign/ue4-ml.drone.shooting/DroneShooting/Saved/Config/Windows/Scalability.ini]
[2021.01.24-22.54.41:882][  0]LogConfig: Setting CVar [[r.PostProcessAAQuality:4]]
[2021.01.24-22.54.41:882][  0]LogConfig: Applying CVar settings from Section [ShadowQuality@3] File [D:/Documents/GameDesign/ue4-ml.drone.shooting/DroneShooting/Saved/Config/Windows/Scalability.ini]
[2021.01.24-22.54.41:882][  0]LogConfig: Setting CVar [[r.LightFunctionQuality:1]]
[2021.01.24-22.54.41:882][  0]LogConfig: Setting CVar [[r.ShadowQuality:5]]
[2021.01.24-22.54.41:882][  0]LogConfig: Setting CVar [[r.Shadow.CSM.MaxCascades:10]]
[2021.01.24-22.54.41:882][  0]LogConfig: Setting CVar [[r.Shadow.MaxResolution:2048]]
[2021.01.24-22.54.41:882][  0]LogConfig: Setting CVar [[r.Shadow.MaxCSMResolution:2048]]
[2021.01.24-22.54.41:882][  0]LogConfig: Setting CVar [[r.Shadow.RadiusThreshold:0.01]]
[2021.01.24-22.54.41:882][  0]LogConfig: Setting CVar [[r.Shadow.DistanceScale:1.0]]
[2021.01.24-22.54.41:882][  0]LogConfig: Setting CVar [[r.Shadow.CSM.TransitionScale:1.0]]
[2021.01.24-22.54.41:882][  0]LogConfig: Setting CVar [[r.Shadow.PreShadowResolutionFactor:1.0]]
[2021.01.24-22.54.41:882][  0]LogConfig: Setting CVar [[r.DistanceFieldShadowing:1]]
[2021.01.24-22.54.41:882][  0]LogConfig: Setting CVar [[r.DistanceFieldAO:1]]
[2021.01.24-22.54.41:882][  0]LogConfig: Setting CVar [[r.AOQuality:2]]
[2021.01.24-22.54.41:882][  0]LogConfig: Setting CVar [[r.VolumetricFog:1]]
[2021.01.24-22.54.41:882][  0]LogConfig: Setting CVar [[r.VolumetricFog.GridPixelSize:8]]
[2021.01.24-22.54.41:882][  0]LogConfig: Setting CVar [[r.VolumetricFog.GridSizeZ:128]]
[2021.01.24-22.54.41:882][  0]LogConfig: Setting CVar [[r.VolumetricFog.HistoryMissSupersampleCount:4]]
[2021.01.24-22.54.41:882][  0]LogConfig: Setting CVar [[r.LightMaxDrawDistanceScale:1]]
[2021.01.24-22.54.41:882][  0]LogConfig: Setting CVar [[r.CapsuleShadows:1]]
[2021.01.24-22.54.41:882][  0]LogConfig: Applying CVar settings from Section [PostProcessQuality@3] File [D:/Documents/GameDesign/ue4-ml.drone.shooting/DroneShooting/Saved/Config/Windows/Scalability.ini]
[2021.01.24-22.54.41:882][  0]LogConfig: Setting CVar [[r.MotionBlurQuality:4]]
[2021.01.24-22.54.41:882][  0]LogConfig: Setting CVar [[r.AmbientOcclusionMipLevelFactor:0.4]]
[2021.01.24-22.54.41:882][  0]LogConfig: Setting CVar [[r.AmbientOcclusionMaxQuality:100]]
[2021.01.24-22.54.41:882][  0]LogConfig: Setting CVar [[r.AmbientOcclusionLevels:-1]]
[2021.01.24-22.54.41:882][  0]LogConfig: Setting CVar [[r.AmbientOcclusionRadiusScale:1.0]]
[2021.01.24-22.54.41:882][  0]LogConfig: Setting CVar [[r.DepthOfFieldQuality:2]]
[2021.01.24-22.54.41:882][  0]LogConfig: Setting CVar [[r.RenderTargetPoolMin:400]]
[2021.01.24-22.54.41:882][  0]LogConfig: Setting CVar [[r.LensFlareQuality:2]]
[2021.01.24-22.54.41:882][  0]LogConfig: Setting CVar [[r.SceneColorFringeQuality:1]]
[2021.01.24-22.54.41:882][  0]LogConfig: Setting CVar [[r.EyeAdaptationQuality:2]]
[2021.01.24-22.54.41:882][  0]LogConfig: Setting CVar [[r.BloomQuality:5]]
[2021.01.24-22.54.41:882][  0]LogConfig: Setting CVar [[r.FastBlurThreshold:100]]
[2021.01.24-22.54.41:882][  0]LogConfig: Setting CVar [[r.Upscale.Quality:3]]
[2021.01.24-22.54.41:882][  0]LogConfig: Setting CVar [[r.Tonemapper.GrainQuantization:1]]
[2021.01.24-22.54.41:882][  0]LogConfig: Setting CVar [[r.LightShaftQuality:1]]
[2021.01.24-22.54.41:882][  0]LogConfig: Setting CVar [[r.Filter.SizeScale:1]]
[2021.01.24-22.54.41:882][  0]LogConfig: Setting CVar [[r.Tonemapper.Quality:5]]
[2021.01.24-22.54.41:882][  0]LogConfig: Setting CVar [[r.DOF.Gather.AccumulatorQuality:1        ; higher gathering accumulator quality]]
[2021.01.24-22.54.41:882][  0]LogConfig: Setting CVar [[r.DOF.Gather.PostfilterMethod:1          ; Median3x3 postfilering method]]
[2021.01.24-22.54.41:882][  0]LogConfig: Setting CVar [[r.DOF.Gather.EnableBokehSettings:0       ; no bokeh simulation when gathering]]
[2021.01.24-22.54.41:892][  0]LogConfig: Setting CVar [[r.DOF.Gather.RingCount:4                 ; medium number of samples when gathering]]
[2021.01.24-22.54.41:892][  0]LogConfig: Setting CVar [[r.DOF.Scatter.ForegroundCompositing:1    ; additive foreground scattering]]
[2021.01.24-22.54.41:892][  0]LogConfig: Setting CVar [[r.DOF.Scatter.BackgroundCompositing:2    ; additive background scattering]]
[2021.01.24-22.54.41:892][  0]LogConfig: Setting CVar [[r.DOF.Scatter.EnableBokehSettings:1      ; bokeh simulation when scattering]]
[2021.01.24-22.54.41:892][  0]LogConfig: Setting CVar [[r.DOF.Scatter.MaxSpriteRatio:0.1         ; only a maximum of 10% of scattered bokeh]]
[2021.01.24-22.54.41:892][  0]LogConfig: Setting CVar [[r.DOF.Recombine.Quality:1                ; cheap slight out of focus]]
[2021.01.24-22.54.41:892][  0]LogConfig: Setting CVar [[r.DOF.Recombine.EnableBokehSettings:0    ; no bokeh simulation on slight out of focus]]
[2021.01.24-22.54.41:892][  0]LogConfig: Setting CVar [[r.DOF.TemporalAAQuality:1                ; more stable temporal accumulation]]
[2021.01.24-22.54.41:892][  0]LogConfig: Setting CVar [[r.DOF.Kernel.MaxForegroundRadius:0.025]]
[2021.01.24-22.54.41:892][  0]LogConfig: Setting CVar [[r.DOF.Kernel.MaxBackgroundRadius:0.025]]
[2021.01.24-22.54.41:892][  0]LogConfig: Applying CVar settings from Section [TextureQuality@3] File [D:/Documents/GameDesign/ue4-ml.drone.shooting/DroneShooting/Saved/Config/Windows/Scalability.ini]
[2021.01.24-22.54.41:892][  0]LogConfig: Setting CVar [[r.Streaming.MipBias:0]]
[2021.01.24-22.54.41:892][  0]LogConfig: Setting CVar [[r.Streaming.AmortizeCPUToGPUCopy:0]]
[2021.01.24-22.54.41:892][  0]LogConfig: Setting CVar [[r.Streaming.MaxNumTexturesToStreamPerFrame:0]]
[2021.01.24-22.54.41:892][  0]LogConfig: Setting CVar [[r.Streaming.Boost:1]]
[2021.01.24-22.54.41:892][  0]LogConfig: Setting CVar [[r.MaxAnisotropy:8]]
[2021.01.24-22.54.41:892][  0]LogConfig: Setting CVar [[r.VT.MaxAnisotropy:8]]
[2021.01.24-22.54.41:892][  0]LogConfig: Setting CVar [[r.Streaming.LimitPoolSizeToVRAM:0]]
[2021.01.24-22.54.41:892][  0]LogConfig: Setting CVar [[r.Streaming.PoolSize:1000]]
[2021.01.24-22.54.41:892][  0]LogConfig: Setting CVar [[r.Streaming.MaxEffectiveScreenSize:0]]
[2021.01.24-22.54.41:892][  0]LogConfig: Applying CVar settings from Section [EffectsQuality@3] File [D:/Documents/GameDesign/ue4-ml.drone.shooting/DroneShooting/Saved/Config/Windows/Scalability.ini]
[2021.01.24-22.54.41:892][  0]LogConfig: Setting CVar [[r.TranslucencyLightingVolumeDim:64]]
[2021.01.24-22.54.41:892][  0]LogConfig: Setting CVar [[r.RefractionQuality:2]]
[2021.01.24-22.54.41:892][  0]LogConfig: Setting CVar [[r.SSR.Quality:3]]
[2021.01.24-22.54.41:892][  0]LogConfig: Setting CVar [[r.SSR.HalfResSceneColor:0]]
[2021.01.24-22.54.41:892][  0]LogConfig: Setting CVar [[r.SceneColorFormat:4]]
[2021.01.24-22.54.41:892][  0]LogConfig: Setting CVar [[r.DetailMode:2]]
[2021.01.24-22.54.41:892][  0]LogConfig: Setting CVar [[r.TranslucencyVolumeBlur:1]]
[2021.01.24-22.54.41:892][  0]LogConfig: Setting CVar [[r.MaterialQualityLevel:1 ; High quality]]
[2021.01.24-22.54.41:892][  0]LogConfig: Setting CVar [[r.SSS.Scale:1]]
[2021.01.24-22.54.41:892][  0]LogConfig: Setting CVar [[r.SSS.SampleSet:2]]
[2021.01.24-22.54.41:892][  0]LogConfig: Setting CVar [[r.SSS.Quality:1]]
[2021.01.24-22.54.41:892][  0]LogConfig: Setting CVar [[r.SSS.HalfRes:0]]
[2021.01.24-22.54.41:892][  0]LogConfig: Setting CVar [[r.SSGI.Quality:3]]
[2021.01.24-22.54.41:892][  0]LogConfig: Setting CVar [[r.EmitterSpawnRateScale:1.0]]
[2021.01.24-22.54.41:892][  0]LogConfig: Setting CVar [[r.ParticleLightQuality:2]]
[2021.01.24-22.54.41:892][  0]LogConfig: Setting CVar [[r.SkyAtmosphere.AerialPerspectiveLUT.FastApplyOnOpaque:1 ; Always have FastSkyLUT 1 in this case to avoid wrong sky]]
[2021.01.24-22.54.41:892][  0]LogConfig: Setting CVar [[r.SkyAtmosphere.AerialPerspectiveLUT.SampleCountPerSlice:1]]
[2021.01.24-22.54.41:892][  0]LogConfig: Setting CVar [[r.SkyAtmosphere.AerialPerspectiveLUT.DepthResolution:16.0]]
[2021.01.24-22.54.41:892][  0]LogConfig: Setting CVar [[r.SkyAtmosphere.FastSkyLUT:1]]
[2021.01.24-22.54.41:892][  0]LogConfig: Setting CVar [[r.SkyAtmosphere.FastSkyLUT.SampleCountMin:4.0]]
[2021.01.24-22.54.41:892][  0]LogConfig: Setting CVar [[r.SkyAtmosphere.FastSkyLUT.SampleCountMax:32.0]]
[2021.01.24-22.54.41:892][  0]LogConfig: Setting CVar [[r.SkyAtmosphere.SampleCountMin:4.0]]
[2021.01.24-22.54.41:892][  0]LogConfig: Setting CVar [[r.SkyAtmosphere.SampleCountMax:32.0]]
[2021.01.24-22.54.41:892][  0]LogConfig: Setting CVar [[r.SkyAtmosphere.TransmittanceLUT.UseSmallFormat:0]]
[2021.01.24-22.54.41:892][  0]LogConfig: Setting CVar [[r.SkyAtmosphere.TransmittanceLUT.SampleCount:10.0]]
[2021.01.24-22.54.41:892][  0]LogConfig: Setting CVar [[r.SkyAtmosphere.MultiScatteringLUT.SampleCount:15.0]]
[2021.01.24-22.54.41:892][  0]LogConfig: Applying CVar settings from Section [FoliageQuality@3] File [D:/Documents/GameDesign/ue4-ml.drone.shooting/DroneShooting/Saved/Config/Windows/Scalability.ini]
[2021.01.24-22.54.41:892][  0]LogConfig: Setting CVar [[foliage.DensityScale:1.0]]
[2021.01.24-22.54.41:892][  0]LogConfig: Setting CVar [[grass.DensityScale:1.0]]
[2021.01.24-22.54.41:892][  0]LogConfig: Applying CVar settings from Section [ShadingQuality@3] File [D:/Documents/GameDesign/ue4-ml.drone.shooting/DroneShooting/Saved/Config/Windows/Scalability.ini]
[2021.01.24-22.54.41:892][  0]LogConfig: Setting CVar [[r.HairStrands.SkyLighting.SampleCount:16]]
[2021.01.24-22.54.41:892][  0]LogConfig: Setting CVar [[r.HairStrands.SkyLighting.JitterIntegration:0]]
[2021.01.24-22.54.41:892][  0]LogConfig: Setting CVar [[r.HairStrands.SkyAO.SampleCount:16]]
[2021.01.24-22.54.41:892][  0]LogConfig: Setting CVar [[r.HairStrands.DeepShadow.SuperSampling:0]]
[2021.01.24-22.54.41:892][  0]LogConfig: Setting CVar [[r.HairStrands.VisibilityPPLL:0]]
[2021.01.24-22.54.41:892][  0]LogConfig: Setting CVar [[r.HairStrands.RasterizationScale:0.5]]
[2021.01.24-22.54.41:893][  0]LogConfig: Setting CVar [[r.HairStrands.VelocityRasterizationScale:1]]
[2021.01.24-22.54.41:893][  0]LogConfig: Applying CVar settings from Section [Startup] File [../../../Engine/Config/ConsoleVariables.ini]
[2021.01.24-22.54.41:893][  0]LogConfig: Setting CVar [[net.UseAdaptiveNetUpdateFrequency:0]]
[2021.01.24-22.54.41:893][  0]LogConfig: Setting CVar [[p.chaos.AllowCreatePhysxBodies:1]]
[2021.01.24-22.54.41:893][  0]LogConfig: Setting CVar [[fx.SkipVectorVMBackendOptimizations:1]]
[2021.01.24-22.54.41:893][  0]LogConfig: Applying CVar settings from Section [ConsoleVariables] File [D:/Documents/GameDesign/ue4-ml.drone.shooting/DroneShooting/Saved/Config/Windows/Engine.ini]
[2021.01.24-22.54.41:893][  0]LogInit: Computer: PHILNG
[2021.01.24-22.54.41:893][  0]LogInit: User: philng
[2021.01.24-22.54.41:893][  0]LogInit: CPU Page size=4096, Cores=6
[2021.01.24-22.54.41:893][  0]LogInit: High frequency timer resolution =10.000000 MHz
[2021.01.24-22.54.41:893][  0]LogMemory: Memory total: Physical=15.9GB (16GB approx)
[2021.01.24-22.54.41:893][  0]LogMemory: Platform Memory Stats for Windows
[2021.01.24-22.54.41:893][  0]LogMemory: Process Physical Memory: 119.00 MB used, 119.00 MB peak
[2021.01.24-22.54.41:893][  0]LogMemory: Process Virtual Memory: 101.01 MB used, 101.01 MB peak
[2021.01.24-22.54.41:893][  0]LogMemory: Physical Memory: 9809.27 MB used,  6425.92 MB free, 16235.18 MB total
[2021.01.24-22.54.41:893][  0]LogMemory: Virtual Memory: 5150.02 MB used,  134212576.00 MB free, 134217728.00 MB total
[2021.01.24-22.54.41:901][  0]LogWindows: WindowsPlatformFeatures enabled
[2021.01.24-22.54.41:986][  0]LogInit: Physics initialised using underlying interface: PhysX
[2021.01.24-22.54.41:987][  0]LogInit: Using OS detected language (en-GB).
[2021.01.24-22.54.41:987][  0]LogInit: Using OS detected locale (en-CA).
[2021.01.24-22.54.41:988][  0]LogTextLocalizationManager: No specific localization for 'en-GB' exists, so the 'en' localization will be used.
[2021.01.24-22.54.42:221][  0]LogInit: Setting process to per monitor DPI aware
[2021.01.24-22.54.42:272][  0]LogSlate: New Slate User Created.  User Index 0, Is Virtual User: 0
[2021.01.24-22.54.42:272][  0]LogSlate: Slate User Registered.  User Index 0, Is Virtual User: 0
[2021.01.24-22.54.42:468][  0]LogHMD: Failed to initialize OpenVR with code 110
[2021.01.24-22.54.42:468][  0]LogD3D11RHI: D3D11 min allowed feature level: 11_0
[2021.01.24-22.54.42:468][  0]LogD3D11RHI: D3D11 max allowed feature level: 11_0
[2021.01.24-22.54.42:468][  0]LogD3D11RHI: D3D11 adapters:
[2021.01.24-22.54.42:614][  0]LogD3D11RHI:    0. 'NVIDIA GeForce GTX 1060' (Feature Level 11_0)
[2021.01.24-22.54.42:614][  0]LogD3D11RHI:       6052/0/8117 MB DedicatedVideo/DedicatedSystem/SharedSystem, Outputs:2, VendorId:0x10de
[2021.01.24-22.54.42:642][  0]LogD3D11RHI:    1. 'Intel(R) UHD Graphics 630' (Feature Level 11_0)
[2021.01.24-22.54.42:642][  0]LogD3D11RHI:       128/0/8117 MB DedicatedVideo/DedicatedSystem/SharedSystem, Outputs:1, VendorId:0x8086
[2021.01.24-22.54.42:645][  0]LogD3D11RHI:    2. 'Microsoft Basic Render Driver' (Feature Level 11_0)
[2021.01.24-22.54.42:645][  0]LogD3D11RHI:       0/0/8117 MB DedicatedVideo/DedicatedSystem/SharedSystem, Outputs:0, VendorId:0x1414
[2021.01.24-22.54.42:645][  0]LogD3D11RHI: Chosen D3D11 Adapter: 0
[2021.01.24-22.54.42:655][  0]LogD3D11RHI: Creating new Direct3DDevice
[2021.01.24-22.54.42:655][  0]LogD3D11RHI:     GPU DeviceId: 0x1c20 (for the marketing name, search the web for "GPU Device Id")
[2021.01.24-22.54.42:655][  0]LogWindows: EnumDisplayDevices:
[2021.01.24-22.54.42:655][  0]LogWindows:    0. 'Intel(R) UHD Graphics 630' (P:0 D:1)
[2021.01.24-22.54.42:656][  0]LogWindows:    1. 'Intel(R) UHD Graphics 630' (P:0 D:0)
[2021.01.24-22.54.42:656][  0]LogWindows:    2. 'Intel(R) UHD Graphics 630' (P:0 D:0)
[2021.01.24-22.54.42:657][  0]LogWindows:    3. 'NVIDIA GeForce GTX 1060' (P:1 D:1)
[2021.01.24-22.54.42:657][  0]LogWindows:    4. 'NVIDIA GeForce GTX 1060' (P:0 D:1)
[2021.01.24-22.54.42:658][  0]LogWindows:    5. 'NVIDIA GeForce GTX 1060' (P:0 D:0)
[2021.01.24-22.54.42:658][  0]LogWindows:    6. 'NVIDIA GeForce GTX 1060' (P:0 D:0)
[2021.01.24-22.54.42:659][  0]LogWindows: DebugString: PrimaryIsNotTheChoosenAdapter PrimaryIsNotTheChoosenAdapter PrimaryIsNotTheChoosenAdapter FoundDriverCount:4 
[2021.01.24-22.54.42:659][  0]LogD3D11RHI:     Adapter Name: NVIDIA GeForce GTX 1060
[2021.01.24-22.54.42:659][  0]LogD3D11RHI:   Driver Version: 460.89 (internal:27.21.14.6089, unified:460.89)
[2021.01.24-22.54.42:659][  0]LogD3D11RHI:      Driver Date: 12-11-2020
[2021.01.24-22.54.42:659][  0]LogRHI: Texture pool is 4236 MB (70% of 6052 MB)
[2021.01.24-22.54.42:789][  0]LogD3D11RHI: RHI has support for 64 bit atomics
[2021.01.24-22.54.42:789][  0]LogD3D11RHI: Async texture creation enabled
[2021.01.24-22.54.42:789][  0]LogD3D11RHI: Array index from any shader is supported
[2021.01.24-22.54.42:828][  0]LogD3D11RHI: GPU Timing Frequency: 1000.000000 (Debug: 2 1)
[2021.01.24-22.54.43:433][  0]LogTargetPlatformManager: Display: Loaded TargetPlatform 'AllDesktop'
[2021.01.24-22.54.43:459][  0]LogTargetPlatformManager: Display: Loaded TargetPlatform 'Android'
[2021.01.24-22.54.43:459][  0]LogTargetPlatformManager: Display: Loaded TargetPlatform 'Android_ASTC'
[2021.01.24-22.54.43:459][  0]LogTargetPlatformManager: Display: Loaded TargetPlatform 'Android_DXT'
[2021.01.24-22.54.43:459][  0]LogTargetPlatformManager: Display: Loaded TargetPlatform 'Android_ETC2'
[2021.01.24-22.54.43:459][  0]LogTargetPlatformManager: Display: Loaded TargetPlatform 'AndroidClient'
[2021.01.24-22.54.43:459][  0]LogTargetPlatformManager: Display: Loaded TargetPlatform 'Android_ASTCClient'
[2021.01.24-22.54.43:459][  0]LogTargetPlatformManager: Display: Loaded TargetPlatform 'Android_DXTClient'
[2021.01.24-22.54.43:459][  0]LogTargetPlatformManager: Display: Loaded TargetPlatform 'Android_ETC2Client'
[2021.01.24-22.54.43:459][  0]LogTargetPlatformManager: Display: Loaded TargetPlatform 'Android_Multi'
[2021.01.24-22.54.43:459][  0]LogTargetPlatformManager: Display: Loaded TargetPlatform 'Android_MultiClient'
[2021.01.24-22.54.43:489][  0]LogTargetPlatformManager: Display: Loaded TargetPlatform 'IOSClient'
[2021.01.24-22.54.43:489][  0]LogTargetPlatformManager: Display: Loaded TargetPlatform 'IOS'
[2021.01.24-22.54.43:502][  0]LogTargetPlatformManager: Display: Loaded TargetPlatform 'Linux'
[2021.01.24-22.54.43:517][  0]LogTargetPlatformManager: Display: Loaded TargetPlatform 'LinuxNoEditor'
[2021.01.24-22.54.43:529][  0]LogTargetPlatformManager: Display: Loaded TargetPlatform 'LinuxClient'
[2021.01.24-22.54.43:541][  0]LogTargetPlatformManager: Display: Loaded TargetPlatform 'LinuxServer'
[2021.01.24-22.54.43:552][  0]LogTargetPlatformManager: Display: Loaded TargetPlatform 'LinuxAArch64NoEditor'
[2021.01.24-22.54.43:564][  0]LogTargetPlatformManager: Display: Loaded TargetPlatform 'LinuxAArch64Client'
[2021.01.24-22.54.43:576][  0]LogTargetPlatformManager: Display: Loaded TargetPlatform 'LinuxAArch64Server'
[2021.01.24-22.54.43:608][  0]LogTargetPlatformManager: Display: Loaded TargetPlatform 'Lumin'
[2021.01.24-22.54.43:608][  0]LogTargetPlatformManager: Display: Loaded TargetPlatform 'LuminClient'
[2021.01.24-22.54.43:627][  0]LogTargetPlatformManager: Display: Loaded TargetPlatform 'TVOSClient'
[2021.01.24-22.54.43:627][  0]LogTargetPlatformManager: Display: Loaded TargetPlatform 'TVOS'
[2021.01.24-22.54.43:640][  0]LogTargetPlatformManager: Display: Loaded TargetPlatform 'WindowsNoEditor'
[2021.01.24-22.54.43:651][  0]LogTargetPlatformManager: Display: Loaded TargetPlatform 'Windows'
[2021.01.24-22.54.43:663][  0]LogTargetPlatformManager: Display: Loaded TargetPlatform 'WindowsClient'
[2021.01.24-22.54.43:675][  0]LogTargetPlatformManager: Display: Loaded TargetPlatform 'WindowsServer'
[2021.01.24-22.54.43:675][  0]LogTargetPlatformManager: Display: Building Assets For Windows
[2021.01.24-22.54.43:685][  0]LogAudioDebug: Display: Lib vorbis DLL was dynamically loaded.
[2021.01.24-22.54.43:760][  0]LogShaderCompilers: Guid format shader working directory is -13 characters bigger than the processId version (../../../../GameDesign/ue4-ml.drone.shooting/DroneShooting/Intermediate/Shaders/WorkingDirectory/20796/).
[2021.01.24-22.54.43:760][  0]LogShaderCompilers: Cleaned the shader compiler working directory 'C:/Users/lipin/AppData/Local/Temp/UnrealShaderWorkingDir/14215B5745D8900BC2CE01AE84DDFF32/'.
[2021.01.24-22.54.43:761][  0]LogXGEController: Cannot use XGE Controller as Incredibuild is not installed on this machine.
[2021.01.24-22.54.43:761][  0]LogShaderCompilers: Cannot use XGE Shader Compiler as Incredibuild is not installed on this machine.
[2021.01.24-22.54.43:761][  0]LogShaderCompilers: Display: Using Local Shader Compiler.
[2021.01.24-22.54.44:666][  0]LogDerivedDataCache: Display: Max Cache Size: 512 MB
[2021.01.24-22.54.44:726][  0]LogDerivedDataCache: Loaded boot cache 0.06s 76MB C:/Users/lipin/AppData/Local/UnrealEngine/4.25/DerivedDataCache/Boot.ddc.
[2021.01.24-22.54.44:726][  0]LogDerivedDataCache: Display: Loaded Boot cache: C:/Users/lipin/AppData/Local/UnrealEngine/4.25/DerivedDataCache/Boot.ddc
[2021.01.24-22.54.44:726][  0]LogDerivedDataCache: FDerivedDataBackendGraph:  Pak pak cache file ../../../../GameDesign/ue4-ml.drone.shooting/DroneShooting/DerivedDataCache/DDC.ddp not found, will not use a pak cache.
[2021.01.24-22.54.44:726][  0]LogDerivedDataCache: Unable to find inner node Pak for hierarchical cache Hierarchy.
[2021.01.24-22.54.44:726][  0]LogDerivedDataCache: FDerivedDataBackendGraph:  CompressedPak pak cache file ../../../../GameDesign/ue4-ml.drone.shooting/DroneShooting/DerivedDataCache/Compressed.ddp not found, will not use a pak cache.
[2021.01.24-22.54.44:726][  0]LogDerivedDataCache: Unable to find inner node CompressedPak for hierarchical cache Hierarchy.
[2021.01.24-22.54.44:739][  0]LogDerivedDataCache: Display: Pak cache opened for reading ../../../Engine/DerivedDataCache/Compressed.ddp.
[2021.01.24-22.54.44:739][  0]LogDerivedDataCache: FDerivedDataBackendGraph:  EnterprisePak pak cache file ../../../Enterprise/DerivedDataCache/Compressed.ddp not found, will not use a pak cache.
[2021.01.24-22.54.44:739][  0]LogDerivedDataCache: Unable to find inner node EnterprisePak for hierarchical cache Hierarchy.
[2021.01.24-22.54.44:740][  0]LogDerivedDataCache: Using Local data cache path C:/Users/lipin/AppData/Local/UnrealEngine/Common/DerivedDataCache: Writable
[2021.01.24-22.54.44:740][  0]LogDerivedDataCache: Shared data cache path not found in *engine.ini, will not use an Shared cache.
[2021.01.24-22.54.44:740][  0]LogDerivedDataCache: Unable to find inner node Shared for hierarchical cache Hierarchy.
[2021.01.24-22.54.44:803][  0]LogSlate: Using FreeType 2.10.0
[2021.01.24-22.54.44:803][  0]LogSlate: SlateFontServices - WITH_FREETYPE: 1, WITH_HARFBUZZ: 1
[2021.01.24-22.54.44:835][  0]LogAssetRegistry: FAssetRegistry took 0.0031 seconds to start up
[2021.01.24-22.54.45:101][  0]LogInit: Selected Device Profile: [Windows]
[2021.01.24-22.54.45:240][  0]LogMeshReduction: Using QuadricMeshReduction for automatic static mesh reduction
[2021.01.24-22.54.45:240][  0]LogMeshReduction: Using SimplygonMeshReduction for automatic skeletal mesh reduction
[2021.01.24-22.54.45:240][  0]LogMeshReduction: Using ProxyLODMeshReduction for automatic mesh merging
[2021.01.24-22.54.45:240][  0]LogMeshReduction: No distributed automatic mesh merging module available
[2021.01.24-22.54.45:240][  0]LogMeshMerging: No distributed automatic mesh merging module available
[2021.01.24-22.54.45:269][  0]LogNetVersion: DroneShooting 1.0.0, NetCL: 13144385, EngineNetVer: 14, GameNetVer: 0 (Checksum: 457005733)
[2021.01.24-22.54.45:797][  0]LogAISub: UAISubsystem::UAISubsystem AISubsystem (0000021242C28380), frame # 0
[2021.01.24-22.54.45:797][  0]LogAISub: UAISubsystem::UAISubsystem AIPerceptionSystem (0000021242B72AC0), frame # 0
[2021.01.24-22.54.45:799][  0]LogAISub: UAISubsystem::UAISubsystem EnvQueryManager (0000021242BB5E00), frame # 0
[2021.01.24-22.54.45:873][  0]LogPackageLocalizationCache: Processed 20 localized package path(s) for 1 prioritized culture(s) in 0.066851 seconds
[2021.01.24-22.54.45:880][  0]LogUObjectArray: 15917 objects as part of root set at end of initial load.
[2021.01.24-22.54.45:880][  0]LogUObjectAllocator: 3965568 out of 0 bytes used by permanent object pool.
[2021.01.24-22.54.45:880][  0]LogUObjectArray: CloseDisregardForGC: 0/0 objects in disregard for GC pool
[2021.01.24-22.54.46:283][  0]LogTcpMessaging: Initializing TcpMessaging bridge
[2021.01.24-22.54.46:289][  0]LogUdpMessaging: Initializing bridge on interface 0.0.0.0:0 to multicast group 230.0.0.1:6666.
[2021.01.24-22.54.46:446][  0]SourceControl: Source control is disabled
[2021.01.24-22.54.46:446][  0]SourceControl: Source control is disabled
[2021.01.24-22.54.46:450][  0]SourceControl: Source control is disabled
[2021.01.24-22.54.46:454][  0]SourceControl: Source control is disabled
[2021.01.24-22.54.46:465][  0]SourceControl: Source control is disabled
[2021.01.24-22.54.46:838][  0]LogAndroidPermission: UAndroidPermissionCallbackProxy::GetInstance
[2021.01.24-22.54.46:865][  0]LogAudioCaptureCore: Display: No Audio Capture implementations found. Audio input will be silent.
[2021.01.24-22.54.46:865][  0]LogAudioCaptureCore: Display: No Audio Capture implementations found. Audio input will be silent.
[2021.01.24-22.54.46:927][  0]LogOcInput: OculusInput pre-init called
[2021.01.24-22.54.46:941][  0]LogWindows: Failed to load 'OVRPlugin.dll' (GetLastError=126)
[2021.01.24-22.54.46:942][  0]LogWindows: File 'OVRPlugin.dll' does not exist
[2021.01.24-22.54.47:014][  0]LogEngine: Initializing Engine...
[2021.01.24-22.54.47:016][  0]LogHMD: Failed to initialize OpenVR with code 110
[2021.01.24-22.54.47:016][  0]LogMagicLeap: Warning: VR disabled because ZI is not enabled.  To enable, in the editor, Edit -> Project Settings -> Plugins -> Magic Leap Plugin -> Enable Zero Iteration
[2021.01.24-22.54.47:017][  0]LogStats: UGameplayTagsManager::InitializeManager -  0.000 s
[2021.01.24-22.54.47:151][  0]LogInit: Initializing FReadOnlyCVARCache
[2021.01.24-22.54.47:160][  0]LogAIModule: Creating AISystem for world Untitled
[2021.01.24-22.54.47:160][  0]LogAISub: UAISubsystem::UAISubsystem EnvQueryManager (0000021249D6FC00), frame # 0
[2021.01.24-22.54.47:160][  0]LogAISub: UAISubsystem::UAISubsystem AIPerceptionSystem (0000021249D7BB00), frame # 0
[2021.01.24-22.54.47:188][  0]LogAudioMixer: Display: Audio Mixer Platform Settings:
[2021.01.24-22.54.47:188][  0]LogAudioMixer: Display: 	Sample Rate:						  48000
[2021.01.24-22.54.47:188][  0]LogAudioMixer: Display: 	Callback Buffer Frame Size Requested: 1024
[2021.01.24-22.54.47:188][  0]LogAudioMixer: Display: 	Callback Buffer Frame Size To Use:	  1024
[2021.01.24-22.54.47:188][  0]LogAudioMixer: Display: 	Number of buffers to queue:			  2
[2021.01.24-22.54.47:188][  0]LogAudioMixer: Display: 	Max Channels (voices):				  32
[2021.01.24-22.54.47:188][  0]LogAudioMixer: Display: 	Number of Async Source Workers:		  0
[2021.01.24-22.54.47:188][  0]LogAudio: Display: AudioDevice MaxSources: 32
[2021.01.24-22.54.47:188][  0]LogAudio: Display: Using built-in audio occlusion.
[2021.01.24-22.54.47:188][  0]LogAudioMixer: Display: Initializing audio mixer.
[2021.01.24-22.54.47:217][  0]LogAudioMixer: Display: 0: FrontLeft
[2021.01.24-22.54.47:217][  0]LogAudioMixer: Display: 1: FrontRight
[2021.01.24-22.54.47:391][  0]LogAudioMixer: Display: Using Audio Device Headphones (Realtek(R) Audio)
[2021.01.24-22.54.47:398][  0]LogAudioMixer: Display: Initializing Sound Submixes...
[2021.01.24-22.54.47:400][  0]LogAudioMixer: Display: Creating Master Submix 'MasterSubmixDefault'
[2021.01.24-22.54.47:400][  0]LogAudioMixer: Display: Creating Master Submix 'MasterReverbSubmixDefault'
[2021.01.24-22.54.47:401][  0]LogAudioMixer: Display: Creating Master Submix 'MasterEQSubmixDefault'
[2021.01.24-22.54.47:403][  0]LogInit: FAudioDevice initialized.
[2021.01.24-22.54.47:403][  0]LogNetVersion: Set ProjectVersion to 1.0.0.0. Version Checksum will be recalculated on next use.
[2021.01.24-22.54.47:456][  0]LogDerivedDataCache: Saved boot cache 0.05s 76MB C:/Users/lipin/AppData/Local/UnrealEngine/4.25/DerivedDataCache/Boot.ddc.
[2021.01.24-22.54.47:457][  0]LogInit: Texture streaming: Enabled
[2021.01.24-22.54.47:481][  0]LogEngineSessionManager: EngineSessionManager initialized
[2021.01.24-22.54.47:481][  0]LogEditorSessionSummary: Verbose: Initializing EditorSessionSummaryWriter for editor session tracking
[2021.01.24-22.54.47:485][  0]LogEditorSessionSummary: EditorSessionSummaryWriter initialized
[2021.01.24-22.54.47:561][  0]LogInit: Transaction tracking system initialized
[2021.01.24-22.54.47:589][  0]BlueprintLog: New page: Editor Load
[2021.01.24-22.54.47:678][  0]LocalizationService: Localization service is disabled
[2021.01.24-22.54.47:858][  0]LogCook: Display: Max memory allowance for cook 16384mb min free memory 0mb
[2021.01.24-22.54.47:858][  0]LogCook: Display: Mobile HDR setting 1
[2021.01.24-22.54.48:468][  0]LogFileCache: Scanning file cache for directory 'D:/Documents/GameDesign/ue4-ml.drone.shooting/DroneShooting/Content/' took 0.02s
[2021.01.24-22.54.48:468][  0]LogImageWrapper: Warning: PNG Warning: iCCP: CRC error
[2021.01.24-22.54.48:469][  0]LogImageWrapper: Warning: PNG Warning: iCCP: CRC error
[2021.01.24-22.54.49:010][  0]LogImageWrapper: Warning: PNG Warning: iCCP: CRC error
[2021.01.24-22.54.49:010][  0]LogImageWrapper: Warning: PNG Warning: iCCP: CRC error
[2021.01.24-22.54.49:067][  0]SourceControl: Source control is disabled
[2021.01.24-22.54.49:067][  0]LogUnrealEdMisc: Loading editor; pre map load, took 8.926
[2021.01.24-22.54.49:067][  0]Cmd: MAP LOAD FILE="../../../../GameDesign/ue4-ml.drone.shooting/DroneShooting/Content/Maps/Sandbox.umap" TEMPLATE=0 SHOWPROGRESS=1 FEATURELEVEL=3
[2021.01.24-22.54.49:068][  0]LightingResults: New page: Lighting Build
[2021.01.24-22.54.49:069][  0]LogWorld: UWorld::CleanupWorld for Untitled, bSessionEnded=true, bCleanupResources=true
[2021.01.24-22.54.49:069][  0]LogSlate: InvalidateAllWidgets triggered.  All widgets were invalidated
[2021.01.24-22.54.49:069][  0]MapCheck: New page: Map Check
[2021.01.24-22.54.49:069][  0]LightingResults: New page: Lighting Build
[2021.01.24-22.54.49:095][  0]LogAISub: UAISubsystem::~UAISubsystem EnvQueryManager (0000021249D6FC00), frame # 0
[2021.01.24-22.54.49:095][  0]LogAISub: UAISubsystem::~UAISubsystem AIPerceptionSystem (0000021249D7BB00), frame # 0
[2021.01.24-22.54.49:097][  0]LogUObjectHash: Compacting FUObjectHashTables data took   1.60ms
[2021.01.24-22.54.49:743][  0]LogMaterial: Display: Missing cached shader map for material M_Drone, compiling. 
[2021.01.24-22.54.50:331][  0]LogShaderCompilers: Display: Worker (1/9): shaders left to compile 39
[2021.01.24-22.54.50:331][  0]LogShaderCompilers: Display: Worker (2/9): shaders left to compile 34
[2021.01.24-22.54.50:331][  0]LogShaderCompilers: Display: Worker (3/9): shaders left to compile 29
[2021.01.24-22.54.50:331][  0]LogShaderCompilers: Display: Worker (4/9): shaders left to compile 24
[2021.01.24-22.54.50:331][  0]LogShaderCompilers: Display: Worker (5/9): shaders left to compile 19
[2021.01.24-22.54.50:331][  0]LogShaderCompilers: Display: Worker (6/9): shaders left to compile 14
[2021.01.24-22.54.50:331][  0]LogShaderCompilers: Display: Worker (7/9): shaders left to compile 9
[2021.01.24-22.54.50:331][  0]LogShaderCompilers: Display: Worker (8/9): shaders left to compile 4
[2021.01.24-22.54.50:463][  0]LogAIModule: Creating AISystem for world Sandbox
[2021.01.24-22.54.50:463][  0]LogAISub: UAISubsystem::UAISubsystem EnvQueryManager (000002124D353E00), frame # 0
[2021.01.24-22.54.50:463][  0]LogAISub: UAISubsystem::UAISubsystem AIPerceptionSystem (000002124D35BB00), frame # 0
[2021.01.24-22.54.50:487][  0]LogEditorServer: Finished looking for orphan Actors (0.000 secs)
[2021.01.24-22.54.50:507][  0]LogUObjectHash: Compacting FUObjectHashTables data took   1.87ms
[2021.01.24-22.54.50:508][  0]Cmd: MAP CHECKDEP NOCLEARLOG
[2021.01.24-22.54.50:508][  0]MapCheck: Map check complete: 0 Error(s), 0 Warning(s), took 0.13ms to complete.
[2021.01.24-22.54.50:508][  0]LogFileHelpers: Loading map 'Sandbox' took 1.441
[2021.01.24-22.54.50:513][  0]LogUnrealEdMisc: Total Editor Startup Time, took 10.372
[2021.01.24-22.54.50:973][  0]LogSlate: Updating window title bar state: overlay mode, drag disabled, window buttons hidden, title bar hidden
[2021.01.24-22.54.50:994][  0]LogSlate: Updating window title bar state: overlay mode, drag disabled, window buttons hidden, title bar hidden
[2021.01.24-22.54.51:014][  0]LogSlate: Updating window title bar state: overlay mode, drag disabled, window buttons hidden, title bar hidden
[2021.01.24-22.54.51:032][  0]LogSlate: Updating window title bar state: overlay mode, drag disabled, window buttons hidden, title bar hidden
[2021.01.24-22.54.51:090][  0]LogCollectionManager: Loaded 0 collections in 0.004507 seconds
[2021.01.24-22.54.51:154][  0]LogFileCache: Scanning file cache for directory 'D:/Documents/GameDesign/ue4-ml.drone.shooting/DroneShooting/Saved/Collections/' took 0.00s
[2021.01.24-22.54.51:154][  0]LogFileCache: Scanning file cache for directory 'D:/Documents/GameDesign/ue4-ml.drone.shooting/DroneShooting/Content/Developers/philng/Collections/' took 0.00s
[2021.01.24-22.54.51:154][  0]LogFileCache: Scanning file cache for directory 'D:/Documents/GameDesign/ue4-ml.drone.shooting/DroneShooting/Content/Collections/' took 0.00s
[2021.01.24-22.54.51:154][  0]LogContentBrowser: Native class hierarchy populated in 0.0243 seconds. Added 3436 classes and 830 folders.
[2021.01.24-22.54.51:168][  0]LogContentBrowser: Native class hierarchy updated for 'WidgetCarousel' in 0.0010 seconds. Added 0 classes and 0 folders.
[2021.01.24-22.54.51:432][  0]LogContentBrowser: Native class hierarchy updated for 'AddContentDialog' in 0.0008 seconds. Added 0 classes and 0 folders.
[2021.01.24-22.54.51:463][  0]LogSlate: Took 0.000358 seconds to synchronously load lazily loaded font '../../../Engine/Content/Slate/Fonts/Roboto-Regular.ttf' (155K)
[2021.01.24-22.54.51:469][  0]LogSlate: Took 0.000326 seconds to synchronously load lazily loaded font '../../../Engine/Content/Slate/Fonts/Roboto-Bold.ttf' (160K)
[2021.01.24-22.54.51:483][  0]LogSlate: Took 0.001447 seconds to synchronously load lazily loaded font '../../../Engine/Content/Editor/Slate/Fonts/FontAwesome.ttf' (139K)
[2021.01.24-22.54.51:486][  0]LogSlate: Took 0.001361 seconds to synchronously load lazily loaded font '../../../Engine/Content/Slate/Fonts/DroidSansMono.ttf' (77K)
[2021.01.24-22.54.51:730][  0]LogRenderer: Reallocating scene render targets to support 1056x648 Format 10 NumSamples 1 (Frame:1).
[2021.01.24-22.54.52:085][  0]LogContentBrowser: Native class hierarchy updated for 'HierarchicalLODOutliner' in 0.0011 seconds. Added 0 classes and 0 folders.
[2021.01.24-22.54.52:085][  0]LogLoad: (Engine Initialization) Total time: 11.94 seconds
[2021.01.24-22.54.52:085][  0]LogLoad: (Engine Initialization) Total Blueprint compile time: 0.00 seconds
[2021.01.24-22.54.52:162][  0]LogContentStreaming: Texture pool size now 1000 MB
[2021.01.24-22.54.52:313][  2]LogAssetRegistry: Asset discovery search completed in 7.4796 seconds
[2021.01.24-22.54.52:322][  2]LogCollectionManager: Fixed up redirectors for 0 collections in 0.000003 seconds (updated 0 objects)
[2021.01.24-22.54.52:358][  2]LogSlate: Took 0.001405 seconds to synchronously load lazily loaded font '../../../Engine/Content/Slate/Fonts/Roboto-Light.ttf' (167K)
[2021.01.24-22.55.07:150][878]LogTemp: Repeating last play command: New Editor Window (PIE)
[2021.01.24-22.55.07:170][878]LogPlayLevel: PlayLevel: No blueprints needed recompiling
[2021.01.24-22.55.07:175][878]PIE: New page: PIE session: Sandbox (Jan. 24, 2021, 12:55:07 p.m.)
[2021.01.24-22.55.07:177][878]LogOnline: OSS: Creating online subsystem instance for: NULL
[2021.01.24-22.55.07:179][878]LogOnline: OSS: TryLoadSubsystemAndSetDefault: Loaded subsystem for module [NULL]
[2021.01.24-22.55.07:180][878]LogPlayLevel: Creating play world package: /Game/Maps/UEDPIE_0_Sandbox
[2021.01.24-22.55.07:184][878]LogPlayLevel: PIE: StaticDuplicateObject took: (0.004822s)
[2021.01.24-22.55.07:185][878]LogAIModule: Creating AISystem for world Sandbox
[2021.01.24-22.55.07:185][878]LogAISub: UAISubsystem::UAISubsystem EnvQueryManager (000002124E171000), frame # 878
[2021.01.24-22.55.07:186][878]LogAISub: UAISubsystem::UAISubsystem AIPerceptionSystem (000002120539B380), frame # 878
[2021.01.24-22.55.07:186][878]LogPlayLevel: PIE: World Init took: (0.001320s)
[2021.01.24-22.55.07:186][878]LogPlayLevel: PIE: Created PIE world by copying editor world from /Game/Maps/Sandbox.Sandbox to /Game/Maps/UEDPIE_0_Sandbox.Sandbox (0.006698s)
[2021.01.24-22.55.07:201][878]LogUObjectHash: Compacting FUObjectHashTables data took   0.91ms
[2021.01.24-22.55.07:202][878]LogAudioMixer: Display: Audio Mixer Platform Settings:
[2021.01.24-22.55.07:202][878]LogAudioMixer: Display: 	Sample Rate:						  48000
[2021.01.24-22.55.07:202][878]LogAudioMixer: Display: 	Callback Buffer Frame Size Requested: 1024
[2021.01.24-22.55.07:202][878]LogAudioMixer: Display: 	Callback Buffer Frame Size To Use:	  1024
[2021.01.24-22.55.07:203][878]LogAudioMixer: Display: 	Number of buffers to queue:			  2
[2021.01.24-22.55.07:203][878]LogAudioMixer: Display: 	Max Channels (voices):				  32
[2021.01.24-22.55.07:203][878]LogAudioMixer: Display: 	Number of Async Source Workers:		  0
[2021.01.24-22.55.07:203][878]LogAudio: Display: AudioDevice MaxSources: 32
[2021.01.24-22.55.07:203][878]LogAudio: Display: Using built-in audio occlusion.
[2021.01.24-22.55.07:203][878]LogAudioMixer: Display: Initializing audio mixer.
[2021.01.24-22.55.07:208][878]LogAudioMixer: Display: 0: FrontLeft
[2021.01.24-22.55.07:208][878]LogAudioMixer: Display: 1: FrontRight
[2021.01.24-22.55.07:271][878]LogAudioMixer: Display: Using Audio Device Headphones (Realtek(R) Audio)
[2021.01.24-22.55.07:271][878]LogAudioMixer: Display: Initializing Sound Submixes...
[2021.01.24-22.55.07:271][878]LogAudioMixer: Display: Creating Master Submix 'MasterSubmixDefault'
[2021.01.24-22.55.07:271][878]LogAudioMixer: Display: Creating Master Submix 'MasterReverbSubmixDefault'
[2021.01.24-22.55.07:272][878]LogAudioMixer: Display: Creating Master Submix 'MasterEQSubmixDefault'
[2021.01.24-22.55.07:289][878]LogInit: FAudioDevice initialized.
[2021.01.24-22.55.07:321][878]LogSlate: Updating window title bar state: overlay mode, drag disabled, window buttons hidden, title bar hidden
[2021.01.24-22.55.07:350][878]LogLinker: Warning: While loading '../../../../GameDesign/ue4-ml.drone.shooting/DroneShooting/Content/ParagonMurdock/Characters/Heroes/Murdock/Animations/LevelStart_Montage.uasset' failed to load '/Game/ParagonShinbi/Characters/Heroes/Shinbi/Animations/LevelStart': Can't find file.
[2021.01.24-22.55.07:350][878]LogLinker: Warning: While loading '../../../../GameDesign/ue4-ml.drone.shooting/DroneShooting/Content/ParagonMurdock/Characters/Heroes/Murdock/Animations/LevelStart_Montage.uasset' failed to load '/Game/ParagonShinbi/Characters/Heroes/Shinbi/Animations/LevelStart': Can't find file.
[2021.01.24-22.55.07:351][878]LogLinker: Warning: While loading '../../../../GameDesign/ue4-ml.drone.shooting/DroneShooting/Content/ParagonMurdock/Characters/Heroes/Murdock/Animations/LevelStart_Montage.uasset' failed to load '/Game/ParagonShinbi/Characters/Heroes/Shinbi/Animations/LevelStart': Can't find file.
[2021.01.24-22.55.07:351][878]LogLinker: Warning: While loading '../../../../GameDesign/ue4-ml.drone.shooting/DroneShooting/Content/ParagonMurdock/Characters/Heroes/Murdock/Animations/LevelStart_Montage.uasset' failed to load '/Game/ParagonShinbi/Characters/Heroes/Shinbi/Animations/LevelStart': Can't find file.
[2021.01.24-22.55.07:718][878]LogBlueprint: Warning: [Compiler MurdockPlayerCharacter] InputAction Event references unknown Action 'ResetVR' for  InputAction ResetVR
[2021.01.24-22.55.07:718][878]LogBlueprint: Warning: [Compiler MurdockPlayerCharacter] Input Axis Event references unknown Axis 'LookUpRate' for  InputAxis LookUpRate
[2021.01.24-22.55.07:718][878]LogBlueprint: Warning: [Compiler MurdockPlayerCharacter] Input Axis Event references unknown Axis 'TurnRate' for  InputAxis TurnRate
[2021.01.24-22.55.07:719][878]LogBlueprint: Warning: [Compiler MurdockPlayerCharacter] Input Axis Event references unknown Axis 'Turn' for  InputAxis Turn
[2021.01.24-22.55.08:015][878]LogLinker: Warning: While loading '../../../../GameDesign/ue4-ml.drone.shooting/DroneShooting/Content/ParagonMurdock/Characters/Heroes/Murdock/Animations/LevelStart_Montage.uasset' failed to load '/Game/ParagonShinbi/Characters/Heroes/Shinbi/Animations/LevelStart': Can't find file.
[2021.01.24-22.55.08:015][878]LoadErrors: Failed to load /Game/ParagonShinbi/Characters/Heroes/Shinbi/Animations/LevelStart.LevelStart Referenced by LevelStart_Montage
[2021.01.24-22.55.08:015][878]LogLinker: Warning: While loading '../../../../GameDesign/ue4-ml.drone.shooting/DroneShooting/Content/ParagonMurdock/Characters/Heroes/Murdock/Animations/LevelStart_Montage.uasset' failed to load '/Game/ParagonShinbi/Characters/Heroes/Shinbi/Animations/LevelStart': Can't find file.
[2021.01.24-22.55.08:015][878]LogLinker: Warning: While loading '../../../../GameDesign/ue4-ml.drone.shooting/DroneShooting/Content/ParagonMurdock/Characters/Heroes/Murdock/Animations/LevelStart_Montage.uasset' failed to load '/Game/ParagonShinbi/Characters/Heroes/Shinbi/Animations/LevelStart': Can't find file.
[2021.01.24-22.55.08:016][878]LogLinker: Warning: While loading '../../../../GameDesign/ue4-ml.drone.shooting/DroneShooting/Content/ParagonMurdock/Characters/Heroes/Murdock/Animations/LevelStart_Montage.uasset' failed to load '/Game/ParagonShinbi/Characters/Heroes/Shinbi/Animations/LevelStart': Can't find file.
[2021.01.24-22.55.08:336][878]LogMaterial: Display: Missing cached shader map for material M_EyeRefractive, compiling. 
[2021.01.24-22.55.08:346][878]LogMaterial: Warning: D:\Documents\GameDesign\ue4-ml.drone.shooting\DroneShooting\Content\ParagonMurdock\Characters\Global\Eyes\Materials\M_EyeRefractive.uasset: Failed to compile Material for platform PCD3D_SM5, Default Material will be used in game.
[2021.01.24-22.55.08:346][878]LogMaterial: Display: 	(Node TextureSampleParameterCube) ParamCube> Found NULL, requires TextureCube
[2021.01.24-22.55.08:346][878]LogMaterial: Display: 	(Node MakeMaterialAttributes) Error on property EmissiveColor
[2021.01.24-22.55.08:465][878]LogLoad: Game class is 'BP_IntenseGameMode_C'
[2021.01.24-22.55.08:469][878]LogWorld: Bringing World /Game/Maps/UEDPIE_0_Sandbox.Sandbox up for play (max tick rate 60) at 2021.01.24-17.55.08
[2021.01.24-22.55.08:472][878]LogWorld: Bringing up level for play took: 0.003842
[2021.01.24-22.55.08:472][878]LogOnline: OSS: Creating online subsystem instance for: :Context_1
[2021.01.24-22.55.08:479][878]LogContentBrowser: Native class hierarchy updated for 'MovieSceneCapture' in 0.0006 seconds. Added 20 classes and 0 folders.
[2021.01.24-22.55.08:482][878]LogScript: Warning: Script Msg: Divide by zero detected: 0.000000 / 0
Script call stack:
	Function /Game/ParagonMurdock/Characters/Heroes/Murdock/Murdock_AnimBlueprint.Murdock_AnimBlueprint_C:BlueprintUpdateAnimation
	Function /Game/ParagonMurdock/Characters/Heroes/Murdock/Murdock_AnimBlueprint.Murdock_AnimBlueprint_C:ExecuteUbergraph_Murdock_AnimBlueprint

[2021.01.24-22.55.08:498][878]PIE: Server logged in
[2021.01.24-22.55.08:499][878]PIE: Play in editor total start time 1.331 seconds.
[2021.01.24-22.55.08:633][879]LogRenderer: Reallocating scene render targets to support 1280x720 Format 10 NumSamples 1 (Frame:1).
[2021.01.24-22.55.10:686][993]LogTemp: Warning: Character Health = 90.000000
[2021.01.24-22.55.10:857][999]LogTemp: Warning: Character Health = 80.000000
[2021.01.24-22.55.11:042][ 10]LogTemp: Warning: Character Health = 70.000000
[2021.01.24-22.55.11:433][ 33]LogTemp: Warning: Character Health = 60.000000
[2021.01.24-22.55.11:816][ 56]LogTemp: Warning: Character Health = 50.000000
[2021.01.24-22.55.12:147][ 76]LogTemp: Warning: Character Health = 40.000000
[2021.01.24-22.55.12:531][ 99]LogTemp: Warning: Character Health = 30.000000
[2021.01.24-22.55.12:864][119]LogTemp: Warning: Character Health = 20.000000
[2021.01.24-22.55.13:248][142]LogTemp: Warning: Character Health = 10.000000
[2021.01.24-22.55.13:600][163]LogTemp: Warning: Character Health = 0.000000
[2021.01.24-22.55.18:625][453]LogNet: Browse: /Game/Maps/Sandbox?restart
[2021.01.24-22.55.18:626][453]LogLoad: LoadMap: /Game/Maps/Sandbox
[2021.01.24-22.55.18:626][453]LogWorld: BeginTearingDown for /Game/Maps/UEDPIE_0_Sandbox
[2021.01.24-22.55.18:628][453]LogWorld: UWorld::CleanupWorld for Sandbox, bSessionEnded=true, bCleanupResources=true
[2021.01.24-22.55.18:629][453]LogSlate: InvalidateAllWidgets triggered.  All widgets were invalidated
[2021.01.24-22.55.18:685][453]LogAISub: UAISubsystem::~UAISubsystem AIPerceptionSystem (000002120539B380), frame # 1453
[2021.01.24-22.55.18:685][453]LogAISub: UAISubsystem::~UAISubsystem EnvQueryManager (000002124E171000), frame # 1453
[2021.01.24-22.55.18:689][453]LogUObjectHash: Compacting FUObjectHashTables data took   1.95ms
[2021.01.24-22.55.18:700][453]LogPlayLevel: Creating play world package: /Game/Maps/UEDPIE_0_Sandbox
[2021.01.24-22.55.18:707][453]LogPlayLevel: PIE: StaticDuplicateObject took: (0.006428s)
[2021.01.24-22.55.18:708][453]LogAIModule: Creating AISystem for world Sandbox
[2021.01.24-22.55.18:708][453]LogAISub: UAISubsystem::UAISubsystem EnvQueryManager (000002126288B400), frame # 1453
[2021.01.24-22.55.18:708][453]LogAISub: UAISubsystem::UAISubsystem AIPerceptionSystem (000002127A6CEAC0), frame # 1453
[2021.01.24-22.55.18:708][453]LogPlayLevel: PIE: World Init took: (0.001621s)
[2021.01.24-22.55.18:708][453]LogPlayLevel: PIE: Created PIE world by copying editor world from /Game/Maps/Sandbox.Sandbox to /Game/Maps/UEDPIE_0_Sandbox.Sandbox (0.008436s)
[2021.01.24-22.55.18:708][453]LogLoad: Game class is 'BP_IntenseGameMode_C'
[2021.01.24-22.55.18:711][453]LogWorld: Bringing World /Game/Maps/UEDPIE_0_Sandbox.Sandbox up for play (max tick rate 60) at 2021.01.24-17.55.18
[2021.01.24-22.55.18:711][453]LogWorld: Bringing up level for play took: 0.001393
[2021.01.24-22.55.18:714][453]LogScript: Warning: Script Msg: Divide by zero detected: 0.000000 / 0
Script call stack:
	Function /Game/ParagonMurdock/Characters/Heroes/Murdock/Murdock_AnimBlueprint.Murdock_AnimBlueprint_C:BlueprintUpdateAnimation
	Function /Game/ParagonMurdock/Characters/Heroes/Murdock/Murdock_AnimBlueprint.Murdock_AnimBlueprint_C:ExecuteUbergraph_Murdock_AnimBlueprint

[2021.01.24-22.55.18:716][453]LogLoad: Took 0.089980 seconds to LoadMap(/Game/Maps/UEDPIE_0_Sandbox)
[2021.01.24-22.55.22:919][704]LogTemp: Warning: Character Health = 90.000000
[2021.01.24-22.55.23:536][741]LogTemp: Warning: Character Health = 80.000000
[2021.01.24-22.55.23:871][761]LogTemp: Warning: Character Health = 70.000000
[2021.01.24-22.55.24:202][781]LogTemp: Warning: Character Health = 60.000000
[2021.01.24-22.55.24:564][801]LogTemp: Warning: Character Health = 50.000000
[2021.01.24-22.55.24:971][825]LogTemp: Warning: Character Health = 40.000000
[2021.01.24-22.55.25:255][842]LogTemp: Warning: Character Health = 30.000000
[2021.01.24-22.55.25:637][865]LogTemp: Warning: Character Health = 20.000000
[2021.01.24-22.55.25:989][886]LogTemp: Warning: Character Health = 10.000000
[2021.01.24-22.55.26:371][909]LogTemp: Warning: Character Health = 0.000000
[2021.01.24-22.55.31:387][210]LogNet: Browse: /Game/Maps/Sandbox?restart
[2021.01.24-22.55.31:387][210]LogLoad: LoadMap: /Game/Maps/Sandbox
[2021.01.24-22.55.31:387][210]LogWorld: BeginTearingDown for /Game/Maps/UEDPIE_0_Sandbox
[2021.01.24-22.55.31:387][210]LogWorld: UWorld::CleanupWorld for Sandbox, bSessionEnded=true, bCleanupResources=true
[2021.01.24-22.55.31:388][210]LogSlate: InvalidateAllWidgets triggered.  All widgets were invalidated
[2021.01.24-22.55.31:425][210]LogAISub: UAISubsystem::~UAISubsystem AIPerceptionSystem (000002127A6CEAC0), frame # 2210
[2021.01.24-22.55.31:425][210]LogAISub: UAISubsystem::~UAISubsystem EnvQueryManager (000002126288B400), frame # 2210
[2021.01.24-22.55.31:426][210]LogUObjectHash: Compacting FUObjectHashTables data took   0.97ms
[2021.01.24-22.55.31:428][210]LogPlayLevel: Creating play world package: /Game/Maps/UEDPIE_0_Sandbox
[2021.01.24-22.55.31:432][210]LogPlayLevel: PIE: StaticDuplicateObject took: (0.004167s)
[2021.01.24-22.55.31:433][210]LogAIModule: Creating AISystem for world Sandbox
[2021.01.24-22.55.31:433][210]LogAISub: UAISubsystem::UAISubsystem EnvQueryManager (000002127A741800), frame # 2210
[2021.01.24-22.55.31:433][210]LogAISub: UAISubsystem::UAISubsystem AIPerceptionSystem (0000021275AD0CC0), frame # 2210
[2021.01.24-22.55.31:433][210]LogPlayLevel: PIE: World Init took: (0.001436s)
[2021.01.24-22.55.31:433][210]LogPlayLevel: PIE: Created PIE world by copying editor world from /Game/Maps/Sandbox.Sandbox to /Game/Maps/UEDPIE_0_Sandbox.Sandbox (0.005815s)
[2021.01.24-22.55.31:433][210]LogLoad: Game class is 'BP_IntenseGameMode_C'
[2021.01.24-22.55.31:437][210]LogWorld: Bringing World /Game/Maps/UEDPIE_0_Sandbox.Sandbox up for play (max tick rate 60) at 2021.01.24-17.55.31
[2021.01.24-22.55.31:438][210]LogWorld: Bringing up level for play took: 0.003239
[2021.01.24-22.55.31:439][210]LogScript: Warning: Script Msg: Divide by zero detected: 0.000000 / 0
Script call stack:
	Function /Game/ParagonMurdock/Characters/Heroes/Murdock/Murdock_AnimBlueprint.Murdock_AnimBlueprint_C:BlueprintUpdateAnimation
	Function /Game/ParagonMurdock/Characters/Heroes/Murdock/Murdock_AnimBlueprint.Murdock_AnimBlueprint_C:ExecuteUbergraph_Murdock_AnimBlueprint

[2021.01.24-22.55.31:441][210]LogLoad: Took 0.054605 seconds to LoadMap(/Game/Maps/UEDPIE_0_Sandbox)
[2021.01.24-22.55.48:075][167]LogTemp: Warning: Character Health = 90.000000
[2021.01.24-22.55.48:537][191]LogTemp: Warning: Character Health = 80.000000
[2021.01.24-22.55.48:939][212]LogTemp: Warning: Character Health = 70.000000
[2021.01.24-22.55.50:405][289]LogTemp: Warning: Character Health = 60.000000
[2021.01.24-22.55.50:755][310]LogTemp: Warning: Character Health = 50.000000
[2021.01.24-22.55.50:989][324]LogTemp: Warning: Character Health = 40.000000
[2021.01.24-22.55.51:222][338]LogTemp: Warning: Character Health = 30.000000
[2021.01.24-22.55.51:538][357]LogTemp: Warning: Character Health = 20.000000
[2021.01.24-22.55.51:838][375]LogTemp: Warning: Character Health = 10.000000
[2021.01.24-22.55.52:175][395]LogTemp: Warning: Character Health = 0.000000
[2021.01.24-22.55.57:238][656]LogNet: Browse: /Game/Maps/Sandbox?restart
[2021.01.24-22.55.57:238][656]LogLoad: LoadMap: /Game/Maps/Sandbox
[2021.01.24-22.55.57:238][656]LogWorld: BeginTearingDown for /Game/Maps/UEDPIE_0_Sandbox
[2021.01.24-22.55.57:240][656]LogWorld: UWorld::CleanupWorld for Sandbox, bSessionEnded=true, bCleanupResources=true
[2021.01.24-22.55.57:241][656]LogSlate: InvalidateAllWidgets triggered.  All widgets were invalidated
[2021.01.24-22.55.57:293][656]LogAISub: UAISubsystem::~UAISubsystem AIPerceptionSystem (0000021275AD0CC0), frame # 3656
[2021.01.24-22.55.57:293][656]LogAISub: UAISubsystem::~UAISubsystem EnvQueryManager (000002127A741800), frame # 3656
[2021.01.24-22.55.57:296][656]LogUObjectHash: Compacting FUObjectHashTables data took   2.85ms
[2021.01.24-22.55.57:304][656]LogPlayLevel: Creating play world package: /Game/Maps/UEDPIE_0_Sandbox
[2021.01.24-22.55.57:316][656]LogPlayLevel: PIE: StaticDuplicateObject took: (0.011520s)
[2021.01.24-22.55.57:318][656]LogAIModule: Creating AISystem for world Sandbox
[2021.01.24-22.55.57:318][656]LogAISub: UAISubsystem::UAISubsystem EnvQueryManager (000002127A983A00), frame # 3656
[2021.01.24-22.55.57:318][656]LogAISub: UAISubsystem::UAISubsystem AIPerceptionSystem (0000021275512C00), frame # 3656
[2021.01.24-22.55.57:319][656]LogPlayLevel: PIE: World Init took: (0.003240s)
[2021.01.24-22.55.57:319][656]LogPlayLevel: PIE: Created PIE world by copying editor world from /Game/Maps/Sandbox.Sandbox to /Game/Maps/UEDPIE_0_Sandbox.Sandbox (0.015246s)
[2021.01.24-22.55.57:319][656]LogLoad: Game class is 'BP_IntenseGameMode_C'
[2021.01.24-22.55.57:324][656]LogWorld: Bringing World /Game/Maps/UEDPIE_0_Sandbox.Sandbox up for play (max tick rate 60) at 2021.01.24-17.55.57
[2021.01.24-22.55.57:325][656]LogWorld: Bringing up level for play took: 0.002770
[2021.01.24-22.55.57:328][656]LogScript: Warning: Script Msg: Divide by zero detected: 0.000000 / 0
Script call stack:
	Function /Game/ParagonMurdock/Characters/Heroes/Murdock/Murdock_AnimBlueprint.Murdock_AnimBlueprint_C:BlueprintUpdateAnimation
	Function /Game/ParagonMurdock/Characters/Heroes/Murdock/Murdock_AnimBlueprint.Murdock_AnimBlueprint_C:ExecuteUbergraph_Murdock_AnimBlueprint

[2021.01.24-22.55.57:333][656]LogLoad: Took 0.094689 seconds to LoadMap(/Game/Maps/UEDPIE_0_Sandbox)
[2021.01.24-22.55.57:739][670]LogSlate: Updating window title bar state: overlay mode, drag disabled, window buttons hidden, title bar hidden
[2021.01.24-22.55.57:740][670]LogWorld: BeginTearingDown for /Game/Maps/UEDPIE_0_Sandbox
[2021.01.24-22.55.57:742][670]LogSlate: Window 'DroneShooting Preview [NetMode: Standalone] (64-bit/Windows) ' being destroyed
[2021.01.24-22.55.57:793][670]LogWorld: UWorld::CleanupWorld for Sandbox, bSessionEnded=true, bCleanupResources=true
[2021.01.24-22.55.57:794][670]LogSlate: InvalidateAllWidgets triggered.  All widgets were invalidated
[2021.01.24-22.55.57:818][670]LogPlayLevel: Display: Shutting down PIE online subsystems
[2021.01.24-22.55.57:824][670]LogSlate: InvalidateAllWidgets triggered.  All widgets were invalidated
[2021.01.24-22.55.57:968][670]LogAISub: UAISubsystem::~UAISubsystem AIPerceptionSystem (0000021275512C00), frame # 3670
[2021.01.24-22.55.57:968][670]LogAISub: UAISubsystem::~UAISubsystem EnvQueryManager (000002127A983A00), frame # 3670
[2021.01.24-22.55.57:972][670]LogUObjectHash: Compacting FUObjectHashTables data took   3.43ms
[2021.01.24-22.55.58:091][671]LogPlayLevel: Display: Destroying online subsystem :Context_1
[2021.01.24-22.55.59:765][705]Cmd: OBJ SAVEPACKAGE PACKAGE="/Game/Maps/Sandbox" FILE="../../../../GameDesign/ue4-ml.drone.shooting/DroneShooting/Content/Maps/Sandbox.umap" SILENT=true AUTOSAVING=false KEEPDIRTY=false
[2021.01.24-22.55.59:818][705]LogUObjectHash: Compacting FUObjectHashTables data took   2.68ms
[2021.01.24-22.56.00:115][705]LogSavePackage: Moving '../../../../GameDesign/ue4-ml.drone.shooting/DroneShooting/Saved/SandboxF5D6485040AD6913F2B448BCEDEE5569.tmp' to '../../../../GameDesign/ue4-ml.drone.shooting/DroneShooting/Content/Maps/Sandbox.umap'
[2021.01.24-22.56.00:270][705]Cmd: OBJ SAVEPACKAGE PACKAGE="/Game/Maps/Sandbox_BuiltData" FILE="../../../../GameDesign/ue4-ml.drone.shooting/DroneShooting/Content/Maps/Sandbox_BuiltData.uasset" SILENT=true
[2021.01.24-22.56.00:340][705]LogSavePackage: Moving '../../../../GameDesign/ue4-ml.drone.shooting/DroneShooting/Saved/Sandbox_BuiltData4285493A428F867F0F42A386CF5C7ADE.tmp' to '../../../../GameDesign/ue4-ml.drone.shooting/DroneShooting/Content/Maps/Sandbox_BuiltData.uasset'
[2021.01.24-22.56.00:353][705]AssetCheck: New page: Asset Save: multiple assets
[2021.01.24-22.56.00:353][705]LogContentValidation: Display: Validating World /Game/Maps/Sandbox.Sandbox
[2021.01.24-22.56.00:353][705]LogContentValidation: Display: Validating MapBuildDataRegistry /Game/Maps/Sandbox_BuiltData.Sandbox_BuiltData
