Log file open, 01/22/21 20:53:45
LogInit: Display: Running engine for game: DroneShooting
LogPlatformFile: Not using cached read wrapper
LogTaskGraph: Started task graph with 5 named threads and 35 total threads with 3 sets of task threads.
LogStats: Stats thread started at 0.378367
LogD3D11RHI: Loaded GFSDK_Aftermath_Lib.x64.dll
LogICUInternationalization: ICU TimeZone Detection - Raw Offset: -5:00, Platform Override: ''
LogPluginManager: Mounting plugin Paper2D
LogPluginManager: Mounting plugin AISupport
LogPluginManager: Mounting plugin LightPropagationVolume
LogPluginManager: Mounting plugin CameraShakePreviewer
LogPluginManager: Mounting plugin ActorLayerUtilities
LogPluginManager: Mounting plugin AnimationSharing
LogPluginManager: Mounting plugin CLionSourceCodeAccess
LogPluginManager: Mounting plugin CodeLiteSourceCodeAccess
LogPluginManager: Mounting plugin GitSourceControl
LogPluginManager: Mounting plugin KDevelopSourceCodeAccess
LogPluginManager: Mounting plugin NullSourceCodeAccess
LogPluginManager: Mounting plugin PerforceSourceControl
LogPluginManager: Mounting plugin PlasticSourceControl
LogPluginManager: Mounting plugin RiderSourceCodeAccess
LogPluginManager: Mounting plugin SubversionSourceControl
LogPluginManager: Mounting plugin UObjectPlugin
LogPluginManager: Mounting plugin VisualStudioCodeSourceCodeAccess
LogPluginManager: Mounting plugin VisualStudioSourceCodeAccess
LogPluginManager: Mounting plugin XCodeSourceCodeAccess
LogPluginManager: Mounting plugin AssetManagerEditor
LogPluginManager: Mounting plugin CryptoKeys
LogPluginManager: Mounting plugin CurveEditorTools
LogPluginManager: Mounting plugin DataValidation
LogPluginManager: Mounting plugin EditorScriptingUtilities
LogPluginManager: Mounting plugin FacialAnimation
LogPluginManager: Mounting plugin GameplayTagsEditor
LogPluginManager: Mounting plugin GeometryMode
LogPluginManager: Mounting plugin MacGraphicsSwitching
LogPluginManager: Mounting plugin MaterialAnalyzer
LogPluginManager: Mounting plugin MobileLauncherProfileWizard
LogPluginManager: Mounting plugin PluginBrowser
LogPluginManager: Mounting plugin SpeedTreeImporter
LogPluginManager: Mounting plugin DatasmithContent
LogPluginManager: Mounting plugin VariantManagerContent
LogPluginManager: Mounting plugin AlembicImporter
LogPluginManager: Mounting plugin AutomationUtils
LogPluginManager: Mounting plugin BackChannel
LogPluginManager: Mounting plugin ChaosCloth
LogPluginManager: Mounting plugin ChaosClothEditor
LogPluginManager: Mounting plugin ChaosEditor
LogPluginManager: Mounting plugin ChaosNiagara
LogPluginManager: Mounting plugin ChaosSolverPlugin
LogPluginManager: Mounting plugin CharacterAI
LogPluginManager: Mounting plugin GeometryCache
LogPluginManager: Mounting plugin GeometryCollectionPlugin
LogPluginManager: Mounting plugin GeometryProcessing
LogPluginManager: Mounting plugin PlanarCut
LogPluginManager: Mounting plugin PlatformCrypto
LogPluginManager: Mounting plugin ProxyLODPlugin
LogPluginManager: Mounting plugin SkeletalReduction
LogPluginManager: Mounting plugin Niagara
LogPluginManager: Mounting plugin MagicLeap
LogPluginManager: Mounting plugin MagicLeapLightEstimation
LogPluginManager: Mounting plugin MagicLeapMedia
LogPluginManager: Mounting plugin MagicLeapPassableWorld
LogPluginManager: Mounting plugin MLSDK
LogPluginManager: Mounting plugin BlockoutToolsPlugin
LogPluginManager: Mounting plugin AndroidMedia
LogPluginManager: Mounting plugin AvfMedia
LogPluginManager: Mounting plugin ImgMedia
LogPluginManager: Mounting plugin MediaCompositing
LogPluginManager: Mounting plugin MediaPlayerEditor
LogPluginManager: Mounting plugin WebMMedia
LogPluginManager: Mounting plugin WmfMedia
LogPluginManager: Mounting plugin MeshPainting
LogPluginManager: Mounting plugin TcpMessaging
LogPluginManager: Mounting plugin UdpMessaging
LogPluginManager: Mounting plugin ActorSequence
LogPluginManager: Mounting plugin LevelSequenceEditor
LogPluginManager: Mounting plugin MatineeToLevelSequence
LogPluginManager: Mounting plugin MovieRenderPipeline
LogPluginManager: Mounting plugin TemplateSequence
LogPluginManager: Mounting plugin NetcodeUnitTest
LogPluginManager: Mounting plugin NUTUnrealEngine4
LogPluginManager: Mounting plugin OnlineSubsystemGooglePlay
LogPluginManager: Mounting plugin OnlineSubsystemIOS
LogPluginManager: Mounting plugin OnlineSubsystem
LogPluginManager: Mounting plugin OnlineSubsystemNull
LogPluginManager: Mounting plugin OnlineSubsystemUtils
LogPluginManager: Mounting plugin LauncherChunkInstaller
LogPluginManager: Mounting plugin AndroidDeviceProfileSelector
LogPluginManager: Mounting plugin AndroidMoviePlayer
LogPluginManager: Mounting plugin AndroidPermission
LogPluginManager: Mounting plugin AppleImageUtils
LogPluginManager: Mounting plugin AppleMoviePlayer
LogPluginManager: Mounting plugin ArchVisCharacter
LogPluginManager: Mounting plugin AssetTags
LogPluginManager: Mounting plugin AudioCapture
LogPluginManager: Mounting plugin CableComponent
LogPluginManager: Mounting plugin CustomMeshComponent
LogPluginManager: Mounting plugin EditableMesh
LogPluginManager: Mounting plugin ExampleDeviceProfileSelector
LogPluginManager: Mounting plugin GoogleCloudMessaging
LogPluginManager: Mounting plugin GooglePAD
LogPluginManager: Mounting plugin IOSDeviceProfileSelector
LogPluginManager: Mounting plugin LinuxDeviceProfileSelector
LogPluginManager: Mounting plugin LocationServicesBPLibrary
LogPluginManager: Mounting plugin MobilePatchingUtils
LogPluginManager: Mounting plugin OculusVR
LogPluginManager: Mounting plugin PhysXVehicles
LogPluginManager: Mounting plugin PostSplashScreen
LogPluginManager: Mounting plugin ProceduralMeshComponent
LogPluginManager: Mounting plugin RuntimePhysXCooking
LogPluginManager: Mounting plugin SignificanceManager
LogPluginManager: Mounting plugin SoundFields
LogPluginManager: Mounting plugin SteamVR
LogPluginManager: Mounting plugin Synthesis
LogPluginManager: Mounting plugin WebMMoviePlayer
LogPluginManager: Mounting plugin WindowsMoviePlayer
LogPluginManager: Mounting plugin ScreenshotTools
LogInit: Using libcurl 7.55.1-DEV
LogInit:  - built for x86_64-pc-win32
LogInit:  - supports SSL with OpenSSL/1.1.1
LogInit:  - supports HTTP deflate (compression) using libz 1.2.8
LogInit:  - other features:
LogInit:      CURL_VERSION_SSL
LogInit:      CURL_VERSION_LIBZ
LogInit:      CURL_VERSION_IPV6
LogInit:      CURL_VERSION_ASYNCHDNS
LogInit:      CURL_VERSION_LARGEFILE
LogInit:      CURL_VERSION_IDN
LogInit:  CurlRequestOptions (configurable via config and command line):
LogInit:  - bVerifyPeer = true  - Libcurl will verify peer certificate
LogInit:  - bUseHttpProxy = false  - Libcurl will NOT use HTTP proxy
LogInit:  - bDontReuseConnections = false  - Libcurl will reuse connections
LogInit:  - MaxHostConnections = 16  - Libcurl will limit the number of connections to a host
LogInit:  - LocalHostAddr = Default
LogInit:  - BufferSize = 65536
LogOnline: OSS: Creating online subsystem instance for: NULL
LogInit: WinSock: version 1.1 (2.2), MaxSocks=32767, MaxUdp=65467
LogOnline: OSS: TryLoadSubsystemAndSetDefault: Loaded subsystem for module [NULL]
LogInit: Build: ++UE4+Release-4.25-CL-14469661
LogInit: Engine Version: 4.25.4-14469661+++UE4+Release-4.25
LogInit: Compatible Engine Version: 4.25.0-13144385+++UE4+Release-4.25
LogInit: Net CL: 13144385
LogInit: OS: Windows 10 (Release 2009) (), CPU: Intel(R) Core(TM) i7-8750H CPU @ 2.20GHz, GPU: Intel(R) UHD Graphics 630
LogInit: Compiled (64-bit): Oct 11 2020 08:10:49
LogInit: Compiled with Visual C++: 19.24.28315.00
LogInit: Build Configuration: Development
LogInit: Branch Name: ++UE4+Release-4.25
LogInit: Command Line: 
LogInit: Base Directory: D:/Documents/UE_4.25/Engine/Binaries/Win64/
LogInit: Allocator: TBB
LogInit: Installed Engine Build: 1
LogDevObjectVersion: Number of dev versions registered: 26
LogDevObjectVersion:   Dev-Blueprints (B0D832E4-1F89-4F0D-ACCF-7EB736FD4AA2): 10
LogDevObjectVersion:   Dev-Build (E1C64328-A22C-4D53-A36C-8E866417BD8C): 0
LogDevObjectVersion:   Dev-Core (375EC13C-06E4-48FB-B500-84F0262A717E): 4
LogDevObjectVersion:   Dev-Editor (E4B068ED-F494-42E9-A231-DA0B2E46BB41): 38
LogDevObjectVersion:   Dev-Framework (CFFC743F-43B0-4480-9391-14DF171D2073): 37
LogDevObjectVersion:   Dev-Mobile (B02B49B5-BB20-44E9-A304-32B752E40360): 2
LogDevObjectVersion:   Dev-Networking (A4E4105C-59A1-49B5-A7C5-40C4547EDFEE): 0
LogDevObjectVersion:   Dev-Online (39C831C9-5AE6-47DC-9A44-9C173E1C8E7C): 0
LogDevObjectVersion:   Dev-Physics (78F01B33-EBEA-4F98-B9B4-84EACCB95AA2): 4
LogDevObjectVersion:   Dev-Platform (6631380F-2D4D-43E0-8009-CF276956A95A): 0
LogDevObjectVersion:   Dev-Rendering (12F88B9F-8875-4AFC-A67C-D90C383ABD29): 43
LogDevObjectVersion:   Dev-Sequencer (7B5AE74C-D270-4C10-A958-57980B212A5A): 12
LogDevObjectVersion:   Dev-VR (D7296918-1DD6-4BDD-9DE2-64A83CC13884): 3
LogDevObjectVersion:   Dev-LoadTimes (C2A15278-BFE7-4AFE-6C17-90FF531DF755): 1
LogDevObjectVersion:   Private-Geometry (6EACA3D4-40EC-4CC1-B786-8BED09428FC5): 3
LogDevObjectVersion:   Dev-AnimPhys (29E575DD-E0A3-4627-9D10-D276232CDCEA): 17
LogDevObjectVersion:   Dev-Anim (AF43A65D-7FD3-4947-9873-3E8ED9C1BB05): 7
LogDevObjectVersion:   Dev-ReflectionCapture (6B266CEC-1EC7-4B8F-A30B-E4D90942FC07): 1
LogDevObjectVersion:   Dev-Automation (0DF73D61-A23F-47EA-B727-89E90C41499A): 1
LogDevObjectVersion:   FortniteMain (601D1886-AC64-4F84-AA16-D3DE0DEAC7D6): 31
LogDevObjectVersion:   Dev-Enterprise (9DFFBCD6-494F-0158-E221-12823C92A888): 10
LogDevObjectVersion:   Dev-Niagara (F2AED0AC-9AFE-416F-8664-AA7FFA26D6FC): 1
LogDevObjectVersion:   Dev-Destruction (174F1F0B-B4C6-45A5-B13F-2EE8D0FB917D): 10
LogDevObjectVersion:   Dev-Physics-Ext (35F94A83-E258-406C-A318-09F59610247C): 37
LogDevObjectVersion:   Dev-PhysicsMaterial-Chaos (B68FC16E-8B1B-42E2-B453-215C058844FE): 1
LogDevObjectVersion:   Dev-CineCamera (B2E18506-4273-CFC2-A54E-F4BB758BBA07): 1
LogInit: Presizing for max 25165824 objects, including 0 objects not considered by GC, pre-allocating 0 bytes for permanent pool.
LogConfig: Applying CVar settings from Section [/Script/Engine.StreamingSettings] File [D:/Documents/GameDesign/ue4-ml.drone.shooting/DroneShooting/Saved/Config/Windows/Engine.ini]
LogConfig: Setting CVar [[s.MinBulkDataSizeForAsyncLoading:131072]]
LogConfig: Setting CVar [[s.AsyncLoadingThreadEnabled:0]]
LogConfig: Setting CVar [[s.EventDrivenLoaderEnabled:1]]
LogConfig: Setting CVar [[s.WarnIfTimeLimitExceeded:0]]
LogConfig: Setting CVar [[s.TimeLimitExceededMultiplier:1.5]]
LogConfig: Setting CVar [[s.TimeLimitExceededMinTime:0.005]]
LogConfig: Setting CVar [[s.UseBackgroundLevelStreaming:1]]
LogConfig: Setting CVar [[s.PriorityAsyncLoadingExtraTime:15.0]]
LogConfig: Setting CVar [[s.LevelStreamingActorsUpdateTimeLimit:5.0]]
LogConfig: Setting CVar [[s.PriorityLevelStreamingActorsUpdateExtraTime:5.0]]
LogConfig: Setting CVar [[s.LevelStreamingComponentsRegistrationGranularity:10]]
LogConfig: Setting CVar [[s.UnregisterComponentsTimeLimit:1.0]]
LogConfig: Setting CVar [[s.LevelStreamingComponentsUnregistrationGranularity:5]]
LogConfig: Setting CVar [[s.FlushStreamingOnExit:1]]
LogInit: Object subsystem initialized
LogConfig: Setting CVar [[con.DebugEarlyDefault:1]]
LogConfig: Setting CVar [[r.setres:1280x720]]
[2021.01.23-01.53.45:631][  0]LogConfig: Setting CVar [[r.VSync:0]]
[2021.01.23-01.53.45:631][  0]LogConfig: Setting CVar [[r.RHICmdBypass:0]]
[2021.01.23-01.53.45:631][  0]LogConfig: Applying CVar settings from Section [/Script/Engine.RendererSettings] File [D:/Documents/GameDesign/ue4-ml.drone.shooting/DroneShooting/Saved/Config/Windows/Engine.ini]
[2021.01.23-01.53.45:631][  0]LogConfig: Setting CVar [[r.GPUCrashDebugging:0]]
[2021.01.23-01.53.45:631][  0]LogConfig: Applying CVar settings from Section [/Script/Engine.RendererOverrideSettings] File [D:/Documents/GameDesign/ue4-ml.drone.shooting/DroneShooting/Saved/Config/Windows/Engine.ini]
[2021.01.23-01.53.45:632][  0]LogConfig: Applying CVar settings from Section [/Script/Engine.StreamingSettings] File [D:/Documents/GameDesign/ue4-ml.drone.shooting/DroneShooting/Saved/Config/Windows/Engine.ini]
[2021.01.23-01.53.45:632][  0]LogConfig: Setting CVar [[s.MinBulkDataSizeForAsyncLoading:131072]]
[2021.01.23-01.53.45:632][  0]LogConfig: Setting CVar [[s.AsyncLoadingThreadEnabled:0]]
[2021.01.23-01.53.45:632][  0]LogConfig: Setting CVar [[s.EventDrivenLoaderEnabled:1]]
[2021.01.23-01.53.45:632][  0]LogConfig: Setting CVar [[s.WarnIfTimeLimitExceeded:0]]
[2021.01.23-01.53.45:632][  0]LogConfig: Setting CVar [[s.TimeLimitExceededMultiplier:1.5]]
[2021.01.23-01.53.45:632][  0]LogConfig: Setting CVar [[s.TimeLimitExceededMinTime:0.005]]
[2021.01.23-01.53.45:632][  0]LogConfig: Setting CVar [[s.UseBackgroundLevelStreaming:1]]
[2021.01.23-01.53.45:632][  0]LogConfig: Setting CVar [[s.PriorityAsyncLoadingExtraTime:15.0]]
[2021.01.23-01.53.45:632][  0]LogConfig: Setting CVar [[s.LevelStreamingActorsUpdateTimeLimit:5.0]]
[2021.01.23-01.53.45:632][  0]LogConfig: Setting CVar [[s.PriorityLevelStreamingActorsUpdateExtraTime:5.0]]
[2021.01.23-01.53.45:632][  0]LogConfig: Setting CVar [[s.LevelStreamingComponentsRegistrationGranularity:10]]
[2021.01.23-01.53.45:632][  0]LogConfig: Setting CVar [[s.UnregisterComponentsTimeLimit:1.0]]
[2021.01.23-01.53.45:632][  0]LogConfig: Setting CVar [[s.LevelStreamingComponentsUnregistrationGranularity:5]]
[2021.01.23-01.53.45:632][  0]LogConfig: Setting CVar [[s.FlushStreamingOnExit:1]]
[2021.01.23-01.53.45:632][  0]LogConfig: Applying CVar settings from Section [/Script/Engine.GarbageCollectionSettings] File [D:/Documents/GameDesign/ue4-ml.drone.shooting/DroneShooting/Saved/Config/Windows/Engine.ini]
[2021.01.23-01.53.45:632][  0]LogConfig: Setting CVar [[gc.MaxObjectsNotConsideredByGC:1]]
[2021.01.23-01.53.45:632][  0]LogConfig: Setting CVar [[gc.SizeOfPermanentObjectPool:0]]
[2021.01.23-01.53.45:632][  0]LogConfig: Setting CVar [[gc.FlushStreamingOnGC:0]]
[2021.01.23-01.53.45:632][  0]LogConfig: Setting CVar [[gc.NumRetriesBeforeForcingGC:10]]
[2021.01.23-01.53.45:632][  0]LogConfig: Setting CVar [[gc.AllowParallelGC:1]]
[2021.01.23-01.53.45:632][  0]LogConfig: Setting CVar [[gc.TimeBetweenPurgingPendingKillObjects:61.1]]
[2021.01.23-01.53.45:632][  0]LogConfig: Setting CVar [[gc.MaxObjectsInEditor:25165824]]
[2021.01.23-01.53.45:632][  0]LogConfig: Setting CVar [[gc.IncrementalBeginDestroyEnabled:1]]
[2021.01.23-01.53.45:632][  0]LogConfig: Setting CVar [[gc.CreateGCClusters:1]]
[2021.01.23-01.53.45:632][  0]LogConfig: Setting CVar [[gc.MinGCClusterSize:5]]
[2021.01.23-01.53.45:632][  0]LogConfig: Setting CVar [[gc.ActorClusteringEnabled:0]]
[2021.01.23-01.53.45:632][  0]LogConfig: Setting CVar [[gc.BlueprintClusteringEnabled:0]]
[2021.01.23-01.53.45:632][  0]LogConfig: Setting CVar [[gc.UseDisregardForGCOnDedicatedServers:0]]
[2021.01.23-01.53.45:632][  0]LogConfig: Applying CVar settings from Section [/Script/Engine.NetworkSettings] File [D:/Documents/GameDesign/ue4-ml.drone.shooting/DroneShooting/Saved/Config/Windows/Engine.ini]
[2021.01.23-01.53.45:632][  0]LogConfig: Applying CVar settings from Section [/Script/UnrealEd.CookerSettings] File [D:/Documents/GameDesign/ue4-ml.drone.shooting/DroneShooting/Saved/Config/Windows/Engine.ini]
[2021.01.23-01.53.45:644][  0]LogConfig: Applying CVar settings from Section [ViewDistanceQuality@3] File [D:/Documents/GameDesign/ue4-ml.drone.shooting/DroneShooting/Saved/Config/Windows/Scalability.ini]
[2021.01.23-01.53.45:644][  0]LogConfig: Setting CVar [[r.SkeletalMeshLODBias:0]]
[2021.01.23-01.53.45:644][  0]LogConfig: Setting CVar [[r.ViewDistanceScale:1.0]]
[2021.01.23-01.53.45:644][  0]LogConfig: Applying CVar settings from Section [AntiAliasingQuality@3] File [D:/Documents/GameDesign/ue4-ml.drone.shooting/DroneShooting/Saved/Config/Windows/Scalability.ini]
[2021.01.23-01.53.45:644][  0]LogConfig: Setting CVar [[r.PostProcessAAQuality:4]]
[2021.01.23-01.53.45:644][  0]LogConfig: Applying CVar settings from Section [ShadowQuality@3] File [D:/Documents/GameDesign/ue4-ml.drone.shooting/DroneShooting/Saved/Config/Windows/Scalability.ini]
[2021.01.23-01.53.45:644][  0]LogConfig: Setting CVar [[r.LightFunctionQuality:1]]
[2021.01.23-01.53.45:644][  0]LogConfig: Setting CVar [[r.ShadowQuality:5]]
[2021.01.23-01.53.45:644][  0]LogConfig: Setting CVar [[r.Shadow.CSM.MaxCascades:10]]
[2021.01.23-01.53.45:644][  0]LogConfig: Setting CVar [[r.Shadow.MaxResolution:2048]]
[2021.01.23-01.53.45:644][  0]LogConfig: Setting CVar [[r.Shadow.MaxCSMResolution:2048]]
[2021.01.23-01.53.45:644][  0]LogConfig: Setting CVar [[r.Shadow.RadiusThreshold:0.01]]
[2021.01.23-01.53.45:644][  0]LogConfig: Setting CVar [[r.Shadow.DistanceScale:1.0]]
[2021.01.23-01.53.45:645][  0]LogConfig: Setting CVar [[r.Shadow.CSM.TransitionScale:1.0]]
[2021.01.23-01.53.45:645][  0]LogConfig: Setting CVar [[r.Shadow.PreShadowResolutionFactor:1.0]]
[2021.01.23-01.53.45:645][  0]LogConfig: Setting CVar [[r.DistanceFieldShadowing:1]]
[2021.01.23-01.53.45:645][  0]LogConfig: Setting CVar [[r.DistanceFieldAO:1]]
[2021.01.23-01.53.45:645][  0]LogConfig: Setting CVar [[r.AOQuality:2]]
[2021.01.23-01.53.45:645][  0]LogConfig: Setting CVar [[r.VolumetricFog:1]]
[2021.01.23-01.53.45:645][  0]LogConfig: Setting CVar [[r.VolumetricFog.GridPixelSize:8]]
[2021.01.23-01.53.45:645][  0]LogConfig: Setting CVar [[r.VolumetricFog.GridSizeZ:128]]
[2021.01.23-01.53.45:645][  0]LogConfig: Setting CVar [[r.VolumetricFog.HistoryMissSupersampleCount:4]]
[2021.01.23-01.53.45:645][  0]LogConfig: Setting CVar [[r.LightMaxDrawDistanceScale:1]]
[2021.01.23-01.53.45:645][  0]LogConfig: Setting CVar [[r.CapsuleShadows:1]]
[2021.01.23-01.53.45:645][  0]LogConfig: Applying CVar settings from Section [PostProcessQuality@3] File [D:/Documents/GameDesign/ue4-ml.drone.shooting/DroneShooting/Saved/Config/Windows/Scalability.ini]
[2021.01.23-01.53.45:645][  0]LogConfig: Setting CVar [[r.MotionBlurQuality:4]]
[2021.01.23-01.53.45:645][  0]LogConfig: Setting CVar [[r.AmbientOcclusionMipLevelFactor:0.4]]
[2021.01.23-01.53.45:645][  0]LogConfig: Setting CVar [[r.AmbientOcclusionMaxQuality:100]]
[2021.01.23-01.53.45:645][  0]LogConfig: Setting CVar [[r.AmbientOcclusionLevels:-1]]
[2021.01.23-01.53.45:645][  0]LogConfig: Setting CVar [[r.AmbientOcclusionRadiusScale:1.0]]
[2021.01.23-01.53.45:645][  0]LogConfig: Setting CVar [[r.DepthOfFieldQuality:2]]
[2021.01.23-01.53.45:645][  0]LogConfig: Setting CVar [[r.RenderTargetPoolMin:400]]
[2021.01.23-01.53.45:645][  0]LogConfig: Setting CVar [[r.LensFlareQuality:2]]
[2021.01.23-01.53.45:645][  0]LogConfig: Setting CVar [[r.SceneColorFringeQuality:1]]
[2021.01.23-01.53.45:645][  0]LogConfig: Setting CVar [[r.EyeAdaptationQuality:2]]
[2021.01.23-01.53.45:645][  0]LogConfig: Setting CVar [[r.BloomQuality:5]]
[2021.01.23-01.53.45:645][  0]LogConfig: Setting CVar [[r.FastBlurThreshold:100]]
[2021.01.23-01.53.45:645][  0]LogConfig: Setting CVar [[r.Upscale.Quality:3]]
[2021.01.23-01.53.45:645][  0]LogConfig: Setting CVar [[r.Tonemapper.GrainQuantization:1]]
[2021.01.23-01.53.45:645][  0]LogConfig: Setting CVar [[r.LightShaftQuality:1]]
[2021.01.23-01.53.45:645][  0]LogConfig: Setting CVar [[r.Filter.SizeScale:1]]
[2021.01.23-01.53.45:645][  0]LogConfig: Setting CVar [[r.Tonemapper.Quality:5]]
[2021.01.23-01.53.45:645][  0]LogConfig: Setting CVar [[r.DOF.Gather.AccumulatorQuality:1        ; higher gathering accumulator quality]]
[2021.01.23-01.53.45:645][  0]LogConfig: Setting CVar [[r.DOF.Gather.PostfilterMethod:1          ; Median3x3 postfilering method]]
[2021.01.23-01.53.45:645][  0]LogConfig: Setting CVar [[r.DOF.Gather.EnableBokehSettings:0       ; no bokeh simulation when gathering]]
[2021.01.23-01.53.45:645][  0]LogConfig: Setting CVar [[r.DOF.Gather.RingCount:4                 ; medium number of samples when gathering]]
[2021.01.23-01.53.45:645][  0]LogConfig: Setting CVar [[r.DOF.Scatter.ForegroundCompositing:1    ; additive foreground scattering]]
[2021.01.23-01.53.45:645][  0]LogConfig: Setting CVar [[r.DOF.Scatter.BackgroundCompositing:2    ; additive background scattering]]
[2021.01.23-01.53.45:645][  0]LogConfig: Setting CVar [[r.DOF.Scatter.EnableBokehSettings:1      ; bokeh simulation when scattering]]
[2021.01.23-01.53.45:645][  0]LogConfig: Setting CVar [[r.DOF.Scatter.MaxSpriteRatio:0.1         ; only a maximum of 10% of scattered bokeh]]
[2021.01.23-01.53.45:645][  0]LogConfig: Setting CVar [[r.DOF.Recombine.Quality:1                ; cheap slight out of focus]]
[2021.01.23-01.53.45:645][  0]LogConfig: Setting CVar [[r.DOF.Recombine.EnableBokehSettings:0    ; no bokeh simulation on slight out of focus]]
[2021.01.23-01.53.45:645][  0]LogConfig: Setting CVar [[r.DOF.TemporalAAQuality:1                ; more stable temporal accumulation]]
[2021.01.23-01.53.45:645][  0]LogConfig: Setting CVar [[r.DOF.Kernel.MaxForegroundRadius:0.025]]
[2021.01.23-01.53.45:645][  0]LogConfig: Setting CVar [[r.DOF.Kernel.MaxBackgroundRadius:0.025]]
[2021.01.23-01.53.45:645][  0]LogConfig: Applying CVar settings from Section [TextureQuality@3] File [D:/Documents/GameDesign/ue4-ml.drone.shooting/DroneShooting/Saved/Config/Windows/Scalability.ini]
[2021.01.23-01.53.45:645][  0]LogConfig: Setting CVar [[r.Streaming.MipBias:0]]
[2021.01.23-01.53.45:645][  0]LogConfig: Setting CVar [[r.Streaming.AmortizeCPUToGPUCopy:0]]
[2021.01.23-01.53.45:645][  0]LogConfig: Setting CVar [[r.Streaming.MaxNumTexturesToStreamPerFrame:0]]
[2021.01.23-01.53.45:646][  0]LogConfig: Setting CVar [[r.Streaming.Boost:1]]
[2021.01.23-01.53.45:646][  0]LogConfig: Setting CVar [[r.MaxAnisotropy:8]]
[2021.01.23-01.53.45:646][  0]LogConfig: Setting CVar [[r.VT.MaxAnisotropy:8]]
[2021.01.23-01.53.45:646][  0]LogConfig: Setting CVar [[r.Streaming.LimitPoolSizeToVRAM:0]]
[2021.01.23-01.53.45:646][  0]LogConfig: Setting CVar [[r.Streaming.PoolSize:1000]]
[2021.01.23-01.53.45:646][  0]LogConfig: Setting CVar [[r.Streaming.MaxEffectiveScreenSize:0]]
[2021.01.23-01.53.45:646][  0]LogConfig: Applying CVar settings from Section [EffectsQuality@3] File [D:/Documents/GameDesign/ue4-ml.drone.shooting/DroneShooting/Saved/Config/Windows/Scalability.ini]
[2021.01.23-01.53.45:646][  0]LogConfig: Setting CVar [[r.TranslucencyLightingVolumeDim:64]]
[2021.01.23-01.53.45:646][  0]LogConfig: Setting CVar [[r.RefractionQuality:2]]
[2021.01.23-01.53.45:646][  0]LogConfig: Setting CVar [[r.SSR.Quality:3]]
[2021.01.23-01.53.45:646][  0]LogConfig: Setting CVar [[r.SSR.HalfResSceneColor:0]]
[2021.01.23-01.53.45:646][  0]LogConfig: Setting CVar [[r.SceneColorFormat:4]]
[2021.01.23-01.53.45:646][  0]LogConfig: Setting CVar [[r.DetailMode:2]]
[2021.01.23-01.53.45:646][  0]LogConfig: Setting CVar [[r.TranslucencyVolumeBlur:1]]
[2021.01.23-01.53.45:646][  0]LogConfig: Setting CVar [[r.MaterialQualityLevel:1 ; High quality]]
[2021.01.23-01.53.45:646][  0]LogConfig: Setting CVar [[r.SSS.Scale:1]]
[2021.01.23-01.53.45:646][  0]LogConfig: Setting CVar [[r.SSS.SampleSet:2]]
[2021.01.23-01.53.45:646][  0]LogConfig: Setting CVar [[r.SSS.Quality:1]]
[2021.01.23-01.53.45:646][  0]LogConfig: Setting CVar [[r.SSS.HalfRes:0]]
[2021.01.23-01.53.45:646][  0]LogConfig: Setting CVar [[r.SSGI.Quality:3]]
[2021.01.23-01.53.45:646][  0]LogConfig: Setting CVar [[r.EmitterSpawnRateScale:1.0]]
[2021.01.23-01.53.45:646][  0]LogConfig: Setting CVar [[r.ParticleLightQuality:2]]
[2021.01.23-01.53.45:646][  0]LogConfig: Setting CVar [[r.SkyAtmosphere.AerialPerspectiveLUT.FastApplyOnOpaque:1 ; Always have FastSkyLUT 1 in this case to avoid wrong sky]]
[2021.01.23-01.53.45:646][  0]LogConfig: Setting CVar [[r.SkyAtmosphere.AerialPerspectiveLUT.SampleCountPerSlice:1]]
[2021.01.23-01.53.45:646][  0]LogConfig: Setting CVar [[r.SkyAtmosphere.AerialPerspectiveLUT.DepthResolution:16.0]]
[2021.01.23-01.53.45:646][  0]LogConfig: Setting CVar [[r.SkyAtmosphere.FastSkyLUT:1]]
[2021.01.23-01.53.45:646][  0]LogConfig: Setting CVar [[r.SkyAtmosphere.FastSkyLUT.SampleCountMin:4.0]]
[2021.01.23-01.53.45:646][  0]LogConfig: Setting CVar [[r.SkyAtmosphere.FastSkyLUT.SampleCountMax:32.0]]
[2021.01.23-01.53.45:646][  0]LogConfig: Setting CVar [[r.SkyAtmosphere.SampleCountMin:4.0]]
[2021.01.23-01.53.45:646][  0]LogConfig: Setting CVar [[r.SkyAtmosphere.SampleCountMax:32.0]]
[2021.01.23-01.53.45:646][  0]LogConfig: Setting CVar [[r.SkyAtmosphere.TransmittanceLUT.UseSmallFormat:0]]
[2021.01.23-01.53.45:646][  0]LogConfig: Setting CVar [[r.SkyAtmosphere.TransmittanceLUT.SampleCount:10.0]]
[2021.01.23-01.53.45:646][  0]LogConfig: Setting CVar [[r.SkyAtmosphere.MultiScatteringLUT.SampleCount:15.0]]
[2021.01.23-01.53.45:646][  0]LogConfig: Applying CVar settings from Section [FoliageQuality@3] File [D:/Documents/GameDesign/ue4-ml.drone.shooting/DroneShooting/Saved/Config/Windows/Scalability.ini]
[2021.01.23-01.53.45:646][  0]LogConfig: Setting CVar [[foliage.DensityScale:1.0]]
[2021.01.23-01.53.45:646][  0]LogConfig: Setting CVar [[grass.DensityScale:1.0]]
[2021.01.23-01.53.45:646][  0]LogConfig: Applying CVar settings from Section [ShadingQuality@3] File [D:/Documents/GameDesign/ue4-ml.drone.shooting/DroneShooting/Saved/Config/Windows/Scalability.ini]
[2021.01.23-01.53.45:646][  0]LogConfig: Setting CVar [[r.HairStrands.SkyLighting.SampleCount:16]]
[2021.01.23-01.53.45:646][  0]LogConfig: Setting CVar [[r.HairStrands.SkyLighting.JitterIntegration:0]]
[2021.01.23-01.53.45:646][  0]LogConfig: Setting CVar [[r.HairStrands.SkyAO.SampleCount:16]]
[2021.01.23-01.53.45:646][  0]LogConfig: Setting CVar [[r.HairStrands.DeepShadow.SuperSampling:0]]
[2021.01.23-01.53.45:646][  0]LogConfig: Setting CVar [[r.HairStrands.VisibilityPPLL:0]]
[2021.01.23-01.53.45:646][  0]LogConfig: Setting CVar [[r.HairStrands.RasterizationScale:0.5]]
[2021.01.23-01.53.45:646][  0]LogConfig: Setting CVar [[r.HairStrands.VelocityRasterizationScale:1]]
[2021.01.23-01.53.45:646][  0]LogInit: Selected Device Profile: [Windows]
[2021.01.23-01.53.45:646][  0]LogInit: Applying CVar settings loaded from the selected device profile: [Windows]
[2021.01.23-01.53.45:647][  0]LogHAL: Display: Platform has ~ 16 GB [17023823872 / 17179869184 / 16], which maps to Larger [LargestMinGB=32, LargerMinGB=12, DefaultMinGB=8, SmallerMinGB=6, SmallestMinGB=0)
[2021.01.23-01.53.45:647][  0]LogInit: Going up to parent DeviceProfile []
[2021.01.23-01.53.45:647][  0]LogConfig: Applying CVar settings from Section [ViewDistanceQuality@3] File [D:/Documents/GameDesign/ue4-ml.drone.shooting/DroneShooting/Saved/Config/Windows/Scalability.ini]
[2021.01.23-01.53.45:647][  0]LogConfig: Setting CVar [[r.SkeletalMeshLODBias:0]]
[2021.01.23-01.53.45:647][  0]LogConfig: Setting CVar [[r.ViewDistanceScale:1.0]]
[2021.01.23-01.53.45:647][  0]LogConfig: Applying CVar settings from Section [AntiAliasingQuality@3] File [D:/Documents/GameDesign/ue4-ml.drone.shooting/DroneShooting/Saved/Config/Windows/Scalability.ini]
[2021.01.23-01.53.45:647][  0]LogConfig: Setting CVar [[r.PostProcessAAQuality:4]]
[2021.01.23-01.53.45:647][  0]LogConfig: Applying CVar settings from Section [ShadowQuality@3] File [D:/Documents/GameDesign/ue4-ml.drone.shooting/DroneShooting/Saved/Config/Windows/Scalability.ini]
[2021.01.23-01.53.45:647][  0]LogConfig: Setting CVar [[r.LightFunctionQuality:1]]
[2021.01.23-01.53.45:647][  0]LogConfig: Setting CVar [[r.ShadowQuality:5]]
[2021.01.23-01.53.45:647][  0]LogConfig: Setting CVar [[r.Shadow.CSM.MaxCascades:10]]
[2021.01.23-01.53.45:647][  0]LogConfig: Setting CVar [[r.Shadow.MaxResolution:2048]]
[2021.01.23-01.53.45:647][  0]LogConfig: Setting CVar [[r.Shadow.MaxCSMResolution:2048]]
[2021.01.23-01.53.45:647][  0]LogConfig: Setting CVar [[r.Shadow.RadiusThreshold:0.01]]
[2021.01.23-01.53.45:647][  0]LogConfig: Setting CVar [[r.Shadow.DistanceScale:1.0]]
[2021.01.23-01.53.45:647][  0]LogConfig: Setting CVar [[r.Shadow.CSM.TransitionScale:1.0]]
[2021.01.23-01.53.45:647][  0]LogConfig: Setting CVar [[r.Shadow.PreShadowResolutionFactor:1.0]]
[2021.01.23-01.53.45:647][  0]LogConfig: Setting CVar [[r.DistanceFieldShadowing:1]]
[2021.01.23-01.53.45:647][  0]LogConfig: Setting CVar [[r.DistanceFieldAO:1]]
[2021.01.23-01.53.45:647][  0]LogConfig: Setting CVar [[r.AOQuality:2]]
[2021.01.23-01.53.45:647][  0]LogConfig: Setting CVar [[r.VolumetricFog:1]]
[2021.01.23-01.53.45:647][  0]LogConfig: Setting CVar [[r.VolumetricFog.GridPixelSize:8]]
[2021.01.23-01.53.45:647][  0]LogConfig: Setting CVar [[r.VolumetricFog.GridSizeZ:128]]
[2021.01.23-01.53.45:647][  0]LogConfig: Setting CVar [[r.VolumetricFog.HistoryMissSupersampleCount:4]]
[2021.01.23-01.53.45:647][  0]LogConfig: Setting CVar [[r.LightMaxDrawDistanceScale:1]]
[2021.01.23-01.53.45:647][  0]LogConfig: Setting CVar [[r.CapsuleShadows:1]]
[2021.01.23-01.53.45:647][  0]LogConfig: Applying CVar settings from Section [PostProcessQuality@3] File [D:/Documents/GameDesign/ue4-ml.drone.shooting/DroneShooting/Saved/Config/Windows/Scalability.ini]
[2021.01.23-01.53.45:647][  0]LogConfig: Setting CVar [[r.MotionBlurQuality:4]]
[2021.01.23-01.53.45:647][  0]LogConfig: Setting CVar [[r.AmbientOcclusionMipLevelFactor:0.4]]
[2021.01.23-01.53.45:647][  0]LogConfig: Setting CVar [[r.AmbientOcclusionMaxQuality:100]]
[2021.01.23-01.53.45:647][  0]LogConfig: Setting CVar [[r.AmbientOcclusionLevels:-1]]
[2021.01.23-01.53.45:647][  0]LogConfig: Setting CVar [[r.AmbientOcclusionRadiusScale:1.0]]
[2021.01.23-01.53.45:647][  0]LogConfig: Setting CVar [[r.DepthOfFieldQuality:2]]
[2021.01.23-01.53.45:647][  0]LogConfig: Setting CVar [[r.RenderTargetPoolMin:400]]
[2021.01.23-01.53.45:647][  0]LogConfig: Setting CVar [[r.LensFlareQuality:2]]
[2021.01.23-01.53.45:647][  0]LogConfig: Setting CVar [[r.SceneColorFringeQuality:1]]
[2021.01.23-01.53.45:647][  0]LogConfig: Setting CVar [[r.EyeAdaptationQuality:2]]
[2021.01.23-01.53.45:647][  0]LogConfig: Setting CVar [[r.BloomQuality:5]]
[2021.01.23-01.53.45:647][  0]LogConfig: Setting CVar [[r.FastBlurThreshold:100]]
[2021.01.23-01.53.45:647][  0]LogConfig: Setting CVar [[r.Upscale.Quality:3]]
[2021.01.23-01.53.45:647][  0]LogConfig: Setting CVar [[r.Tonemapper.GrainQuantization:1]]
[2021.01.23-01.53.45:647][  0]LogConfig: Setting CVar [[r.LightShaftQuality:1]]
[2021.01.23-01.53.45:647][  0]LogConfig: Setting CVar [[r.Filter.SizeScale:1]]
[2021.01.23-01.53.45:647][  0]LogConfig: Setting CVar [[r.Tonemapper.Quality:5]]
[2021.01.23-01.53.45:647][  0]LogConfig: Setting CVar [[r.DOF.Gather.AccumulatorQuality:1        ; higher gathering accumulator quality]]
[2021.01.23-01.53.45:647][  0]LogConfig: Setting CVar [[r.DOF.Gather.PostfilterMethod:1          ; Median3x3 postfilering method]]
[2021.01.23-01.53.45:648][  0]LogConfig: Setting CVar [[r.DOF.Gather.EnableBokehSettings:0       ; no bokeh simulation when gathering]]
[2021.01.23-01.53.45:648][  0]LogConfig: Setting CVar [[r.DOF.Gather.RingCount:4                 ; medium number of samples when gathering]]
[2021.01.23-01.53.45:648][  0]LogConfig: Setting CVar [[r.DOF.Scatter.ForegroundCompositing:1    ; additive foreground scattering]]
[2021.01.23-01.53.45:648][  0]LogConfig: Setting CVar [[r.DOF.Scatter.BackgroundCompositing:2    ; additive background scattering]]
[2021.01.23-01.53.45:648][  0]LogConfig: Setting CVar [[r.DOF.Scatter.EnableBokehSettings:1      ; bokeh simulation when scattering]]
[2021.01.23-01.53.45:648][  0]LogConfig: Setting CVar [[r.DOF.Scatter.MaxSpriteRatio:0.1         ; only a maximum of 10% of scattered bokeh]]
[2021.01.23-01.53.45:648][  0]LogConfig: Setting CVar [[r.DOF.Recombine.Quality:1                ; cheap slight out of focus]]
[2021.01.23-01.53.45:648][  0]LogConfig: Setting CVar [[r.DOF.Recombine.EnableBokehSettings:0    ; no bokeh simulation on slight out of focus]]
[2021.01.23-01.53.45:648][  0]LogConfig: Setting CVar [[r.DOF.TemporalAAQuality:1                ; more stable temporal accumulation]]
[2021.01.23-01.53.45:648][  0]LogConfig: Setting CVar [[r.DOF.Kernel.MaxForegroundRadius:0.025]]
[2021.01.23-01.53.45:648][  0]LogConfig: Setting CVar [[r.DOF.Kernel.MaxBackgroundRadius:0.025]]
[2021.01.23-01.53.45:648][  0]LogConfig: Applying CVar settings from Section [TextureQuality@3] File [D:/Documents/GameDesign/ue4-ml.drone.shooting/DroneShooting/Saved/Config/Windows/Scalability.ini]
[2021.01.23-01.53.45:648][  0]LogConfig: Setting CVar [[r.Streaming.MipBias:0]]
[2021.01.23-01.53.45:648][  0]LogConfig: Setting CVar [[r.Streaming.AmortizeCPUToGPUCopy:0]]
[2021.01.23-01.53.45:648][  0]LogConfig: Setting CVar [[r.Streaming.MaxNumTexturesToStreamPerFrame:0]]
[2021.01.23-01.53.45:648][  0]LogConfig: Setting CVar [[r.Streaming.Boost:1]]
[2021.01.23-01.53.45:648][  0]LogConfig: Setting CVar [[r.MaxAnisotropy:8]]
[2021.01.23-01.53.45:648][  0]LogConfig: Setting CVar [[r.VT.MaxAnisotropy:8]]
[2021.01.23-01.53.45:648][  0]LogConfig: Setting CVar [[r.Streaming.LimitPoolSizeToVRAM:0]]
[2021.01.23-01.53.45:648][  0]LogConfig: Setting CVar [[r.Streaming.PoolSize:1000]]
[2021.01.23-01.53.45:648][  0]LogConfig: Setting CVar [[r.Streaming.MaxEffectiveScreenSize:0]]
[2021.01.23-01.53.45:648][  0]LogConfig: Applying CVar settings from Section [EffectsQuality@3] File [D:/Documents/GameDesign/ue4-ml.drone.shooting/DroneShooting/Saved/Config/Windows/Scalability.ini]
[2021.01.23-01.53.45:648][  0]LogConfig: Setting CVar [[r.TranslucencyLightingVolumeDim:64]]
[2021.01.23-01.53.45:648][  0]LogConfig: Setting CVar [[r.RefractionQuality:2]]
[2021.01.23-01.53.45:648][  0]LogConfig: Setting CVar [[r.SSR.Quality:3]]
[2021.01.23-01.53.45:648][  0]LogConfig: Setting CVar [[r.SSR.HalfResSceneColor:0]]
[2021.01.23-01.53.45:648][  0]LogConfig: Setting CVar [[r.SceneColorFormat:4]]
[2021.01.23-01.53.45:648][  0]LogConfig: Setting CVar [[r.DetailMode:2]]
[2021.01.23-01.53.45:648][  0]LogConfig: Setting CVar [[r.TranslucencyVolumeBlur:1]]
[2021.01.23-01.53.45:648][  0]LogConfig: Setting CVar [[r.MaterialQualityLevel:1 ; High quality]]
[2021.01.23-01.53.45:648][  0]LogConfig: Setting CVar [[r.SSS.Scale:1]]
[2021.01.23-01.53.45:648][  0]LogConfig: Setting CVar [[r.SSS.SampleSet:2]]
[2021.01.23-01.53.45:648][  0]LogConfig: Setting CVar [[r.SSS.Quality:1]]
[2021.01.23-01.53.45:648][  0]LogConfig: Setting CVar [[r.SSS.HalfRes:0]]
[2021.01.23-01.53.45:648][  0]LogConfig: Setting CVar [[r.SSGI.Quality:3]]
[2021.01.23-01.53.45:648][  0]LogConfig: Setting CVar [[r.EmitterSpawnRateScale:1.0]]
[2021.01.23-01.53.45:648][  0]LogConfig: Setting CVar [[r.ParticleLightQuality:2]]
[2021.01.23-01.53.45:648][  0]LogConfig: Setting CVar [[r.SkyAtmosphere.AerialPerspectiveLUT.FastApplyOnOpaque:1 ; Always have FastSkyLUT 1 in this case to avoid wrong sky]]
[2021.01.23-01.53.45:648][  0]LogConfig: Setting CVar [[r.SkyAtmosphere.AerialPerspectiveLUT.SampleCountPerSlice:1]]
[2021.01.23-01.53.45:648][  0]LogConfig: Setting CVar [[r.SkyAtmosphere.AerialPerspectiveLUT.DepthResolution:16.0]]
[2021.01.23-01.53.45:648][  0]LogConfig: Setting CVar [[r.SkyAtmosphere.FastSkyLUT:1]]
[2021.01.23-01.53.45:648][  0]LogConfig: Setting CVar [[r.SkyAtmosphere.FastSkyLUT.SampleCountMin:4.0]]
[2021.01.23-01.53.45:648][  0]LogConfig: Setting CVar [[r.SkyAtmosphere.FastSkyLUT.SampleCountMax:32.0]]
[2021.01.23-01.53.45:648][  0]LogConfig: Setting CVar [[r.SkyAtmosphere.SampleCountMin:4.0]]
[2021.01.23-01.53.45:648][  0]LogConfig: Setting CVar [[r.SkyAtmosphere.SampleCountMax:32.0]]
[2021.01.23-01.53.45:648][  0]LogConfig: Setting CVar [[r.SkyAtmosphere.TransmittanceLUT.UseSmallFormat:0]]
[2021.01.23-01.53.45:648][  0]LogConfig: Setting CVar [[r.SkyAtmosphere.TransmittanceLUT.SampleCount:10.0]]
[2021.01.23-01.53.45:648][  0]LogConfig: Setting CVar [[r.SkyAtmosphere.MultiScatteringLUT.SampleCount:15.0]]
[2021.01.23-01.53.45:648][  0]LogConfig: Applying CVar settings from Section [FoliageQuality@3] File [D:/Documents/GameDesign/ue4-ml.drone.shooting/DroneShooting/Saved/Config/Windows/Scalability.ini]
[2021.01.23-01.53.45:648][  0]LogConfig: Setting CVar [[foliage.DensityScale:1.0]]
[2021.01.23-01.53.45:648][  0]LogConfig: Setting CVar [[grass.DensityScale:1.0]]
[2021.01.23-01.53.45:649][  0]LogConfig: Applying CVar settings from Section [ShadingQuality@3] File [D:/Documents/GameDesign/ue4-ml.drone.shooting/DroneShooting/Saved/Config/Windows/Scalability.ini]
[2021.01.23-01.53.45:649][  0]LogConfig: Setting CVar [[r.HairStrands.SkyLighting.SampleCount:16]]
[2021.01.23-01.53.45:649][  0]LogConfig: Setting CVar [[r.HairStrands.SkyLighting.JitterIntegration:0]]
[2021.01.23-01.53.45:649][  0]LogConfig: Setting CVar [[r.HairStrands.SkyAO.SampleCount:16]]
[2021.01.23-01.53.45:649][  0]LogConfig: Setting CVar [[r.HairStrands.DeepShadow.SuperSampling:0]]
[2021.01.23-01.53.45:649][  0]LogConfig: Setting CVar [[r.HairStrands.VisibilityPPLL:0]]
[2021.01.23-01.53.45:649][  0]LogConfig: Setting CVar [[r.HairStrands.RasterizationScale:0.5]]
[2021.01.23-01.53.45:649][  0]LogConfig: Setting CVar [[r.HairStrands.VelocityRasterizationScale:1]]
[2021.01.23-01.53.45:649][  0]LogConfig: Applying CVar settings from Section [Startup] File [../../../Engine/Config/ConsoleVariables.ini]
[2021.01.23-01.53.45:649][  0]LogConfig: Setting CVar [[net.UseAdaptiveNetUpdateFrequency:0]]
[2021.01.23-01.53.45:649][  0]LogConfig: Setting CVar [[p.chaos.AllowCreatePhysxBodies:1]]
[2021.01.23-01.53.45:649][  0]LogConfig: Setting CVar [[fx.SkipVectorVMBackendOptimizations:1]]
[2021.01.23-01.53.45:649][  0]LogConfig: Applying CVar settings from Section [ConsoleVariables] File [D:/Documents/GameDesign/ue4-ml.drone.shooting/DroneShooting/Saved/Config/Windows/Engine.ini]
[2021.01.23-01.53.45:649][  0]LogInit: Computer: PHILNG
[2021.01.23-01.53.45:649][  0]LogInit: User: philng
[2021.01.23-01.53.45:649][  0]LogInit: CPU Page size=4096, Cores=6
[2021.01.23-01.53.45:649][  0]LogInit: High frequency timer resolution =10.000000 MHz
[2021.01.23-01.53.45:649][  0]LogMemory: Memory total: Physical=15.9GB (16GB approx)
[2021.01.23-01.53.45:650][  0]LogMemory: Platform Memory Stats for Windows
[2021.01.23-01.53.45:650][  0]LogMemory: Process Physical Memory: 118.73 MB used, 118.73 MB peak
[2021.01.23-01.53.45:650][  0]LogMemory: Process Virtual Memory: 101.18 MB used, 101.18 MB peak
[2021.01.23-01.53.45:650][  0]LogMemory: Physical Memory: 9410.58 MB used,  6824.60 MB free, 16235.18 MB total
[2021.01.23-01.53.45:650][  0]LogMemory: Virtual Memory: 5150.08 MB used,  134212576.00 MB free, 134217728.00 MB total
[2021.01.23-01.53.45:659][  0]LogWindows: WindowsPlatformFeatures enabled
[2021.01.23-01.53.45:771][  0]LogInit: Physics initialised using underlying interface: PhysX
[2021.01.23-01.53.45:772][  0]LogInit: Using OS detected language (en-GB).
[2021.01.23-01.53.45:772][  0]LogInit: Using OS detected locale (en-CA).
[2021.01.23-01.53.45:776][  0]LogTextLocalizationManager: No specific localization for 'en-GB' exists, so the 'en' localization will be used.
[2021.01.23-01.53.46:067][  0]LogInit: Setting process to per monitor DPI aware
[2021.01.23-01.53.46:130][  0]LogSlate: New Slate User Created.  User Index 0, Is Virtual User: 0
[2021.01.23-01.53.46:130][  0]LogSlate: Slate User Registered.  User Index 0, Is Virtual User: 0
[2021.01.23-01.53.46:428][  0]LogHMD: Failed to initialize OpenVR with code 110
[2021.01.23-01.53.46:428][  0]LogD3D11RHI: D3D11 min allowed feature level: 11_0
[2021.01.23-01.53.46:428][  0]LogD3D11RHI: D3D11 max allowed feature level: 11_0
[2021.01.23-01.53.46:428][  0]LogD3D11RHI: D3D11 adapters:
[2021.01.23-01.53.46:620][  0]LogD3D11RHI:    0. 'NVIDIA GeForce GTX 1060' (Feature Level 11_0)
[2021.01.23-01.53.46:620][  0]LogD3D11RHI:       6052/0/8117 MB DedicatedVideo/DedicatedSystem/SharedSystem, Outputs:2, VendorId:0x10de
[2021.01.23-01.53.46:651][  0]LogD3D11RHI:    1. 'Intel(R) UHD Graphics 630' (Feature Level 11_0)
[2021.01.23-01.53.46:651][  0]LogD3D11RHI:       128/0/8117 MB DedicatedVideo/DedicatedSystem/SharedSystem, Outputs:1, VendorId:0x8086
[2021.01.23-01.53.46:655][  0]LogD3D11RHI:    2. 'Microsoft Basic Render Driver' (Feature Level 11_0)
[2021.01.23-01.53.46:655][  0]LogD3D11RHI:       0/0/8117 MB DedicatedVideo/DedicatedSystem/SharedSystem, Outputs:0, VendorId:0x1414
[2021.01.23-01.53.46:655][  0]LogD3D11RHI: Chosen D3D11 Adapter: 0
[2021.01.23-01.53.46:667][  0]LogD3D11RHI: Creating new Direct3DDevice
[2021.01.23-01.53.46:668][  0]LogD3D11RHI:     GPU DeviceId: 0x1c20 (for the marketing name, search the web for "GPU Device Id")
[2021.01.23-01.53.46:668][  0]LogWindows: EnumDisplayDevices:
[2021.01.23-01.53.46:668][  0]LogWindows:    0. 'Intel(R) UHD Graphics 630' (P:0 D:1)
[2021.01.23-01.53.46:669][  0]LogWindows:    1. 'Intel(R) UHD Graphics 630' (P:0 D:0)
[2021.01.23-01.53.46:669][  0]LogWindows:    2. 'Intel(R) UHD Graphics 630' (P:0 D:0)
[2021.01.23-01.53.46:670][  0]LogWindows:    3. 'NVIDIA GeForce GTX 1060' (P:1 D:1)
[2021.01.23-01.53.46:671][  0]LogWindows:    4. 'NVIDIA GeForce GTX 1060' (P:0 D:1)
[2021.01.23-01.53.46:672][  0]LogWindows:    5. 'NVIDIA GeForce GTX 1060' (P:0 D:0)
[2021.01.23-01.53.46:672][  0]LogWindows:    6. 'NVIDIA GeForce GTX 1060' (P:0 D:0)
[2021.01.23-01.53.46:673][  0]LogWindows: DebugString: PrimaryIsNotTheChoosenAdapter PrimaryIsNotTheChoosenAdapter PrimaryIsNotTheChoosenAdapter FoundDriverCount:4 
[2021.01.23-01.53.46:673][  0]LogD3D11RHI:     Adapter Name: NVIDIA GeForce GTX 1060
[2021.01.23-01.53.46:673][  0]LogD3D11RHI:   Driver Version: 460.89 (internal:27.21.14.6089, unified:460.89)
[2021.01.23-01.53.46:673][  0]LogD3D11RHI:      Driver Date: 12-11-2020
[2021.01.23-01.53.46:673][  0]LogRHI: Texture pool is 4236 MB (70% of 6052 MB)
[2021.01.23-01.53.46:797][  0]LogD3D11RHI: RHI has support for 64 bit atomics
[2021.01.23-01.53.46:798][  0]LogD3D11RHI: Async texture creation enabled
[2021.01.23-01.53.46:798][  0]LogD3D11RHI: Array index from any shader is supported
[2021.01.23-01.53.46:851][  0]LogD3D11RHI: GPU Timing Frequency: 1000.000000 (Debug: 2 1)
[2021.01.23-01.53.53:090][  0]LogTargetPlatformManager: Display: Loaded TargetPlatform 'AllDesktop'
[2021.01.23-01.53.53:119][  0]LogTargetPlatformManager: Display: Loaded TargetPlatform 'Android'
[2021.01.23-01.53.53:119][  0]LogTargetPlatformManager: Display: Loaded TargetPlatform 'Android_ASTC'
[2021.01.23-01.53.53:120][  0]LogTargetPlatformManager: Display: Loaded TargetPlatform 'Android_DXT'
[2021.01.23-01.53.53:120][  0]LogTargetPlatformManager: Display: Loaded TargetPlatform 'Android_ETC2'
[2021.01.23-01.53.53:120][  0]LogTargetPlatformManager: Display: Loaded TargetPlatform 'AndroidClient'
[2021.01.23-01.53.53:120][  0]LogTargetPlatformManager: Display: Loaded TargetPlatform 'Android_ASTCClient'
[2021.01.23-01.53.53:120][  0]LogTargetPlatformManager: Display: Loaded TargetPlatform 'Android_DXTClient'
[2021.01.23-01.53.53:120][  0]LogTargetPlatformManager: Display: Loaded TargetPlatform 'Android_ETC2Client'
[2021.01.23-01.53.53:120][  0]LogTargetPlatformManager: Display: Loaded TargetPlatform 'Android_Multi'
[2021.01.23-01.53.53:120][  0]LogTargetPlatformManager: Display: Loaded TargetPlatform 'Android_MultiClient'
[2021.01.23-01.53.53:153][  0]LogTargetPlatformManager: Display: Loaded TargetPlatform 'IOSClient'
[2021.01.23-01.53.53:153][  0]LogTargetPlatformManager: Display: Loaded TargetPlatform 'IOS'
[2021.01.23-01.53.53:167][  0]LogTargetPlatformManager: Display: Loaded TargetPlatform 'Linux'
[2021.01.23-01.53.53:181][  0]LogTargetPlatformManager: Display: Loaded TargetPlatform 'LinuxNoEditor'
[2021.01.23-01.53.53:194][  0]LogTargetPlatformManager: Display: Loaded TargetPlatform 'LinuxClient'
[2021.01.23-01.53.53:207][  0]LogTargetPlatformManager: Display: Loaded TargetPlatform 'LinuxServer'
[2021.01.23-01.53.53:221][  0]LogTargetPlatformManager: Display: Loaded TargetPlatform 'LinuxAArch64NoEditor'
[2021.01.23-01.53.53:236][  0]LogTargetPlatformManager: Display: Loaded TargetPlatform 'LinuxAArch64Client'
[2021.01.23-01.53.53:252][  0]LogTargetPlatformManager: Display: Loaded TargetPlatform 'LinuxAArch64Server'
[2021.01.23-01.53.53:292][  0]LogTargetPlatformManager: Display: Loaded TargetPlatform 'Lumin'
[2021.01.23-01.53.53:292][  0]LogTargetPlatformManager: Display: Loaded TargetPlatform 'LuminClient'
[2021.01.23-01.53.53:314][  0]LogTargetPlatformManager: Display: Loaded TargetPlatform 'TVOSClient'
[2021.01.23-01.53.53:314][  0]LogTargetPlatformManager: Display: Loaded TargetPlatform 'TVOS'
[2021.01.23-01.53.53:327][  0]LogTargetPlatformManager: Display: Loaded TargetPlatform 'WindowsNoEditor'
[2021.01.23-01.53.53:341][  0]LogTargetPlatformManager: Display: Loaded TargetPlatform 'Windows'
[2021.01.23-01.53.53:355][  0]LogTargetPlatformManager: Display: Loaded TargetPlatform 'WindowsClient'
[2021.01.23-01.53.53:370][  0]LogTargetPlatformManager: Display: Loaded TargetPlatform 'WindowsServer'
[2021.01.23-01.53.53:370][  0]LogTargetPlatformManager: Display: Building Assets For Windows
[2021.01.23-01.53.53:386][  0]LogAudioDebug: Display: Lib vorbis DLL was dynamically loaded.
[2021.01.23-01.53.53:475][  0]LogShaderCompilers: Guid format shader working directory is -12 characters bigger than the processId version (../../../../GameDesign/ue4-ml.drone.shooting/DroneShooting/Intermediate/Shaders/WorkingDirectory/4284/).
[2021.01.23-01.53.53:475][  0]LogShaderCompilers: Cleaned the shader compiler working directory 'C:/Users/lipin/AppData/Local/Temp/UnrealShaderWorkingDir/A8B6F1A046C832E4BCAB438C5BE55A1F/'.
[2021.01.23-01.53.53:476][  0]LogXGEController: Cleaning working directory: C:/Users/lipin/AppData/Local/Temp/UnrealXGEWorkingDir/
[2021.01.23-01.53.53:476][  0]LogXGEController: Cannot use XGE Controller as Incredibuild is not installed on this machine.
[2021.01.23-01.53.53:476][  0]LogShaderCompilers: Cannot use XGE Shader Compiler as Incredibuild is not installed on this machine.
[2021.01.23-01.53.53:476][  0]LogShaderCompilers: Display: Using Local Shader Compiler.
[2021.01.23-01.53.54:635][  0]LogDerivedDataCache: Display: Max Cache Size: 512 MB
[2021.01.23-01.53.54:719][  0]LogDerivedDataCache: Loaded boot cache 0.08s 76MB C:/Users/lipin/AppData/Local/UnrealEngine/4.25/DerivedDataCache/Boot.ddc.
[2021.01.23-01.53.54:719][  0]LogDerivedDataCache: Display: Loaded Boot cache: C:/Users/lipin/AppData/Local/UnrealEngine/4.25/DerivedDataCache/Boot.ddc
[2021.01.23-01.53.54:719][  0]LogDerivedDataCache: FDerivedDataBackendGraph:  Pak pak cache file ../../../../GameDesign/ue4-ml.drone.shooting/DroneShooting/DerivedDataCache/DDC.ddp not found, will not use a pak cache.
[2021.01.23-01.53.54:719][  0]LogDerivedDataCache: Unable to find inner node Pak for hierarchical cache Hierarchy.
[2021.01.23-01.53.54:719][  0]LogDerivedDataCache: FDerivedDataBackendGraph:  CompressedPak pak cache file ../../../../GameDesign/ue4-ml.drone.shooting/DroneShooting/DerivedDataCache/Compressed.ddp not found, will not use a pak cache.
[2021.01.23-01.53.54:719][  0]LogDerivedDataCache: Unable to find inner node CompressedPak for hierarchical cache Hierarchy.
[2021.01.23-01.53.54:734][  0]LogDerivedDataCache: Display: Pak cache opened for reading ../../../Engine/DerivedDataCache/Compressed.ddp.
[2021.01.23-01.53.54:735][  0]LogDerivedDataCache: FDerivedDataBackendGraph:  EnterprisePak pak cache file ../../../Enterprise/DerivedDataCache/Compressed.ddp not found, will not use a pak cache.
[2021.01.23-01.53.54:735][  0]LogDerivedDataCache: Unable to find inner node EnterprisePak for hierarchical cache Hierarchy.
[2021.01.23-01.53.54:737][  0]LogDerivedDataCache: Using Local data cache path C:/Users/lipin/AppData/Local/UnrealEngine/Common/DerivedDataCache: Writable
[2021.01.23-01.53.54:737][  0]LogDerivedDataCache: Shared data cache path not found in *engine.ini, will not use an Shared cache.
[2021.01.23-01.53.54:737][  0]LogDerivedDataCache: Unable to find inner node Shared for hierarchical cache Hierarchy.
[2021.01.23-01.53.54:806][  0]LogSlate: Using FreeType 2.10.0
[2021.01.23-01.53.54:806][  0]LogSlate: SlateFontServices - WITH_FREETYPE: 1, WITH_HARFBUZZ: 1
[2021.01.23-01.53.54:842][  0]LogAssetRegistry: FAssetRegistry took 0.0038 seconds to start up
[2021.01.23-01.53.55:180][  0]LogInit: Selected Device Profile: [Windows]
[2021.01.23-01.53.55:354][  0]LogMeshReduction: Using QuadricMeshReduction for automatic static mesh reduction
[2021.01.23-01.53.55:354][  0]LogMeshReduction: Using SimplygonMeshReduction for automatic skeletal mesh reduction
[2021.01.23-01.53.55:354][  0]LogMeshReduction: Using ProxyLODMeshReduction for automatic mesh merging
[2021.01.23-01.53.55:354][  0]LogMeshReduction: No distributed automatic mesh merging module available
[2021.01.23-01.53.55:354][  0]LogMeshMerging: No distributed automatic mesh merging module available
[2021.01.23-01.53.55:386][  0]LogNetVersion: DroneShooting 1.0.0, NetCL: 13144385, EngineNetVer: 14, GameNetVer: 0 (Checksum: 457005733)
[2021.01.23-01.53.56:030][  0]LogAISub: UAISubsystem::UAISubsystem AISubsystem (000001A5BE2BD3C0), frame # 0
[2021.01.23-01.53.56:030][  0]LogAISub: UAISubsystem::UAISubsystem AIPerceptionSystem (000001A5BE20EAC0), frame # 0
[2021.01.23-01.53.56:031][  0]LogAISub: UAISubsystem::UAISubsystem EnvQueryManager (000001A5BE25DE00), frame # 0
[2021.01.23-01.53.56:120][  0]LogPackageLocalizationCache: Processed 20 localized package path(s) for 1 prioritized culture(s) in 0.079161 seconds
[2021.01.23-01.53.56:126][  0]LogUObjectArray: 15917 objects as part of root set at end of initial load.
[2021.01.23-01.53.56:126][  0]LogUObjectAllocator: 3965568 out of 0 bytes used by permanent object pool.
[2021.01.23-01.53.56:126][  0]LogUObjectArray: CloseDisregardForGC: 0/0 objects in disregard for GC pool
[2021.01.23-01.53.56:612][  0]LogTcpMessaging: Initializing TcpMessaging bridge
[2021.01.23-01.53.56:619][  0]LogUdpMessaging: Initializing bridge on interface 0.0.0.0:0 to multicast group 230.0.0.1:6666.
[2021.01.23-01.53.56:832][  0]SourceControl: Source control is disabled
[2021.01.23-01.53.56:832][  0]SourceControl: Source control is disabled
[2021.01.23-01.53.56:837][  0]SourceControl: Source control is disabled
[2021.01.23-01.53.56:844][  0]SourceControl: Source control is disabled
[2021.01.23-01.53.56:859][  0]SourceControl: Source control is disabled
[2021.01.23-01.53.57:290][  0]LogAndroidPermission: UAndroidPermissionCallbackProxy::GetInstance
[2021.01.23-01.53.57:322][  0]LogAudioCaptureCore: Display: No Audio Capture implementations found. Audio input will be silent.
[2021.01.23-01.53.57:322][  0]LogAudioCaptureCore: Display: No Audio Capture implementations found. Audio input will be silent.
[2021.01.23-01.53.57:430][  0]LogOcInput: OculusInput pre-init called
[2021.01.23-01.53.57:447][  0]LogWindows: Failed to load 'OVRPlugin.dll' (GetLastError=126)
[2021.01.23-01.53.57:447][  0]LogWindows: File 'OVRPlugin.dll' does not exist
[2021.01.23-01.53.57:541][  0]LogEngine: Initializing Engine...
[2021.01.23-01.53.57:543][  0]LogHMD: Failed to initialize OpenVR with code 110
[2021.01.23-01.53.57:543][  0]LogMagicLeap: Warning: VR disabled because ZI is not enabled.  To enable, in the editor, Edit -> Project Settings -> Plugins -> Magic Leap Plugin -> Enable Zero Iteration
[2021.01.23-01.53.57:544][  0]LogStats: UGameplayTagsManager::InitializeManager -  0.000 s
[2021.01.23-01.53.57:739][  0]LogInit: Initializing FReadOnlyCVARCache
[2021.01.23-01.53.57:753][  0]LogAIModule: Creating AISystem for world Untitled
[2021.01.23-01.53.57:753][  0]LogAISub: UAISubsystem::UAISubsystem EnvQueryManager (000001A5C5A2FC00), frame # 0
[2021.01.23-01.53.57:753][  0]LogAISub: UAISubsystem::UAISubsystem AIPerceptionSystem (000001A5C5A47380), frame # 0
[2021.01.23-01.53.57:781][  0]LogAudioMixer: Display: Audio Mixer Platform Settings:
[2021.01.23-01.53.57:782][  0]LogAudioMixer: Display: 	Sample Rate:						  48000
[2021.01.23-01.53.57:782][  0]LogAudioMixer: Display: 	Callback Buffer Frame Size Requested: 1024
[2021.01.23-01.53.57:782][  0]LogAudioMixer: Display: 	Callback Buffer Frame Size To Use:	  1024
[2021.01.23-01.53.57:782][  0]LogAudioMixer: Display: 	Number of buffers to queue:			  2
[2021.01.23-01.53.57:782][  0]LogAudioMixer: Display: 	Max Channels (voices):				  32
[2021.01.23-01.53.57:782][  0]LogAudioMixer: Display: 	Number of Async Source Workers:		  0
[2021.01.23-01.53.57:782][  0]LogAudio: Display: AudioDevice MaxSources: 32
[2021.01.23-01.53.57:782][  0]LogAudio: Display: Using built-in audio occlusion.
[2021.01.23-01.53.57:782][  0]LogAudioMixer: Display: Initializing audio mixer.
[2021.01.23-01.53.57:813][  0]LogAudioMixer: Display: 0: FrontLeft
[2021.01.23-01.53.57:813][  0]LogAudioMixer: Display: 1: FrontRight
[2021.01.23-01.53.57:908][  0]LogAudioMixer: Display: Using Audio Device Headphones (Realtek(R) Audio)
[2021.01.23-01.53.57:913][  0]LogAudioMixer: Display: Initializing Sound Submixes...
[2021.01.23-01.53.57:917][  0]LogAudioMixer: Display: Creating Master Submix 'MasterSubmixDefault'
[2021.01.23-01.53.57:917][  0]LogAudioMixer: Display: Creating Master Submix 'MasterReverbSubmixDefault'
[2021.01.23-01.53.57:918][  0]LogAudioMixer: Display: Creating Master Submix 'MasterEQSubmixDefault'
[2021.01.23-01.53.57:919][  0]LogInit: FAudioDevice initialized.
[2021.01.23-01.53.57:920][  0]LogNetVersion: Set ProjectVersion to 1.0.0.0. Version Checksum will be recalculated on next use.
[2021.01.23-01.53.57:977][  0]LogDerivedDataCache: Saved boot cache 0.06s 76MB C:/Users/lipin/AppData/Local/UnrealEngine/4.25/DerivedDataCache/Boot.ddc.
[2021.01.23-01.53.57:981][  0]LogInit: Texture streaming: Enabled
[2021.01.23-01.53.58:012][  0]LogEngineSessionManager: EngineSessionManager initialized
[2021.01.23-01.53.58:012][  0]LogEngineSessionManager: EngineSessionManager sent abnormal shutdown report. Type=Crashed, SessionId={00AB48FD-499A-D494-B600-289648F058C1}
[2021.01.23-01.53.58:012][  0]LogEditorSessionSummary: Verbose: Initializing EditorSessionSummaryWriter for editor session tracking
[2021.01.23-01.53.58:019][  0]LogEditorSessionSummary: EditorSessionSummaryWriter initialized
[2021.01.23-01.53.58:097][  0]LogInit: Transaction tracking system initialized
[2021.01.23-01.53.58:135][  0]BlueprintLog: New page: Editor Load
[2021.01.23-01.53.58:276][  0]LocalizationService: Localization service is disabled
[2021.01.23-01.53.58:488][  0]LogCook: Display: Max memory allowance for cook 16384mb min free memory 0mb
[2021.01.23-01.53.58:488][  0]LogCook: Display: Mobile HDR setting 1
[2021.01.23-01.53.59:041][  0]LogFileCache: Scanning file cache for directory 'D:/Documents/GameDesign/ue4-ml.drone.shooting/DroneShooting/Content/' took 0.03s
[2021.01.23-01.53.59:041][  0]LogImageWrapper: Warning: PNG Warning: iCCP: CRC error
[2021.01.23-01.53.59:042][  0]LogImageWrapper: Warning: PNG Warning: iCCP: CRC error
[2021.01.23-01.53.59:462][  0]LogImageWrapper: Warning: PNG Warning: iCCP: CRC error
[2021.01.23-01.53.59:462][  0]LogImageWrapper: Warning: PNG Warning: iCCP: CRC error
[2021.01.23-01.53.59:462][  0]SourceControl: Source control is disabled
[2021.01.23-01.53.59:462][  0]LogUnrealEdMisc: Loading editor; pre map load, took 16.429
[2021.01.23-01.53.59:462][  0]Cmd: MAP LOAD FILE="../../../../GameDesign/ue4-ml.drone.shooting/DroneShooting/Content/Maps/Sandbox.umap" TEMPLATE=0 SHOWPROGRESS=1 FEATURELEVEL=3
[2021.01.23-01.53.59:462][  0]LightingResults: New page: Lighting Build
[2021.01.23-01.53.59:463][  0]LogWorld: UWorld::CleanupWorld for Untitled, bSessionEnded=true, bCleanupResources=true
[2021.01.23-01.53.59:463][  0]LogSlate: InvalidateAllWidgets triggered.  All widgets were invalidated
[2021.01.23-01.53.59:463][  0]MapCheck: New page: Map Check
[2021.01.23-01.53.59:463][  0]LightingResults: New page: Lighting Build
[2021.01.23-01.53.59:479][  0]LogAISub: UAISubsystem::~UAISubsystem EnvQueryManager (000001A5C5A2FC00), frame # 0
[2021.01.23-01.53.59:479][  0]LogAISub: UAISubsystem::~UAISubsystem AIPerceptionSystem (000001A5C5A47380), frame # 0
[2021.01.23-01.53.59:482][  0]LogUObjectHash: Compacting FUObjectHashTables data took   1.72ms
[2021.01.23-01.53.59:498][  0]LogLinker: Warning: While loading '../../../../GameDesign/ue4-ml.drone.shooting/DroneShooting/Content/ParagonMurdock/Characters/Heroes/Murdock/Animations/LevelStart_Montage.uasset' failed to load '/Game/ParagonShinbi/Characters/Heroes/Shinbi/Animations/LevelStart': Can't find file.
[2021.01.23-01.53.59:498][  0]LogLinker: Warning: While loading '../../../../GameDesign/ue4-ml.drone.shooting/DroneShooting/Content/ParagonMurdock/Characters/Heroes/Murdock/Animations/LevelStart_Montage.uasset' failed to load '/Game/ParagonShinbi/Characters/Heroes/Shinbi/Animations/LevelStart': Can't find file.
[2021.01.23-01.53.59:498][  0]LogLinker: Warning: While loading '../../../../GameDesign/ue4-ml.drone.shooting/DroneShooting/Content/ParagonMurdock/Characters/Heroes/Murdock/Animations/LevelStart_Montage.uasset' failed to load '/Game/ParagonShinbi/Characters/Heroes/Shinbi/Animations/LevelStart': Can't find file.
[2021.01.23-01.53.59:498][  0]LogLinker: Warning: While loading '../../../../GameDesign/ue4-ml.drone.shooting/DroneShooting/Content/ParagonMurdock/Characters/Heroes/Murdock/Animations/LevelStart_Montage.uasset' failed to load '/Game/ParagonShinbi/Characters/Heroes/Shinbi/Animations/LevelStart': Can't find file.
[2021.01.23-01.53.59:770][  0]LogBlueprint: Warning: [Compiler MurdockPlayerCharacter] InputAction Event references unknown Action 'ResetVR' for  InputAction ResetVR
[2021.01.23-01.53.59:771][  0]LogBlueprint: Warning: [Compiler MurdockPlayerCharacter] Input Axis Event references unknown Axis 'LookUpRate' for  InputAxis LookUpRate
[2021.01.23-01.53.59:771][  0]LogBlueprint: Warning: [Compiler MurdockPlayerCharacter] Input Axis Event references unknown Axis 'TurnRate' for  InputAxis TurnRate
[2021.01.23-01.53.59:772][  0]LogBlueprint: Warning: [Compiler MurdockPlayerCharacter] Input Axis Event references unknown Axis 'Turn' for  InputAxis Turn
[2021.01.23-01.54.00:928][  0]LogLinker: Warning: While loading '../../../../GameDesign/ue4-ml.drone.shooting/DroneShooting/Content/ParagonMurdock/Characters/Heroes/Murdock/Animations/LevelStart_Montage.uasset' failed to load '/Game/ParagonShinbi/Characters/Heroes/Shinbi/Animations/LevelStart': Can't find file.
[2021.01.23-01.54.00:928][  0]LoadErrors: Failed to load /Game/ParagonShinbi/Characters/Heroes/Shinbi/Animations/LevelStart.LevelStart Referenced by LevelStart_Montage
[2021.01.23-01.54.00:928][  0]LogLinker: Warning: While loading '../../../../GameDesign/ue4-ml.drone.shooting/DroneShooting/Content/ParagonMurdock/Characters/Heroes/Murdock/Animations/LevelStart_Montage.uasset' failed to load '/Game/ParagonShinbi/Characters/Heroes/Shinbi/Animations/LevelStart': Can't find file.
[2021.01.23-01.54.00:928][  0]LoadErrors: Failed to load /Game/ParagonShinbi/Characters/Heroes/Shinbi/Animations/LevelStart.LevelStart Referenced by LevelStart_Montage
[2021.01.23-01.54.00:928][  0]LogLinker: Warning: While loading '../../../../GameDesign/ue4-ml.drone.shooting/DroneShooting/Content/ParagonMurdock/Characters/Heroes/Murdock/Animations/LevelStart_Montage.uasset' failed to load '/Game/ParagonShinbi/Characters/Heroes/Shinbi/Animations/LevelStart': Can't find file.
[2021.01.23-01.54.00:928][  0]LoadErrors: Failed to load /Game/ParagonShinbi/Characters/Heroes/Shinbi/Animations/LevelStart.LevelStart Referenced by LevelStart_Montage
[2021.01.23-01.54.00:928][  0]LogLinker: Warning: While loading '../../../../GameDesign/ue4-ml.drone.shooting/DroneShooting/Content/ParagonMurdock/Characters/Heroes/Murdock/Animations/LevelStart_Montage.uasset' failed to load '/Game/ParagonShinbi/Characters/Heroes/Shinbi/Animations/LevelStart': Can't find file.
[2021.01.23-01.54.00:928][  0]LoadErrors: Failed to load /Game/ParagonShinbi/Characters/Heroes/Shinbi/Animations/LevelStart.LevelStart Referenced by LevelStart_Montage
[2021.01.23-01.54.00:990][  0]LogMaterial: Display: Missing cached shader map for material M_EyeRefractive, compiling. 
[2021.01.23-01.54.01:009][  0]LogMaterial: Warning: D:\Documents\GameDesign\ue4-ml.drone.shooting\DroneShooting\Content\ParagonMurdock\Characters\Global\Eyes\Materials\M_EyeRefractive.uasset: Failed to compile Material for platform PCD3D_SM5, Default Material will be used in game.
[2021.01.23-01.54.01:009][  0]LogMaterial: Display: 	(Node TextureSampleParameterCube) ParamCube> Found NULL, requires TextureCube
[2021.01.23-01.54.01:010][  0]LogMaterial: Display: 	(Node MakeMaterialAttributes) Error on property EmissiveColor
[2021.01.23-01.54.01:363][  0]LogAIModule: Creating AISystem for world Sandbox
[2021.01.23-01.54.01:363][  0]LogAISub: UAISubsystem::UAISubsystem EnvQueryManager (000001A5D486BE00), frame # 0
[2021.01.23-01.54.01:363][  0]LogAISub: UAISubsystem::UAISubsystem AIPerceptionSystem (000001A5D489BB00), frame # 0
[2021.01.23-01.54.01:367][  0]LogScript: Warning: Script Msg: Divide by zero detected: 0.000000 / 0
Script call stack:
	Function /Game/ParagonMurdock/Characters/Heroes/Murdock/Murdock_AnimBlueprint.Murdock_AnimBlueprint_C:BlueprintUpdateAnimation
	Function /Game/ParagonMurdock/Characters/Heroes/Murdock/Murdock_AnimBlueprint.Murdock_AnimBlueprint_C:ExecuteUbergraph_Murdock_AnimBlueprint

[2021.01.23-01.54.01:371][  0]LogEditorServer: Finished looking for orphan Actors (0.000 secs)
[2021.01.23-01.54.01:397][  0]LogUObjectHash: Compacting FUObjectHashTables data took   1.29ms
[2021.01.23-01.54.01:398][  0]Cmd: MAP CHECKDEP NOCLEARLOG
[2021.01.23-01.54.01:398][  0]MapCheck: Map check complete: 0 Error(s), 0 Warning(s), took 0.111ms to complete.
[2021.01.23-01.54.01:398][  0]LogFileHelpers: Loading map 'Sandbox' took 1.936
[2021.01.23-01.54.01:401][  0]LogUnrealEdMisc: Total Editor Startup Time, took 18.367
[2021.01.23-01.54.01:800][  0]LogSlate: Updating window title bar state: overlay mode, drag disabled, window buttons hidden, title bar hidden
[2021.01.23-01.54.01:810][  0]LogSlate: Updating window title bar state: overlay mode, drag disabled, window buttons hidden, title bar hidden
[2021.01.23-01.54.01:819][  0]LogSlate: Updating window title bar state: overlay mode, drag disabled, window buttons hidden, title bar hidden
[2021.01.23-01.54.01:828][  0]LogSlate: Updating window title bar state: overlay mode, drag disabled, window buttons hidden, title bar hidden
[2021.01.23-01.54.01:847][  0]LogCollectionManager: Loaded 0 collections in 0.002634 seconds
[2021.01.23-01.54.01:862][  0]LogFileCache: Scanning file cache for directory 'D:/Documents/GameDesign/ue4-ml.drone.shooting/DroneShooting/Saved/Collections/' took 0.00s
[2021.01.23-01.54.01:862][  0]LogFileCache: Scanning file cache for directory 'D:/Documents/GameDesign/ue4-ml.drone.shooting/DroneShooting/Content/Developers/philng/Collections/' took 0.00s
[2021.01.23-01.54.01:863][  0]LogFileCache: Scanning file cache for directory 'D:/Documents/GameDesign/ue4-ml.drone.shooting/DroneShooting/Content/Collections/' took 0.00s
[2021.01.23-01.54.01:863][  0]LogContentBrowser: Native class hierarchy populated in 0.0114 seconds. Added 3432 classes and 828 folders.
[2021.01.23-01.54.01:866][  0]LogContentBrowser: Native class hierarchy updated for 'WidgetCarousel' in 0.0005 seconds. Added 0 classes and 0 folders.
[2021.01.23-01.54.01:943][  0]LogContentBrowser: Native class hierarchy updated for 'AddContentDialog' in 0.0007 seconds. Added 0 classes and 0 folders.
[2021.01.23-01.54.02:466][  0]LogSlate: Took 0.000202 seconds to synchronously load lazily loaded font '../../../Engine/Content/Slate/Fonts/Roboto-Regular.ttf' (155K)
[2021.01.23-01.54.02:469][  0]LogSlate: Took 0.000177 seconds to synchronously load lazily loaded font '../../../Engine/Content/Slate/Fonts/Roboto-Bold.ttf' (160K)
[2021.01.23-01.54.02:475][  0]LogSlate: Took 0.000297 seconds to synchronously load lazily loaded font '../../../Engine/Content/Editor/Slate/Fonts/FontAwesome.ttf' (139K)
[2021.01.23-01.54.02:475][  0]LogSlate: Took 0.000145 seconds to synchronously load lazily loaded font '../../../Engine/Content/Slate/Fonts/DroidSansMono.ttf' (77K)
[2021.01.23-01.54.02:665][  0]LogRenderer: Reallocating scene render targets to support 1056x648 Format 10 NumSamples 1 (Frame:1).
[2021.01.23-01.54.02:844][  0]LogContentBrowser: Native class hierarchy updated for 'HierarchicalLODOutliner' in 0.0006 seconds. Added 0 classes and 0 folders.
[2021.01.23-01.54.02:845][  0]LogLoad: (Engine Initialization) Total time: 19.81 seconds
[2021.01.23-01.54.02:845][  0]LogLoad: (Engine Initialization) Total Blueprint compile time: 0.00 seconds
[2021.01.23-01.54.03:417][  0]LogContentStreaming: Texture pool size now 1000 MB
[2021.01.23-01.54.03:483][  0]LogSlate: Took 0.000166 seconds to synchronously load lazily loaded font '../../../Engine/Content/Slate/Fonts/Roboto-Light.ttf' (167K)
[2021.01.23-01.54.03:516][  1]LogScript: Warning: Script Msg: Divide by zero detected: 0.000000 / 0
Script call stack:
	Function /Game/ParagonMurdock/Characters/Heroes/Murdock/Murdock_AnimBlueprint.Murdock_AnimBlueprint_C:BlueprintUpdateAnimation
	Function /Game/ParagonMurdock/Characters/Heroes/Murdock/Murdock_AnimBlueprint.Murdock_AnimBlueprint_C:ExecuteUbergraph_Murdock_AnimBlueprint

[2021.01.23-01.54.03:533][  1]LogAssetRegistry: Asset discovery search completed in 8.6924 seconds
[2021.01.23-01.54.03:540][  1]LogCollectionManager: Fixed up redirectors for 0 collections in 0.000004 seconds (updated 0 objects)
[2021.01.23-01.54.05:522][  7]LogSlate: Window 'Message Log' being destroyed
[2021.01.23-01.54.05:529][  7]LogSlate: Window 'Message Log' being destroyed
[2021.01.23-01.54.27:324][271]Cmd: OBJ SAVEPACKAGE PACKAGE="/Game/Maps/Sandbox" FILE="../../../../GameDesign/ue4-ml.drone.shooting/DroneShooting/Content/Maps/Sandbox.umap" SILENT=true AUTOSAVING=false KEEPDIRTY=false
[2021.01.23-01.54.27:343][271]LogUObjectHash: Compacting FUObjectHashTables data took   0.95ms
[2021.01.23-01.54.27:384][271]LogSavePackage: Moving '../../../../GameDesign/ue4-ml.drone.shooting/DroneShooting/Saved/Sandbox2A58361C4A4547BBAA94E28847E8BCC5.tmp' to '../../../../GameDesign/ue4-ml.drone.shooting/DroneShooting/Content/Maps/Sandbox.umap'
[2021.01.23-01.54.27:421][271]Cmd: OBJ SAVEPACKAGE PACKAGE="/Game/Maps/Sandbox_BuiltData" FILE="../../../../GameDesign/ue4-ml.drone.shooting/DroneShooting/Content/Maps/Sandbox_BuiltData.uasset" SILENT=true
[2021.01.23-01.54.27:492][271]LogSavePackage: Moving '../../../../GameDesign/ue4-ml.drone.shooting/DroneShooting/Saved/Sandbox_BuiltDataDB264C7947398185CCDE17AA90B745BE.tmp' to '../../../../GameDesign/ue4-ml.drone.shooting/DroneShooting/Content/Maps/Sandbox_BuiltData.uasset'
[2021.01.23-01.54.27:514][271]AssetCheck: New page: Asset Save: multiple assets
[2021.01.23-01.54.27:514][271]LogContentValidation: Display: Validating World /Game/Maps/Sandbox.Sandbox
[2021.01.23-01.54.27:514][271]LogContentValidation: Display: Validating MapBuildDataRegistry /Game/Maps/Sandbox_BuiltData.Sandbox_BuiltData
[2021.01.23-01.54.41:427][667]Candidate modules for hot reload:
[2021.01.23-01.54.41:427][667]  DroneShooting
[2021.01.23-01.54.41:427][667]Launching UnrealBuildTool... [D:/Documents/UE_4.25/Engine/Binaries/DotNET/UnrealBuildTool.exe  -ModuleWithSuffix=DroneShooting,201 DroneShootingEditor Win64 Development -Project="D:/Documents/GameDesign/ue4-ml.drone.shooting/DroneShooting/DroneShooting.uproject" "D:/Documents/GameDesign/ue4-ml.drone.shooting/DroneShooting/DroneShooting.uproject"  -IgnoreJunk]
[2021.01.23-01.54.41:550][667]Warning: Starting HotReload took  0.2s.
[2021.01.23-01.54.50:188][  2]CompilerResultsLog: New page: Compilation - Jan. 22, 2021, 3:54:50 p.m.
[2021.01.23-01.54.50:188][  2]CompilerResultsLog: Using 'git status' to determine working set for adaptive non-unity build (D:\Documents\GameDesign\ue4-ml.drone.shooting).
[2021.01.23-01.54.50:188][  2]CompilerResultsLog: Building DroneShootingEditor...
[2021.01.23-01.54.50:188][  2]CompilerResultsLog: Using Visual Studio 2019 14.27.29112 toolchain (C:\Program Files (x86)\Microsoft Visual Studio\2019\Community\VC\Tools\MSVC\14.27.29110) and Windows 10.0.18362.0 SDK (C:\Program Files (x86)\Windows Kits\10).
[2021.01.23-01.54.50:188][  2]CompilerResultsLog: Building 4 actions with 12 processes...
[2021.01.23-01.54.50:188][  2]CompilerResultsLog:   [1/4] EnemyAIController.cpp
[2021.01.23-01.54.50:189][  2]CompilerResultsLog:   [2/4] UE4Editor-DroneShooting-0201.lib
[2021.01.23-01.54.50:189][  2]CompilerResultsLog:      Creating library D:\Documents\GameDesign\ue4-ml.drone.shooting\DroneShooting\Intermediate\Build\Win64\UE4Editor\Development\DroneShooting\UE4Editor-DroneShooting-0201.lib and object D:\Documents\GameDesign\ue4-ml.drone.shooting\DroneShooting\Intermediate\Build\Win64\UE4Editor\Development\DroneShooting\UE4Editor-DroneShooting-0201.exp
[2021.01.23-01.54.50:189][  2]CompilerResultsLog:   [3/4] UE4Editor-DroneShooting-0201.dll
[2021.01.23-01.54.50:189][  2]CompilerResultsLog:      Creating library D:\Documents\GameDesign\ue4-ml.drone.shooting\DroneShooting\Intermediate\Build\Win64\UE4Editor\Development\DroneShooting\UE4Editor-DroneShooting-0201.suppressed.lib and object D:\Documents\GameDesign\ue4-ml.drone.shooting\DroneShooting\Intermediate\Build\Win64\UE4Editor\Development\DroneShooting\UE4Editor-DroneShooting-0201.suppressed.exp
[2021.01.23-01.54.50:189][  2]CompilerResultsLog:   [4/4] DroneShootingEditor.target
[2021.01.23-01.54.50:189][  2]CompilerResultsLog: Total time in Parallel executor: 3.28 seconds
[2021.01.23-01.54.50:189][  2]CompilerResultsLog: Total execution time: 8.44 seconds
[2021.01.23-01.54.50:189][  2]LogMainFrame: MainFrame: Module compiling took 8.815 seconds
[2021.01.23-01.54.50:205][  2]LogContentBrowser: Native class hierarchy populated in 0.0157 seconds. Added 3432 classes and 828 folders.
[2021.01.23-01.54.50:212][  2]Display: HotReload took  8.8s.
[2021.01.23-01.54.52:138][198]LogTemp: Repeating last play command: New Editor Window (PIE)
[2021.01.23-01.54.52:159][198]LogPlayLevel: PlayLevel: No blueprints needed recompiling
[2021.01.23-01.54.52:159][198]PIE: New page: PIE session: Sandbox (Jan. 22, 2021, 3:54:52 p.m.)
[2021.01.23-01.54.52:160][198]LogOnline: OSS: Creating online subsystem instance for: NULL
[2021.01.23-01.54.52:162][198]LogOnline: OSS: TryLoadSubsystemAndSetDefault: Loaded subsystem for module [NULL]
[2021.01.23-01.54.52:162][198]LogPlayLevel: Creating play world package: /Game/Maps/UEDPIE_0_Sandbox
[2021.01.23-01.54.52:166][198]LogPlayLevel: PIE: StaticDuplicateObject took: (0.004078s)
[2021.01.23-01.54.52:167][198]LogAIModule: Creating AISystem for world Sandbox
[2021.01.23-01.54.52:167][198]LogAISub: UAISubsystem::UAISubsystem EnvQueryManager (000001A5E4947200), frame # 1198
[2021.01.23-01.54.52:167][198]LogAISub: UAISubsystem::UAISubsystem AIPerceptionSystem (000001A60B736700), frame # 1198
[2021.01.23-01.54.52:168][198]LogPlayLevel: PIE: World Init took: (0.001699s)
[2021.01.23-01.54.52:168][198]LogPlayLevel: PIE: Created PIE world by copying editor world from /Game/Maps/Sandbox.Sandbox to /Game/Maps/UEDPIE_0_Sandbox.Sandbox (0.005972s)
[2021.01.23-01.54.52:182][198]LogUObjectHash: Compacting FUObjectHashTables data took   0.97ms
[2021.01.23-01.54.52:184][198]LogAudioMixer: Display: Audio Mixer Platform Settings:
[2021.01.23-01.54.52:184][198]LogAudioMixer: Display: 	Sample Rate:						  48000
[2021.01.23-01.54.52:184][198]LogAudioMixer: Display: 	Callback Buffer Frame Size Requested: 1024
[2021.01.23-01.54.52:184][198]LogAudioMixer: Display: 	Callback Buffer Frame Size To Use:	  1024
[2021.01.23-01.54.52:184][198]LogAudioMixer: Display: 	Number of buffers to queue:			  2
[2021.01.23-01.54.52:184][198]LogAudioMixer: Display: 	Max Channels (voices):				  32
[2021.01.23-01.54.52:184][198]LogAudioMixer: Display: 	Number of Async Source Workers:		  0
[2021.01.23-01.54.52:184][198]LogAudio: Display: AudioDevice MaxSources: 32
[2021.01.23-01.54.52:185][198]LogAudio: Display: Using built-in audio occlusion.
[2021.01.23-01.54.52:185][198]LogAudioMixer: Display: Initializing audio mixer.
[2021.01.23-01.54.52:190][198]LogAudioMixer: Display: 0: FrontLeft
[2021.01.23-01.54.52:190][198]LogAudioMixer: Display: 1: FrontRight
[2021.01.23-01.54.52:257][198]LogAudioMixer: Display: Using Audio Device Headphones (Realtek(R) Audio)
[2021.01.23-01.54.52:258][198]LogAudioMixer: Display: Initializing Sound Submixes...
[2021.01.23-01.54.52:258][198]LogAudioMixer: Display: Creating Master Submix 'MasterSubmixDefault'
[2021.01.23-01.54.52:258][198]LogAudioMixer: Display: Creating Master Submix 'MasterReverbSubmixDefault'
[2021.01.23-01.54.52:258][198]LogAudioMixer: Display: Creating Master Submix 'MasterEQSubmixDefault'
[2021.01.23-01.54.52:275][198]LogInit: FAudioDevice initialized.
[2021.01.23-01.54.52:308][198]LogSlate: Updating window title bar state: overlay mode, drag disabled, window buttons hidden, title bar hidden
[2021.01.23-01.54.52:561][198]LogLoad: Game class is 'BP_ShooterGameMode_C'
[2021.01.23-01.54.52:564][198]LogScript: Warning: Script Msg: Divide by zero detected: 0.000000 / 0
Script call stack:
	Function /Game/ParagonMurdock/Characters/Heroes/Murdock/Murdock_AnimBlueprint.Murdock_AnimBlueprint_C:BlueprintUpdateAnimation
	Function /Game/ParagonMurdock/Characters/Heroes/Murdock/Murdock_AnimBlueprint.Murdock_AnimBlueprint_C:ExecuteUbergraph_Murdock_AnimBlueprint

[2021.01.23-01.54.52:564][198]LogWorld: Bringing World /Game/Maps/UEDPIE_0_Sandbox.Sandbox up for play (max tick rate 0) at 2021.01.22-20.54.52
[2021.01.23-01.54.52:565][198]LogWorld: Bringing up level for play took: 0.002164
[2021.01.23-01.54.52:565][198]LogOnline: OSS: Creating online subsystem instance for: :Context_3
[2021.01.23-01.54.52:601][198]LogContentBrowser: Native class hierarchy updated for 'MovieSceneCapture' in 0.0005 seconds. Added 20 classes and 0 folders.
[2021.01.23-01.54.52:602][198]LogScript: Warning: Script Msg: Divide by zero detected: 0.000000 / 0
Script call stack:
	Function /Game/ParagonMurdock/Characters/Heroes/Murdock/Murdock_AnimBlueprint.Murdock_AnimBlueprint_C:BlueprintUpdateAnimation
	Function /Game/ParagonMurdock/Characters/Heroes/Murdock/Murdock_AnimBlueprint.Murdock_AnimBlueprint_C:ExecuteUbergraph_Murdock_AnimBlueprint

[2021.01.23-01.54.52:606][198]PIE: Server logged in
[2021.01.23-01.54.52:607][198]PIE: Play in editor total start time 0.454 seconds.
[2021.01.23-01.54.57:979][198]LogWindows: Error: === Critical error: ===
[2021.01.23-01.54.57:979][198]LogWindows: Error: 
[2021.01.23-01.54.57:979][198]LogWindows: Error: Fatal error!
[2021.01.23-01.54.57:979][198]LogWindows: Error: 
[2021.01.23-01.54.57:979][198]LogWindows: Error: Unhandled Exception: EXCEPTION_ACCESS_VIOLATION reading address 0x00000140
[2021.01.23-01.54.57:979][198]LogWindows: Error: 
[2021.01.23-01.54.57:979][198]LogWindows: Error: [Callstack] 0x00007ffa3d392937 UE4Editor-Engine.dll!UnknownFunction []
[2021.01.23-01.54.57:979][198]LogWindows: Error: [Callstack] 0x00007ffa29885383 UE4Editor-DroneShooting-8937.dll!AEnemyAIController::Tick() [D:\Documents\GameDesign\ue4-ml.drone.shooting\DroneShooting\Source\DroneShooting\Characters\EnemyAIController.cpp:21]
[2021.01.23-01.54.57:979][198]LogWindows: Error: [Callstack] 0x00007ffa3dc3b148 UE4Editor-Engine.dll!UnknownFunction []
[2021.01.23-01.54.57:979][198]LogWindows: Error: [Callstack] 0x00007ffa3d389f84 UE4Editor-Engine.dll!UnknownFunction []
[2021.01.23-01.54.57:979][198]LogWindows: Error: [Callstack] 0x00007ffa3e44936f UE4Editor-Engine.dll!UnknownFunction []
[2021.01.23-01.54.57:979][198]LogWindows: Error: [Callstack] 0x00007ffa3e44e3c7 UE4Editor-Engine.dll!UnknownFunction []
[2021.01.23-01.54.57:979][198]LogWindows: Error: [Callstack] 0x00007ffa522287d8 UE4Editor-Core.dll!UnknownFunction []
[2021.01.23-01.54.57:979][198]LogWindows: Error: [Callstack] 0x00007ffa52228aa3 UE4Editor-Core.dll!UnknownFunction []
[2021.01.23-01.54.57:979][198]LogWindows: Error: [Callstack] 0x00007ffa5223f027 UE4Editor-Core.dll!UnknownFunction []
[2021.01.23-01.54.57:979][198]LogWindows: Error: [Callstack] 0x00007ffa3e46a402 UE4Editor-Engine.dll!UnknownFunction []
[2021.01.23-01.54.57:979][198]LogWindows: Error: [Callstack] 0x00007ffa3e46f6ca UE4Editor-Engine.dll!UnknownFunction []
[2021.01.23-01.54.57:979][198]LogWindows: Error: [Callstack] 0x00007ffa3dc2d0bf UE4Editor-Engine.dll!UnknownFunction []
[2021.01.23-01.54.57:979][198]LogWindows: Error: [Callstack] 0x00007ffa3dc37957 UE4Editor-Engine.dll!UnknownFunction []
[2021.01.23-01.54.57:979][198]LogWindows: Error: [Callstack] 0x00007ffa3bceaf57 UE4Editor-UnrealEd.dll!UnknownFunction []
[2021.01.23-01.54.57:979][198]LogWindows: Error: [Callstack] 0x00007ffa3c5c37e6 UE4Editor-UnrealEd.dll!UnknownFunction []
[2021.01.23-01.54.57:979][198]LogWindows: Error: [Callstack] 0x00007ff77b367800 UE4Editor.exe!UnknownFunction []
[2021.01.23-01.54.57:979][198]LogWindows: Error: [Callstack] 0x00007ff77b37ba7c UE4Editor.exe!UnknownFunction []
[2021.01.23-01.54.57:979][198]LogWindows: Error: [Callstack] 0x00007ff77b37bb5a UE4Editor.exe!UnknownFunction []
[2021.01.23-01.54.57:979][198]LogWindows: Error: [Callstack] 0x00007ff77b38e31d UE4Editor.exe!UnknownFunction []
[2021.01.23-01.54.57:979][198]LogWindows: Error: [Callstack] 0x00007ff77b39145a UE4Editor.exe!UnknownFunction []
[2021.01.23-01.54.57:979][198]LogWindows: Error: [Callstack] 0x00007ffac53a7034 KERNEL32.DLL!UnknownFunction []
[2021.01.23-01.54.57:979][198]LogWindows: Error: [Callstack] 0x00007ffac54dd0d1 ntdll.dll!UnknownFunction []
[2021.01.23-01.54.57:979][198]LogWindows: Error: 
[2021.01.23-01.54.57:996][198]LogExit: Executing StaticShutdownAfterError
[2021.01.23-01.54.57:999][198]LogWindows: FPlatformMisc::RequestExit(1)
[2021.01.23-01.54.57:999][198]LogCore: Engine exit requested (reason: Win RequestExit)
[2021.01.23-01.54.58:006][198]Log file closed, 01/22/21 20:54:58
